2026-05-30 21:48:11,357 INFO o.a.j.u.JMeterUtils: Setting Locale to en_EN
2026-05-30 21:48:11,383 INFO o.a.j.JMeter: Loading user properties from: /home/studs/s413122/apache-jmeter-5.6.3/bin/user.properties
2026-05-30 21:48:11,383 INFO o.a.j.JMeter: Loading system properties from: /home/studs/s413122/apache-jmeter-5.6.3/bin/system.properties
2026-05-30 21:48:11,384 INFO o.a.j.JMeter: Setting JMeter property: config=2
2026-05-30 21:48:11,384 INFO o.a.j.JMeter: Setting JMeter property: throughput=1500
2026-05-30 21:48:11,384 INFO o.a.j.JMeter: Setting JMeter property: threads=70
2026-05-30 21:48:11,384 INFO o.a.j.JMeter: Setting JMeter property: duration=75
2026-05-30 21:48:11,384 INFO o.a.j.JMeter: Setting JMeter property: rampup=10
2026-05-30 21:48:11,392 INFO o.a.j.JMeter: Copyright (c) 1998-2024 The Apache Software Foundation
2026-05-30 21:48:11,392 INFO o.a.j.JMeter: Version 5.6.3
2026-05-30 21:48:11,392 INFO o.a.j.JMeter: java.version=17.0.12
2026-05-30 21:48:11,392 INFO o.a.j.JMeter: java.vm.name=OpenJDK 64-Bit Server VM
2026-05-30 21:48:11,392 INFO o.a.j.JMeter: os.name=FreeBSD
2026-05-30 21:48:11,392 INFO o.a.j.JMeter: os.arch=amd64
2026-05-30 21:48:11,393 INFO o.a.j.JMeter: os.version=14.4-STABLE
2026-05-30 21:48:11,393 INFO o.a.j.JMeter: file.encoding=UTF-8
2026-05-30 21:48:11,393 INFO o.a.j.JMeter: java.awt.headless=true
2026-05-30 21:48:11,393 INFO o.a.j.JMeter: Max memory     =2147483648
2026-05-30 21:48:11,393 INFO o.a.j.JMeter: Available Processors =16
2026-05-30 21:48:11,404 INFO o.a.j.JMeter: Default Locale=English (EN)
2026-05-30 21:48:11,404 INFO o.a.j.JMeter: JMeter  Locale=English (EN)
2026-05-30 21:48:11,405 INFO o.a.j.JMeter: JMeterHome=/home/studs/s413122/apache-jmeter-5.6.3
2026-05-30 21:48:11,405 INFO o.a.j.JMeter: user.dir  =/home/studs/s413122/lab4
2026-05-30 21:48:11,405 INFO o.a.j.JMeter: PWD       =/home/studs/s413122/lab4
2026-05-30 21:48:11,414 INFO o.a.j.JMeter: IP: 192.168.10.80 Name: helios.cs.ifmo.ru FullName: helios.cs.ifmo.ru
2026-05-30 21:48:11,429 INFO o.a.j.s.FileServer: Default base='/home/studs/s413122/lab4'
2026-05-30 21:48:11,431 INFO o.a.j.s.FileServer: Set new base='/home/studs/s413122/lab4'
2026-05-30 21:48:11,636 INFO o.a.j.s.SaveService: Testplan (JMX) version: 2.2. Testlog (JTL) version: 2.2
2026-05-30 21:48:11,666 INFO o.a.j.s.SaveService: Using SaveService properties version 5.0
2026-05-30 21:48:11,669 INFO o.a.j.s.SaveService: Using SaveService properties file encoding UTF-8
2026-05-30 21:48:11,674 INFO o.a.j.s.SaveService: Loading file: /home/studs/s413122/lab4/load-test.jmx
2026-05-30 21:48:11,740 INFO o.a.j.p.h.s.HTTPSamplerBase: Parser for text/html is org.apache.jmeter.protocol.http.parser.LagartoBasedHtmlParser
2026-05-30 21:48:11,740 INFO o.a.j.p.h.s.HTTPSamplerBase: Parser for application/xhtml+xml is org.apache.jmeter.protocol.http.parser.LagartoBasedHtmlParser
2026-05-30 21:48:11,740 INFO o.a.j.p.h.s.HTTPSamplerBase: Parser for application/xml is org.apache.jmeter.protocol.http.parser.LagartoBasedHtmlParser
2026-05-30 21:48:11,740 INFO o.a.j.p.h.s.HTTPSamplerBase: Parser for text/xml is org.apache.jmeter.protocol.http.parser.LagartoBasedHtmlParser
2026-05-30 21:48:11,741 INFO o.a.j.p.h.s.HTTPSamplerBase: Parser for text/vnd.wap.wml is org.apache.jmeter.protocol.http.parser.RegexpHTMLParser
2026-05-30 21:48:11,741 INFO o.a.j.p.h.s.HTTPSamplerBase: Parser for text/css is org.apache.jmeter.protocol.http.parser.CssParser
2026-05-30 21:48:11,779 INFO o.a.j.JMeter: Creating summariser <summary>
2026-05-30 21:48:11,792 INFO o.a.j.e.StandardJMeterEngine: Running the test!
2026-05-30 21:48:11,792 INFO o.a.j.s.SampleEvent: List of sample_variables: []
2026-05-30 21:48:11,793 INFO o.a.j.s.SampleEvent: List of sample_variables: []
2026-05-30 21:48:11,797 INFO o.a.j.e.u.CompoundVariable: Note: Function class names must contain the string: '.functions.'
2026-05-30 21:48:11,797 INFO o.a.j.e.u.CompoundVariable: Note: Function class names must not contain the string: '.gui.'
2026-05-30 21:48:11,857 INFO o.a.j.r.ClassFinder: Will scan jar /home/studs/s413122/apache-jmeter-5.6.3/lib/ext/jmeter-plugins-cmd-2.3.jar with filter ExtendsClassFilter [parents=[interface org.apache.jmeter.functions.Function], inner=false, contains=null, notContains=null]. Consider exposing JMeter plugins via META-INF/services, and add JMeter-Skip-Class-Scanning=true manifest attribute so JMeter can skip classfile scanning
2026-05-30 21:48:11,861 INFO o.a.j.r.ClassFinder: Will scan jar /home/studs/s413122/apache-jmeter-5.6.3/lib/ext/jmeter-plugins-manager-1.10.jar with filter ExtendsClassFilter [parents=[interface org.apache.jmeter.functions.Function], inner=false, contains=null, notContains=null]. Consider exposing JMeter plugins via META-INF/services, and add JMeter-Skip-Class-Scanning=true manifest attribute so JMeter can skip classfile scanning
2026-05-30 21:48:11,951 INFO o.a.j.r.ClassFinder: Will scan jar /home/studs/s413122/apache-jmeter-5.6.3/lib/ext/jmeter-plugins-cmn-jmeter-0.8.jar with filter ExtendsClassFilter [parents=[interface org.apache.jmeter.functions.Function], inner=false, contains=null, notContains=null]. Consider exposing JMeter plugins via META-INF/services, and add JMeter-Skip-Class-Scanning=true manifest attribute so JMeter can skip classfile scanning
2026-05-30 21:48:11,977 INFO o.a.j.r.ClassFinder: Will scan jar /home/studs/s413122/apache-jmeter-5.6.3/lib/ext/jmeter-plugins-graphs-vs-2.0.jar with filter ExtendsClassFilter [parents=[interface org.apache.jmeter.functions.Function], inner=false, contains=null, notContains=null]. Consider exposing JMeter plugins via META-INF/services, and add JMeter-Skip-Class-Scanning=true manifest attribute so JMeter can skip classfile scanning
2026-05-30 21:48:11,978 INFO o.a.j.r.ClassFinder: Will scan jar /home/studs/s413122/apache-jmeter-5.6.3/lib/ext/jmeter-plugins-graphs-basic-2.0.jar with filter ExtendsClassFilter [parents=[interface org.apache.jmeter.functions.Function], inner=false, contains=null, notContains=null]. Consider exposing JMeter plugins via META-INF/services, and add JMeter-Skip-Class-Scanning=true manifest attribute so JMeter can skip classfile scanning
2026-05-30 21:48:14,049 INFO o.a.j.JMeter: Running test (1780166894049)
2026-05-30 21:48:14,068 INFO o.a.j.e.StandardJMeterEngine: Starting ThreadGroup: 1 : Users
2026-05-30 21:48:14,068 INFO o.a.j.e.StandardJMeterEngine: Starting 70 threads for group Users.
2026-05-30 21:48:14,068 INFO o.a.j.e.StandardJMeterEngine: Thread will continue on error
2026-05-30 21:48:14,068 INFO o.a.j.t.ThreadGroup: Starting thread group... number=1 threads=70 ramp-up=10 delayedStart=false
2026-05-30 21:48:14,075 INFO o.a.j.t.JMeterThread: Thread started: Users 1-1
2026-05-30 21:48:14,106 INFO o.a.j.t.ThreadGroup: Started thread group number 1
2026-05-30 21:48:14,107 INFO o.a.j.e.StandardJMeterEngine: All thread groups have been started
2026-05-30 21:48:14,126 INFO o.a.j.p.h.s.HTTPHCAbstractImpl: Local host = helios.cs.ifmo.ru
2026-05-30 21:48:14,133 INFO o.a.j.p.h.s.HTTPHC4Impl: HTTP request retry count = 0
2026-05-30 21:48:14,134 INFO o.a.j.s.SampleResult: Note: Sample TimeStamps are START times
2026-05-30 21:48:14,134 INFO o.a.j.s.SampleResult: sampleresult.default.encoding is set to UTF-8
2026-05-30 21:48:14,135 INFO o.a.j.s.SampleResult: sampleresult.useNanoTime=true
2026-05-30 21:48:14,135 INFO o.a.j.s.SampleResult: sampleresult.nanoThreadSleep=5000
2026-05-30 21:48:14,213 INFO o.a.j.t.JMeterThread: Thread started: Users 1-2
2026-05-30 21:48:14,357 INFO o.a.j.t.JMeterThread: Thread started: Users 1-3
2026-05-30 21:48:14,499 INFO o.a.j.t.JMeterThread: Thread started: Users 1-4
2026-05-30 21:48:14,642 INFO o.a.j.t.JMeterThread: Thread started: Users 1-5
2026-05-30 21:48:14,784 INFO o.a.j.t.JMeterThread: Thread started: Users 1-6
2026-05-30 21:48:14,927 INFO o.a.j.t.JMeterThread: Thread started: Users 1-7
2026-05-30 21:48:15,070 INFO o.a.j.t.JMeterThread: Thread started: Users 1-8
2026-05-30 21:48:15,213 INFO o.a.j.t.JMeterThread: Thread started: Users 1-9
2026-05-30 21:48:15,356 INFO o.a.j.t.JMeterThread: Thread started: Users 1-10
2026-05-30 21:48:15,499 INFO o.a.j.t.JMeterThread: Thread started: Users 1-11
2026-05-30 21:48:15,642 INFO o.a.j.t.JMeterThread: Thread started: Users 1-12
2026-05-30 21:48:15,785 INFO o.a.j.t.JMeterThread: Thread started: Users 1-13
2026-05-30 21:48:15,929 INFO o.a.j.t.JMeterThread: Thread started: Users 1-14
2026-05-30 21:48:16,071 INFO o.a.j.t.JMeterThread: Thread started: Users 1-15
2026-05-30 21:48:16,214 INFO o.a.j.t.JMeterThread: Thread started: Users 1-16
2026-05-30 21:48:16,357 INFO o.a.j.t.JMeterThread: Thread started: Users 1-17
2026-05-30 21:48:16,499 INFO o.a.j.t.JMeterThread: Thread started: Users 1-18
2026-05-30 21:48:16,643 INFO o.a.j.t.JMeterThread: Thread started: Users 1-19
2026-05-30 21:48:16,786 INFO o.a.j.t.JMeterThread: Thread started: Users 1-20
2026-05-30 21:48:16,929 INFO o.a.j.t.JMeterThread: Thread started: Users 1-21
2026-05-30 21:48:17,072 INFO o.a.j.t.JMeterThread: Thread started: Users 1-22
2026-05-30 21:48:17,215 INFO o.a.j.t.JMeterThread: Thread started: Users 1-23
2026-05-30 21:48:17,358 INFO o.a.j.t.JMeterThread: Thread started: Users 1-24
2026-05-30 21:48:17,501 INFO o.a.j.t.JMeterThread: Thread started: Users 1-25
2026-05-30 21:48:17,643 INFO o.a.j.t.JMeterThread: Thread started: Users 1-26
2026-05-30 21:48:17,787 INFO o.a.j.t.JMeterThread: Thread started: Users 1-27
2026-05-30 21:48:17,930 INFO o.a.j.t.JMeterThread: Thread started: Users 1-28
2026-05-30 21:48:18,072 INFO o.a.j.t.JMeterThread: Thread started: Users 1-29
2026-05-30 21:48:18,216 INFO o.a.j.t.JMeterThread: Thread started: Users 1-30
2026-05-30 21:48:18,358 INFO o.a.j.t.JMeterThread: Thread started: Users 1-31
2026-05-30 21:48:18,502 INFO o.a.j.t.JMeterThread: Thread started: Users 1-32
2026-05-30 21:48:18,645 INFO o.a.j.t.JMeterThread: Thread started: Users 1-33
2026-05-30 21:48:18,787 INFO o.a.j.t.JMeterThread: Thread started: Users 1-34
2026-05-30 21:48:18,931 INFO o.a.j.t.JMeterThread: Thread started: Users 1-35
2026-05-30 21:48:19,073 INFO o.a.j.t.JMeterThread: Thread started: Users 1-36
2026-05-30 21:48:19,217 INFO o.a.j.t.JMeterThread: Thread started: Users 1-37
2026-05-30 21:48:19,359 INFO o.a.j.t.JMeterThread: Thread started: Users 1-38
2026-05-30 21:48:19,503 INFO o.a.j.t.JMeterThread: Thread started: Users 1-39
2026-05-30 21:48:19,646 INFO o.a.j.t.JMeterThread: Thread started: Users 1-40
2026-05-30 21:48:19,788 INFO o.a.j.t.JMeterThread: Thread started: Users 1-41
2026-05-30 21:48:19,932 INFO o.a.j.t.JMeterThread: Thread started: Users 1-42
2026-05-30 21:48:20,075 INFO o.a.j.t.JMeterThread: Thread started: Users 1-43
2026-05-30 21:48:20,218 INFO o.a.j.t.JMeterThread: Thread started: Users 1-44
2026-05-30 21:48:20,361 INFO o.a.j.t.JMeterThread: Thread started: Users 1-45
2026-05-30 21:48:20,504 INFO o.a.j.t.JMeterThread: Thread started: Users 1-46
2026-05-30 21:48:20,647 INFO o.a.j.t.JMeterThread: Thread started: Users 1-47
2026-05-30 21:48:20,790 INFO o.a.j.t.JMeterThread: Thread started: Users 1-48
2026-05-30 21:48:20,932 INFO o.a.j.t.JMeterThread: Thread started: Users 1-49
2026-05-30 21:48:21,076 INFO o.a.j.t.JMeterThread: Thread started: Users 1-50
2026-05-30 21:48:21,219 INFO o.a.j.t.JMeterThread: Thread started: Users 1-51
2026-05-30 21:48:21,361 INFO o.a.j.t.JMeterThread: Thread started: Users 1-52
2026-05-30 21:48:21,505 INFO o.a.j.t.JMeterThread: Thread started: Users 1-53
2026-05-30 21:48:21,647 INFO o.a.j.t.JMeterThread: Thread started: Users 1-54
2026-05-30 21:48:21,790 INFO o.a.j.t.JMeterThread: Thread started: Users 1-55
2026-05-30 21:48:21,934 INFO o.a.j.t.JMeterThread: Thread started: Users 1-56
2026-05-30 21:48:22,076 INFO o.a.j.t.JMeterThread: Thread started: Users 1-57
2026-05-30 21:48:22,220 INFO o.a.j.t.JMeterThread: Thread started: Users 1-58
2026-05-30 21:48:22,363 INFO o.a.j.t.JMeterThread: Thread started: Users 1-59
2026-05-30 21:48:22,505 INFO o.a.j.t.JMeterThread: Thread started: Users 1-60
2026-05-30 21:48:22,649 INFO o.a.j.t.JMeterThread: Thread started: Users 1-61
2026-05-30 21:48:22,791 INFO o.a.j.t.JMeterThread: Thread started: Users 1-62
2026-05-30 21:48:22,935 INFO o.a.j.t.JMeterThread: Thread started: Users 1-63
2026-05-30 21:48:23,078 INFO o.a.j.t.JMeterThread: Thread started: Users 1-64
2026-05-30 21:48:23,221 INFO o.a.j.t.JMeterThread: Thread started: Users 1-65
2026-05-30 21:48:23,364 INFO o.a.j.t.JMeterThread: Thread started: Users 1-66
2026-05-30 21:48:23,506 INFO o.a.j.t.JMeterThread: Thread started: Users 1-67
2026-05-30 21:48:23,650 INFO o.a.j.t.JMeterThread: Thread started: Users 1-68
2026-05-30 21:48:23,792 INFO o.a.j.t.JMeterThread: Thread started: Users 1-69
2026-05-30 21:48:23,935 INFO o.a.j.t.JMeterThread: Thread started: Users 1-70
2026-05-30 21:48:30,095 INFO o.a.j.r.Summariser: summary +    376 in 00:00:16 =   23.4/s Avg:  1003 Min:   705 Max:  1436 Err:     0 (0.00%) Active: 70 Started: 70 Finished: 0
2026-05-30 21:49:00,030 INFO o.a.j.r.Summariser: summary +    750 in 00:00:30 =   25.1/s Avg:  1153 Min:  1126 Max:  1350 Err:     0 (0.00%) Active: 70 Started: 70 Finished: 0
2026-05-30 21:49:00,030 INFO o.a.j.r.Summariser: summary =   1126 in 00:00:46 =   24.5/s Avg:  1103 Min:   705 Max:  1436 Err:     0 (0.00%)
2026-05-30 21:49:27,472 INFO o.a.j.t.JMeterThread: Thread finished: Users 1-15
2026-05-30 21:49:27,513 INFO o.a.j.t.JMeterThread: Thread finished: Users 1-42
2026-05-30 21:49:27,552 INFO o.a.j.t.JMeterThread: Thread finished: Users 1-56
2026-05-30 21:49:27,593 INFO o.a.j.t.JMeterThread: Thread finished: Users 1-26
2026-05-30 21:49:27,631 INFO o.a.j.t.JMeterThread: Thread finished: Users 1-21
2026-05-30 21:49:27,671 INFO o.a.j.t.JMeterThread: Thread finished: Users 1-32
2026-05-30 21:49:27,712 INFO o.a.j.t.JMeterThread: Thread finished: Users 1-57
2026-05-30 21:49:27,751 INFO o.a.j.t.JMeterThread: Thread finished: Users 1-6
2026-05-30 21:49:27,791 INFO o.a.j.t.JMeterThread: Thread finished: Users 1-43
2026-05-30 21:49:27,831 INFO o.a.j.t.JMeterThread: Thread finished: Users 1-11
2026-05-30 21:49:27,872 INFO o.a.j.t.JMeterThread: Thread finished: Users 1-58
2026-05-30 21:49:27,913 INFO o.a.j.t.JMeterThread: Thread finished: Users 1-33
2026-05-30 21:49:27,951 INFO o.a.j.t.JMeterThread: Thread finished: Users 1-16
2026-05-30 21:49:27,992 INFO o.a.j.t.JMeterThread: Thread finished: Users 1-59
2026-05-30 21:49:28,032 INFO o.a.j.t.JMeterThread: Thread finished: Users 1-44
2026-05-30 21:49:28,073 INFO o.a.j.t.JMeterThread: Thread finished: Users 1-27
2026-05-30 21:49:28,111 INFO o.a.j.t.JMeterThread: Thread finished: Users 1-22
2026-05-30 21:49:28,151 INFO o.a.j.t.JMeterThread: Thread finished: Users 1-60
2026-05-30 21:49:28,193 INFO o.a.j.t.JMeterThread: Thread finished: Users 1-45
2026-05-30 21:49:28,232 INFO o.a.j.t.JMeterThread: Thread finished: Users 1-34
2026-05-30 21:49:28,271 INFO o.a.j.t.JMeterThread: Thread finished: Users 1-12
2026-05-30 21:49:28,312 INFO o.a.j.t.JMeterThread: Thread finished: Users 1-61
2026-05-30 21:49:28,356 INFO o.a.j.t.JMeterThread: Thread finished: Users 1-7
2026-05-30 21:49:28,391 INFO o.a.j.t.JMeterThread: Thread finished: Users 1-46
2026-05-30 21:49:28,433 INFO o.a.j.t.JMeterThread: Thread finished: Users 1-62
2026-05-30 21:49:28,472 INFO o.a.j.t.JMeterThread: Thread finished: Users 1-17
2026-05-30 21:49:28,513 INFO o.a.j.t.JMeterThread: Thread finished: Users 1-1
2026-05-30 21:49:28,551 INFO o.a.j.t.JMeterThread: Thread finished: Users 1-63
2026-05-30 21:49:28,591 INFO o.a.j.t.JMeterThread: Thread finished: Users 1-35
2026-05-30 21:49:28,633 INFO o.a.j.t.JMeterThread: Thread finished: Users 1-47
2026-05-30 21:49:28,676 INFO o.a.j.t.JMeterThread: Thread finished: Users 1-36
2026-05-30 21:49:28,707 INFO o.a.j.t.JMeterThread: Thread finished: Users 1-2
2026-05-30 21:49:28,751 INFO o.a.j.t.JMeterThread: Thread finished: Users 1-28
2026-05-30 21:49:28,793 INFO o.a.j.t.JMeterThread: Thread finished: Users 1-23
2026-05-30 21:49:28,829 INFO o.a.j.t.JMeterThread: Thread finished: Users 1-48
2026-05-30 21:49:28,868 INFO o.a.j.t.JMeterThread: Thread finished: Users 1-64
2026-05-30 21:49:28,907 INFO o.a.j.t.JMeterThread: Thread finished: Users 1-65
2026-05-30 21:49:28,953 INFO o.a.j.t.JMeterThread: Thread finished: Users 1-8
2026-05-30 21:49:28,991 INFO o.a.j.t.JMeterThread: Thread finished: Users 1-3
2026-05-30 21:49:29,031 INFO o.a.j.t.JMeterThread: Thread finished: Users 1-49
2026-05-30 21:49:29,072 INFO o.a.j.t.JMeterThread: Thread finished: Users 1-66
2026-05-30 21:49:29,113 INFO o.a.j.t.JMeterThread: Stopping because end time detected by thread: Users 1-18
2026-05-30 21:49:29,113 INFO o.a.j.t.JMeterThread: Thread finished: Users 1-18
2026-05-30 21:49:29,149 INFO o.a.j.t.JMeterThread: Stopping because end time detected by thread: Users 1-37
2026-05-30 21:49:29,149 INFO o.a.j.t.JMeterThread: Thread finished: Users 1-37
2026-05-30 21:49:29,193 INFO o.a.j.t.JMeterThread: Stopping because end time detected by thread: Users 1-50
2026-05-30 21:49:29,193 INFO o.a.j.t.JMeterThread: Thread finished: Users 1-50
2026-05-30 21:49:29,233 INFO o.a.j.t.JMeterThread: Stopping because end time detected by thread: Users 1-13
2026-05-30 21:49:29,233 INFO o.a.j.t.JMeterThread: Thread finished: Users 1-13
2026-05-30 21:49:29,272 INFO o.a.j.t.JMeterThread: Stopping because end time detected by thread: Users 1-67
2026-05-30 21:49:29,272 INFO o.a.j.t.JMeterThread: Thread finished: Users 1-67
2026-05-30 21:49:29,312 INFO o.a.j.t.JMeterThread: Stopping because end time detected by thread: Users 1-24
2026-05-30 21:49:29,312 INFO o.a.j.t.JMeterThread: Thread finished: Users 1-24
2026-05-30 21:49:29,351 INFO o.a.j.t.JMeterThread: Stopping because end time detected by thread: Users 1-29
2026-05-30 21:49:29,352 INFO o.a.j.t.JMeterThread: Thread finished: Users 1-29
2026-05-30 21:49:29,392 INFO o.a.j.t.JMeterThread: Stopping because end time detected by thread: Users 1-38
2026-05-30 21:49:29,392 INFO o.a.j.t.JMeterThread: Thread finished: Users 1-38
2026-05-30 21:49:29,432 INFO o.a.j.t.JMeterThread: Stopping because end time detected by thread: Users 1-68
2026-05-30 21:49:29,432 INFO o.a.j.t.JMeterThread: Thread finished: Users 1-68
2026-05-30 21:49:29,471 INFO o.a.j.t.JMeterThread: Stopping because end time detected by thread: Users 1-51
2026-05-30 21:49:29,471 INFO o.a.j.t.JMeterThread: Thread finished: Users 1-51
2026-05-30 21:49:29,512 INFO o.a.j.t.JMeterThread: Stopping because end time detected by thread: Users 1-4
2026-05-30 21:49:29,512 INFO o.a.j.t.JMeterThread: Thread finished: Users 1-4
2026-05-30 21:49:29,550 INFO o.a.j.t.JMeterThread: Stopping because end time detected by thread: Users 1-69
2026-05-30 21:49:29,550 INFO o.a.j.t.JMeterThread: Thread finished: Users 1-69
2026-05-30 21:49:29,591 INFO o.a.j.t.JMeterThread: Stopping because end time detected by thread: Users 1-19
2026-05-30 21:49:29,591 INFO o.a.j.t.JMeterThread: Thread finished: Users 1-19
2026-05-30 21:49:29,631 INFO o.a.j.t.JMeterThread: Stopping because end time detected by thread: Users 1-52
2026-05-30 21:49:29,632 INFO o.a.j.t.JMeterThread: Thread finished: Users 1-52
2026-05-30 21:49:29,671 INFO o.a.j.t.JMeterThread: Stopping because end time detected by thread: Users 1-39
2026-05-30 21:49:29,671 INFO o.a.j.t.JMeterThread: Thread finished: Users 1-39
2026-05-30 21:49:29,712 INFO o.a.j.t.JMeterThread: Stopping because end time detected by thread: Users 1-9
2026-05-30 21:49:29,712 INFO o.a.j.t.JMeterThread: Thread finished: Users 1-9
2026-05-30 21:49:29,752 INFO o.a.j.t.JMeterThread: Stopping because end time detected by thread: Users 1-70
2026-05-30 21:49:29,752 INFO o.a.j.t.JMeterThread: Thread finished: Users 1-70
2026-05-30 21:49:29,793 INFO o.a.j.t.JMeterThread: Stopping because end time detected by thread: Users 1-30
2026-05-30 21:49:29,793 INFO o.a.j.t.JMeterThread: Thread finished: Users 1-30
2026-05-30 21:49:29,833 INFO o.a.j.t.JMeterThread: Stopping because end time detected by thread: Users 1-14
2026-05-30 21:49:29,833 INFO o.a.j.t.JMeterThread: Thread finished: Users 1-14
2026-05-30 21:49:29,871 INFO o.a.j.t.JMeterThread: Stopping because end time detected by thread: Users 1-53
2026-05-30 21:49:29,871 INFO o.a.j.t.JMeterThread: Thread finished: Users 1-53
2026-05-30 21:49:29,908 INFO o.a.j.t.JMeterThread: Stopping because end time detected by thread: Users 1-40
2026-05-30 21:49:29,908 INFO o.a.j.t.JMeterThread: Thread finished: Users 1-40
2026-05-30 21:49:29,951 INFO o.a.j.t.JMeterThread: Stopping because end time detected by thread: Users 1-25
2026-05-30 21:49:29,951 INFO o.a.j.t.JMeterThread: Thread finished: Users 1-25
2026-05-30 21:49:29,989 INFO o.a.j.t.JMeterThread: Stopping because end time detected by thread: Users 1-20
2026-05-30 21:49:29,989 INFO o.a.j.t.JMeterThread: Thread finished: Users 1-20
2026-05-30 21:49:30,032 INFO o.a.j.r.Summariser: summary +    750 in 00:00:30 =   25.0/s Avg:  1150 Min:  1148 Max:  1157 Err:     0 (0.00%) Active: 6 Started: 70 Finished: 64
2026-05-30 21:49:30,032 INFO o.a.j.r.Summariser: summary =   1876 in 00:01:16 =   24.7/s Avg:  1122 Min:   705 Max:  1436 Err:     0 (0.00%)
2026-05-30 21:49:30,032 INFO o.a.j.t.JMeterThread: Stopping because end time detected by thread: Users 1-5
2026-05-30 21:49:30,032 INFO o.a.j.t.JMeterThread: Thread finished: Users 1-5
2026-05-30 21:49:30,072 INFO o.a.j.t.JMeterThread: Stopping because end time detected by thread: Users 1-54
2026-05-30 21:49:30,072 INFO o.a.j.t.JMeterThread: Thread finished: Users 1-54
2026-05-30 21:49:30,111 INFO o.a.j.t.JMeterThread: Stopping because end time detected by thread: Users 1-31
2026-05-30 21:49:30,112 INFO o.a.j.t.JMeterThread: Thread finished: Users 1-31
2026-05-30 21:49:30,148 INFO o.a.j.t.JMeterThread: Stopping because end time detected by thread: Users 1-55
2026-05-30 21:49:30,148 INFO o.a.j.t.JMeterThread: Thread finished: Users 1-55
2026-05-30 21:49:30,191 INFO o.a.j.t.JMeterThread: Stopping because end time detected by thread: Users 1-10
2026-05-30 21:49:30,191 INFO o.a.j.t.JMeterThread: Thread finished: Users 1-10
2026-05-30 21:49:30,231 INFO o.a.j.t.JMeterThread: Stopping because end time detected by thread: Users 1-41
2026-05-30 21:49:30,231 INFO o.a.j.t.JMeterThread: Thread finished: Users 1-41
2026-05-30 21:49:30,232 INFO o.a.j.e.StandardJMeterEngine: Notifying test listeners of end of test
2026-05-30 21:49:30,233 INFO o.a.j.r.Summariser: summary +      5 in 00:00:00 =   24.9/s Avg:  1151 Min:  1148 Max:  1153 Err:     0 (0.00%) Active: 0 Started: 70 Finished: 70
2026-05-30 21:49:30,233 INFO o.a.j.r.Summariser: summary =   1881 in 00:01:16 =   24.7/s Avg:  1122 Min:   705 Max:  1436 Err:     0 (0.00%)
