2026-05-30 21:40:22,578 INFO o.a.j.u.JMeterUtils: Setting Locale to en_EN
2026-05-30 21:40:22,601 INFO o.a.j.JMeter: Loading user properties from: /home/studs/s413122/apache-jmeter-5.6.3/bin/user.properties
2026-05-30 21:40:22,601 INFO o.a.j.JMeter: Loading system properties from: /home/studs/s413122/apache-jmeter-5.6.3/bin/system.properties
2026-05-30 21:40:22,602 INFO o.a.j.JMeter: Setting JMeter property: config=2
2026-05-30 21:40:22,602 INFO o.a.j.JMeter: Setting JMeter property: throughput=700
2026-05-30 21:40:22,602 INFO o.a.j.JMeter: Setting JMeter property: threads=30
2026-05-30 21:40:22,602 INFO o.a.j.JMeter: Setting JMeter property: duration=75
2026-05-30 21:40:22,602 INFO o.a.j.JMeter: Setting JMeter property: rampup=10
2026-05-30 21:40:22,609 INFO o.a.j.JMeter: Copyright (c) 1998-2024 The Apache Software Foundation
2026-05-30 21:40:22,609 INFO o.a.j.JMeter: Version 5.6.3
2026-05-30 21:40:22,609 INFO o.a.j.JMeter: java.version=17.0.12
2026-05-30 21:40:22,609 INFO o.a.j.JMeter: java.vm.name=OpenJDK 64-Bit Server VM
2026-05-30 21:40:22,610 INFO o.a.j.JMeter: os.name=FreeBSD
2026-05-30 21:40:22,610 INFO o.a.j.JMeter: os.arch=amd64
2026-05-30 21:40:22,610 INFO o.a.j.JMeter: os.version=14.4-STABLE
2026-05-30 21:40:22,610 INFO o.a.j.JMeter: file.encoding=UTF-8
2026-05-30 21:40:22,610 INFO o.a.j.JMeter: java.awt.headless=true
2026-05-30 21:40:22,610 INFO o.a.j.JMeter: Max memory     =2147483648
2026-05-30 21:40:22,610 INFO o.a.j.JMeter: Available Processors =16
2026-05-30 21:40:22,620 INFO o.a.j.JMeter: Default Locale=English (EN)
2026-05-30 21:40:22,621 INFO o.a.j.JMeter: JMeter  Locale=English (EN)
2026-05-30 21:40:22,621 INFO o.a.j.JMeter: JMeterHome=/home/studs/s413122/apache-jmeter-5.6.3
2026-05-30 21:40:22,621 INFO o.a.j.JMeter: user.dir  =/home/studs/s413122/lab4
2026-05-30 21:40:22,621 INFO o.a.j.JMeter: PWD       =/home/studs/s413122/lab4
2026-05-30 21:40:22,629 INFO o.a.j.JMeter: IP: 192.168.10.80 Name: helios.cs.ifmo.ru FullName: helios.cs.ifmo.ru
2026-05-30 21:40:22,644 INFO o.a.j.s.FileServer: Default base='/home/studs/s413122/lab4'
2026-05-30 21:40:22,646 INFO o.a.j.s.FileServer: Set new base='/home/studs/s413122/lab4'
2026-05-30 21:40:22,842 INFO o.a.j.s.SaveService: Testplan (JMX) version: 2.2. Testlog (JTL) version: 2.2
2026-05-30 21:40:22,870 INFO o.a.j.s.SaveService: Using SaveService properties version 5.0
2026-05-30 21:40:22,873 INFO o.a.j.s.SaveService: Using SaveService properties file encoding UTF-8
2026-05-30 21:40:22,877 INFO o.a.j.s.SaveService: Loading file: /home/studs/s413122/lab4/load-test.jmx
2026-05-30 21:40:22,939 INFO o.a.j.p.h.s.HTTPSamplerBase: Parser for text/html is org.apache.jmeter.protocol.http.parser.LagartoBasedHtmlParser
2026-05-30 21:40:22,939 INFO o.a.j.p.h.s.HTTPSamplerBase: Parser for application/xhtml+xml is org.apache.jmeter.protocol.http.parser.LagartoBasedHtmlParser
2026-05-30 21:40:22,939 INFO o.a.j.p.h.s.HTTPSamplerBase: Parser for application/xml is org.apache.jmeter.protocol.http.parser.LagartoBasedHtmlParser
2026-05-30 21:40:22,939 INFO o.a.j.p.h.s.HTTPSamplerBase: Parser for text/xml is org.apache.jmeter.protocol.http.parser.LagartoBasedHtmlParser
2026-05-30 21:40:22,940 INFO o.a.j.p.h.s.HTTPSamplerBase: Parser for text/vnd.wap.wml is org.apache.jmeter.protocol.http.parser.RegexpHTMLParser
2026-05-30 21:40:22,940 INFO o.a.j.p.h.s.HTTPSamplerBase: Parser for text/css is org.apache.jmeter.protocol.http.parser.CssParser
2026-05-30 21:40:22,978 INFO o.a.j.JMeter: Creating summariser <summary>
2026-05-30 21:40:22,991 INFO o.a.j.e.StandardJMeterEngine: Running the test!
2026-05-30 21:40:22,992 INFO o.a.j.s.SampleEvent: List of sample_variables: []
2026-05-30 21:40:22,992 INFO o.a.j.s.SampleEvent: List of sample_variables: []
2026-05-30 21:40:22,997 INFO o.a.j.e.u.CompoundVariable: Note: Function class names must contain the string: '.functions.'
2026-05-30 21:40:22,997 INFO o.a.j.e.u.CompoundVariable: Note: Function class names must not contain the string: '.gui.'
2026-05-30 21:40:23,058 INFO o.a.j.r.ClassFinder: Will scan jar /home/studs/s413122/apache-jmeter-5.6.3/lib/ext/jmeter-plugins-cmd-2.3.jar with filter ExtendsClassFilter [parents=[interface org.apache.jmeter.functions.Function], inner=false, contains=null, notContains=null]. Consider exposing JMeter plugins via META-INF/services, and add JMeter-Skip-Class-Scanning=true manifest attribute so JMeter can skip classfile scanning
2026-05-30 21:40:23,062 INFO o.a.j.r.ClassFinder: Will scan jar /home/studs/s413122/apache-jmeter-5.6.3/lib/ext/jmeter-plugins-manager-1.10.jar with filter ExtendsClassFilter [parents=[interface org.apache.jmeter.functions.Function], inner=false, contains=null, notContains=null]. Consider exposing JMeter plugins via META-INF/services, and add JMeter-Skip-Class-Scanning=true manifest attribute so JMeter can skip classfile scanning
2026-05-30 21:40:23,153 INFO o.a.j.r.ClassFinder: Will scan jar /home/studs/s413122/apache-jmeter-5.6.3/lib/ext/jmeter-plugins-cmn-jmeter-0.8.jar with filter ExtendsClassFilter [parents=[interface org.apache.jmeter.functions.Function], inner=false, contains=null, notContains=null]. Consider exposing JMeter plugins via META-INF/services, and add JMeter-Skip-Class-Scanning=true manifest attribute so JMeter can skip classfile scanning
2026-05-30 21:40:23,179 INFO o.a.j.r.ClassFinder: Will scan jar /home/studs/s413122/apache-jmeter-5.6.3/lib/ext/jmeter-plugins-graphs-vs-2.0.jar with filter ExtendsClassFilter [parents=[interface org.apache.jmeter.functions.Function], inner=false, contains=null, notContains=null]. Consider exposing JMeter plugins via META-INF/services, and add JMeter-Skip-Class-Scanning=true manifest attribute so JMeter can skip classfile scanning
2026-05-30 21:40:23,180 INFO o.a.j.r.ClassFinder: Will scan jar /home/studs/s413122/apache-jmeter-5.6.3/lib/ext/jmeter-plugins-graphs-basic-2.0.jar with filter ExtendsClassFilter [parents=[interface org.apache.jmeter.functions.Function], inner=false, contains=null, notContains=null]. Consider exposing JMeter plugins via META-INF/services, and add JMeter-Skip-Class-Scanning=true manifest attribute so JMeter can skip classfile scanning
2026-05-30 21:40:23,198 INFO o.a.j.JMeter: Running test (1780166423198)
2026-05-30 21:40:23,216 INFO o.a.j.e.StandardJMeterEngine: Starting ThreadGroup: 1 : Users
2026-05-30 21:40:23,216 INFO o.a.j.e.StandardJMeterEngine: Starting 30 threads for group Users.
2026-05-30 21:40:23,217 INFO o.a.j.e.StandardJMeterEngine: Thread will continue on error
2026-05-30 21:40:23,217 INFO o.a.j.t.ThreadGroup: Starting thread group... number=1 threads=30 ramp-up=10 delayedStart=false
2026-05-30 21:40:23,224 INFO o.a.j.t.JMeterThread: Thread started: Users 1-1
2026-05-30 21:40:23,241 INFO o.a.j.t.ThreadGroup: Started thread group number 1
2026-05-30 21:40:23,241 INFO o.a.j.e.StandardJMeterEngine: All thread groups have been started
2026-05-30 21:40:23,271 INFO o.a.j.p.h.s.HTTPHCAbstractImpl: Local host = helios.cs.ifmo.ru
2026-05-30 21:40:23,278 INFO o.a.j.p.h.s.HTTPHC4Impl: HTTP request retry count = 0
2026-05-30 21:40:23,279 INFO o.a.j.s.SampleResult: Note: Sample TimeStamps are START times
2026-05-30 21:40:23,279 INFO o.a.j.s.SampleResult: sampleresult.default.encoding is set to UTF-8
2026-05-30 21:40:23,279 INFO o.a.j.s.SampleResult: sampleresult.useNanoTime=true
2026-05-30 21:40:23,279 INFO o.a.j.s.SampleResult: sampleresult.nanoThreadSleep=5000
2026-05-30 21:40:23,553 INFO o.a.j.t.JMeterThread: Thread started: Users 1-2
2026-05-30 21:40:23,885 INFO o.a.j.t.JMeterThread: Thread started: Users 1-3
2026-05-30 21:40:26,059 INFO o.a.j.t.JMeterThread: Thread started: Users 1-9
2026-05-30 21:40:26,059 INFO o.a.j.t.JMeterThread: Thread started: Users 1-8
2026-05-30 21:40:26,059 INFO o.a.j.t.JMeterThread: Thread started: Users 1-6
2026-05-30 21:40:26,059 INFO o.a.j.t.JMeterThread: Thread started: Users 1-4
2026-05-30 21:40:26,059 INFO o.a.j.t.JMeterThread: Thread started: Users 1-7
2026-05-30 21:40:26,059 INFO o.a.j.t.JMeterThread: Thread started: Users 1-5
2026-05-30 21:40:26,215 INFO o.a.j.t.JMeterThread: Thread started: Users 1-10
2026-05-30 21:40:26,548 INFO o.a.j.t.JMeterThread: Thread started: Users 1-11
2026-05-30 21:40:26,881 INFO o.a.j.t.JMeterThread: Thread started: Users 1-12
2026-05-30 21:40:27,214 INFO o.a.j.t.JMeterThread: Thread started: Users 1-13
2026-05-30 21:40:27,549 INFO o.a.j.t.JMeterThread: Thread started: Users 1-14
2026-05-30 21:40:27,880 INFO o.a.j.t.JMeterThread: Thread started: Users 1-15
2026-05-30 21:40:28,213 INFO o.a.j.t.JMeterThread: Thread started: Users 1-16
2026-05-30 21:40:28,545 INFO o.a.j.t.JMeterThread: Thread started: Users 1-17
2026-05-30 21:40:28,879 INFO o.a.j.t.JMeterThread: Thread started: Users 1-18
2026-05-30 21:40:29,211 INFO o.a.j.t.JMeterThread: Thread started: Users 1-19
2026-05-30 21:40:29,545 INFO o.a.j.t.JMeterThread: Thread started: Users 1-20
2026-05-30 21:40:29,877 INFO o.a.j.t.JMeterThread: Thread started: Users 1-21
2026-05-30 21:40:30,122 INFO o.a.j.r.Summariser: summary +     53 in 00:00:07 =    7.7/s Avg:   823 Min:   709 Max:  2727 Err:     0 (0.00%) Active: 21 Started: 21 Finished: 0
2026-05-30 21:40:30,211 INFO o.a.j.t.JMeterThread: Thread started: Users 1-22
2026-05-30 21:40:30,543 INFO o.a.j.t.JMeterThread: Thread started: Users 1-23
2026-05-30 21:40:30,877 INFO o.a.j.t.JMeterThread: Thread started: Users 1-24
2026-05-30 21:40:31,210 INFO o.a.j.t.JMeterThread: Thread started: Users 1-25
2026-05-30 21:40:31,543 INFO o.a.j.t.JMeterThread: Thread started: Users 1-26
2026-05-30 21:40:31,876 INFO o.a.j.t.JMeterThread: Thread started: Users 1-27
2026-05-30 21:40:32,209 INFO o.a.j.t.JMeterThread: Thread started: Users 1-28
2026-05-30 21:40:32,542 INFO o.a.j.t.JMeterThread: Thread started: Users 1-29
2026-05-30 21:40:32,875 INFO o.a.j.t.JMeterThread: Thread started: Users 1-30
2026-05-30 21:41:00,031 INFO o.a.j.r.Summariser: summary +    346 in 00:00:30 =   11.6/s Avg:   814 Min:   746 Max:   837 Err:     0 (0.00%) Active: 30 Started: 30 Finished: 0
2026-05-30 21:41:00,031 INFO o.a.j.r.Summariser: summary =    399 in 00:00:37 =   10.8/s Avg:   815 Min:   709 Max:  2727 Err:     0 (0.00%)
2026-05-30 21:41:30,044 INFO o.a.j.r.Summariser: summary +    349 in 00:00:30 =   11.6/s Avg:   822 Min:   822 Max:   830 Err:     0 (0.00%) Active: 30 Started: 30 Finished: 0
2026-05-30 21:41:30,045 INFO o.a.j.r.Summariser: summary =    748 in 00:01:07 =   11.2/s Avg:   818 Min:   709 Max:  2727 Err:     0 (0.00%)
2026-05-30 21:41:36,493 INFO o.a.j.t.JMeterThread: Thread finished: Users 1-7
2026-05-30 21:41:36,581 INFO o.a.j.t.JMeterThread: Thread finished: Users 1-5
2026-05-30 21:41:36,665 INFO o.a.j.t.JMeterThread: Thread finished: Users 1-9
2026-05-30 21:41:36,752 INFO o.a.j.t.JMeterThread: Thread finished: Users 1-25
2026-05-30 21:41:36,838 INFO o.a.j.t.JMeterThread: Thread finished: Users 1-19
2026-05-30 21:41:36,923 INFO o.a.j.t.JMeterThread: Thread finished: Users 1-4
2026-05-30 21:41:37,010 INFO o.a.j.t.JMeterThread: Thread finished: Users 1-15
2026-05-30 21:41:37,096 INFO o.a.j.t.JMeterThread: Thread finished: Users 1-26
2026-05-30 21:41:37,186 INFO o.a.j.t.JMeterThread: Thread finished: Users 1-2
2026-05-30 21:41:37,268 INFO o.a.j.t.JMeterThread: Thread finished: Users 1-20
2026-05-30 21:41:37,354 INFO o.a.j.t.JMeterThread: Thread finished: Users 1-12
2026-05-30 21:41:37,439 INFO o.a.j.t.JMeterThread: Thread finished: Users 1-27
2026-05-30 21:41:37,526 INFO o.a.j.t.JMeterThread: Thread finished: Users 1-1
2026-05-30 21:41:37,612 INFO o.a.j.t.JMeterThread: Thread finished: Users 1-21
2026-05-30 21:41:37,698 INFO o.a.j.t.JMeterThread: Thread finished: Users 1-16
2026-05-30 21:41:37,786 INFO o.a.j.t.JMeterThread: Thread finished: Users 1-3
2026-05-30 21:41:37,870 INFO o.a.j.t.JMeterThread: Thread finished: Users 1-28
2026-05-30 21:41:37,957 INFO o.a.j.t.JMeterThread: Thread finished: Users 1-10
2026-05-30 21:41:38,042 INFO o.a.j.t.JMeterThread: Thread finished: Users 1-22
2026-05-30 21:41:38,128 INFO o.a.j.t.JMeterThread: Thread finished: Users 1-13
2026-05-30 21:41:38,214 INFO o.a.j.t.JMeterThread: Thread finished: Users 1-29
2026-05-30 21:41:38,300 INFO o.a.j.t.JMeterThread: Stopping because end time detected by thread: Users 1-17
2026-05-30 21:41:38,300 INFO o.a.j.t.JMeterThread: Thread finished: Users 1-17
2026-05-30 21:41:38,386 INFO o.a.j.t.JMeterThread: Stopping because end time detected by thread: Users 1-11
2026-05-30 21:41:38,386 INFO o.a.j.t.JMeterThread: Thread finished: Users 1-11
2026-05-30 21:41:38,473 INFO o.a.j.t.JMeterThread: Stopping because end time detected by thread: Users 1-8
2026-05-30 21:41:38,473 INFO o.a.j.t.JMeterThread: Thread finished: Users 1-8
2026-05-30 21:41:38,557 INFO o.a.j.t.JMeterThread: Stopping because end time detected by thread: Users 1-30
2026-05-30 21:41:38,557 INFO o.a.j.t.JMeterThread: Thread finished: Users 1-30
2026-05-30 21:41:38,644 INFO o.a.j.t.JMeterThread: Stopping because end time detected by thread: Users 1-23
2026-05-30 21:41:38,644 INFO o.a.j.t.JMeterThread: Thread finished: Users 1-23
2026-05-30 21:41:38,730 INFO o.a.j.t.JMeterThread: Stopping because end time detected by thread: Users 1-6
2026-05-30 21:41:38,730 INFO o.a.j.t.JMeterThread: Thread finished: Users 1-6
2026-05-30 21:41:38,815 INFO o.a.j.t.JMeterThread: Stopping because end time detected by thread: Users 1-18
2026-05-30 21:41:38,816 INFO o.a.j.t.JMeterThread: Thread finished: Users 1-18
2026-05-30 21:41:38,903 INFO o.a.j.t.JMeterThread: Stopping because end time detected by thread: Users 1-14
2026-05-30 21:41:38,903 INFO o.a.j.t.JMeterThread: Thread finished: Users 1-14
2026-05-30 21:41:38,988 INFO o.a.j.t.JMeterThread: Stopping because end time detected by thread: Users 1-24
2026-05-30 21:41:38,988 INFO o.a.j.t.JMeterThread: Thread finished: Users 1-24
2026-05-30 21:41:38,988 INFO o.a.j.e.StandardJMeterEngine: Notifying test listeners of end of test
2026-05-30 21:41:38,989 INFO o.a.j.r.Summariser: summary +    104 in 00:00:09 =   11.6/s Avg:   822 Min:   822 Max:   827 Err:     0 (0.00%) Active: 0 Started: 30 Finished: 30
2026-05-30 21:41:38,989 INFO o.a.j.r.Summariser: summary =    852 in 00:01:16 =   11.2/s Avg:   819 Min:   709 Max:  2727 Err:     0 (0.00%)
