2026-05-30 21:16:55,855 INFO o.a.j.u.JMeterUtils: Setting Locale to en_EN
2026-05-30 21:16:55,878 INFO o.a.j.JMeter: Loading user properties from: /home/studs/s413122/apache-jmeter-5.6.3/bin/user.properties
2026-05-30 21:16:55,878 INFO o.a.j.JMeter: Loading system properties from: /home/studs/s413122/apache-jmeter-5.6.3/bin/system.properties
2026-05-30 21:16:55,879 INFO o.a.j.JMeter: Setting JMeter property: config=2
2026-05-30 21:16:55,879 INFO o.a.j.JMeter: Setting JMeter property: throughput=200
2026-05-30 21:16:55,879 INFO o.a.j.JMeter: Setting JMeter property: threads=8
2026-05-30 21:16:55,879 INFO o.a.j.JMeter: Setting JMeter property: duration=75
2026-05-30 21:16:55,879 INFO o.a.j.JMeter: Setting JMeter property: rampup=10
2026-05-30 21:16:55,886 INFO o.a.j.JMeter: Copyright (c) 1998-2024 The Apache Software Foundation
2026-05-30 21:16:55,886 INFO o.a.j.JMeter: Version 5.6.3
2026-05-30 21:16:55,886 INFO o.a.j.JMeter: java.version=17.0.12
2026-05-30 21:16:55,886 INFO o.a.j.JMeter: java.vm.name=OpenJDK 64-Bit Server VM
2026-05-30 21:16:55,886 INFO o.a.j.JMeter: os.name=FreeBSD
2026-05-30 21:16:55,887 INFO o.a.j.JMeter: os.arch=amd64
2026-05-30 21:16:55,887 INFO o.a.j.JMeter: os.version=14.4-STABLE
2026-05-30 21:16:55,887 INFO o.a.j.JMeter: file.encoding=UTF-8
2026-05-30 21:16:55,887 INFO o.a.j.JMeter: java.awt.headless=true
2026-05-30 21:16:55,887 INFO o.a.j.JMeter: Max memory     =2147483648
2026-05-30 21:16:55,887 INFO o.a.j.JMeter: Available Processors =16
2026-05-30 21:16:55,898 INFO o.a.j.JMeter: Default Locale=English (EN)
2026-05-30 21:16:55,898 INFO o.a.j.JMeter: JMeter  Locale=English (EN)
2026-05-30 21:16:55,898 INFO o.a.j.JMeter: JMeterHome=/home/studs/s413122/apache-jmeter-5.6.3
2026-05-30 21:16:55,898 INFO o.a.j.JMeter: user.dir  =/home/studs/s413122/lab4
2026-05-30 21:16:55,898 INFO o.a.j.JMeter: PWD       =/home/studs/s413122/lab4
2026-05-30 21:16:55,930 INFO o.a.j.JMeter: IP: 192.168.10.80 Name: helios.cs.ifmo.ru FullName: helios.cs.ifmo.ru
2026-05-30 21:16:55,943 INFO o.a.j.JMeter: Setting property 'jmeter.reportgenerator.outputdir' to:'/home/studs/s413122/lab4/results/stress/report_tp200'
2026-05-30 21:16:55,945 INFO o.a.j.s.FileServer: Default base='/home/studs/s413122/lab4'
2026-05-30 21:16:55,947 INFO o.a.j.s.FileServer: Set new base='/home/studs/s413122/lab4'
2026-05-30 21:16:56,139 INFO o.a.j.s.SaveService: Testplan (JMX) version: 2.2. Testlog (JTL) version: 2.2
2026-05-30 21:16:56,167 INFO o.a.j.s.SaveService: Using SaveService properties version 5.0
2026-05-30 21:16:56,170 INFO o.a.j.s.SaveService: Using SaveService properties file encoding UTF-8
2026-05-30 21:16:56,174 INFO o.a.j.s.SaveService: Loading file: /home/studs/s413122/lab4/load-test.jmx
2026-05-30 21:16:56,238 INFO o.a.j.p.h.s.HTTPSamplerBase: Parser for text/html is org.apache.jmeter.protocol.http.parser.LagartoBasedHtmlParser
2026-05-30 21:16:56,238 INFO o.a.j.p.h.s.HTTPSamplerBase: Parser for application/xhtml+xml is org.apache.jmeter.protocol.http.parser.LagartoBasedHtmlParser
2026-05-30 21:16:56,238 INFO o.a.j.p.h.s.HTTPSamplerBase: Parser for application/xml is org.apache.jmeter.protocol.http.parser.LagartoBasedHtmlParser
2026-05-30 21:16:56,238 INFO o.a.j.p.h.s.HTTPSamplerBase: Parser for text/xml is org.apache.jmeter.protocol.http.parser.LagartoBasedHtmlParser
2026-05-30 21:16:56,239 INFO o.a.j.p.h.s.HTTPSamplerBase: Parser for text/vnd.wap.wml is org.apache.jmeter.protocol.http.parser.RegexpHTMLParser
2026-05-30 21:16:56,239 INFO o.a.j.p.h.s.HTTPSamplerBase: Parser for text/css is org.apache.jmeter.protocol.http.parser.CssParser
2026-05-30 21:16:56,273 INFO o.a.j.JMeter: Creating summariser <summary>
2026-05-30 21:16:56,277 INFO o.a.j.r.d.ReportGenerator: ReportGenerator will use for Parsing the separator: ','
2026-05-30 21:16:56,277 INFO o.a.j.r.d.ReportGenerator: Will generate report at end of test from  results file: /home/studs/s413122/lab4/results/stress/stress_tp200.jtl
2026-05-30 21:16:56,277 INFO o.a.j.r.d.ReportGenerator: Reading report generator properties from: /home/studs/s413122/apache-jmeter-5.6.3/bin/reportgenerator.properties
2026-05-30 21:16:56,278 INFO o.a.j.r.d.ReportGenerator: Merging with JMeter properties
2026-05-30 21:16:56,282 INFO o.a.j.r.c.ReportGeneratorConfiguration: Property 'jmeter.reportgenerator.temp_dir' not found, using default value 'temp' instead.
2026-05-30 21:16:56,285 INFO o.a.j.r.c.ReportGeneratorConfiguration: Property 'jmeter.reportgenerator.apdex_per_transaction' not found, using default value 'null' instead.
2026-05-30 21:16:56,285 INFO o.a.j.r.c.ReportGeneratorConfiguration: apdex_per_transaction is empty, not APDEX per transaction customization
2026-05-30 21:16:56,285 INFO o.a.j.r.c.ReportGeneratorConfiguration: Property 'jmeter.reportgenerator.sample_filter' not found, using default value 'null' instead.
2026-05-30 21:16:56,286 INFO o.a.j.r.c.ReportGeneratorConfiguration: Property 'jmeter.reportgenerator.report_title' not found, using default value 'null' instead.
2026-05-30 21:16:56,286 INFO o.a.j.r.c.ReportGeneratorConfiguration: Property 'jmeter.reportgenerator.start_date' not found, using default value 'null' instead.
2026-05-30 21:16:56,286 INFO o.a.j.r.c.ReportGeneratorConfiguration: Property 'jmeter.reportgenerator.end_date' not found, using default value 'null' instead.
2026-05-30 21:16:56,286 INFO o.a.j.r.c.ReportGeneratorConfiguration: Property 'jmeter.reportgenerator.date_format' not found, using default value 'null' instead.
2026-05-30 21:16:56,287 INFO o.a.j.r.c.ReportGeneratorConfiguration: Will use date range start date: null, end date: null
2026-05-30 21:16:56,290 INFO o.a.j.r.c.ReportGeneratorConfiguration: Property 'jmeter.reportgenerator.graph.totalTPS.exclude_controllers' not found, using default value 'false' instead.
2026-05-30 21:16:56,290 INFO o.a.j.r.c.ReportGeneratorConfiguration: Property 'jmeter.reportgenerator.graph.activeThreadsOverTime.exclude_controllers' not found, using default value 'false' instead.
2026-05-30 21:16:56,290 INFO o.a.j.r.c.ReportGeneratorConfiguration: Property 'jmeter.reportgenerator.graph.timeVsThreads.exclude_controllers' not found, using default value 'false' instead.
2026-05-30 21:16:56,291 INFO o.a.j.r.c.ReportGeneratorConfiguration: Property 'jmeter.reportgenerator.graph.responseTimeDistribution.exclude_controllers' not found, using default value 'false' instead.
2026-05-30 21:16:56,291 INFO o.a.j.r.c.ReportGeneratorConfiguration: Property 'jmeter.reportgenerator.graph.transactionsPerSecond.exclude_controllers' not found, using default value 'false' instead.
2026-05-30 21:16:56,291 INFO o.a.j.r.c.ReportGeneratorConfiguration: Property 'jmeter.reportgenerator.graph.responseTimePercentiles.exclude_controllers' not found, using default value 'false' instead.
2026-05-30 21:16:56,291 INFO o.a.j.r.c.ReportGeneratorConfiguration: Property 'jmeter.reportgenerator.graph.responseTimePercentilesOverTime.exclude_controllers' not found, using default value 'false' instead.
2026-05-30 21:16:56,291 INFO o.a.j.r.c.ReportGeneratorConfiguration: Property 'jmeter.reportgenerator.graph.responseTimesOverTime.exclude_controllers' not found, using default value 'false' instead.
2026-05-30 21:16:56,291 INFO o.a.j.r.c.ReportGeneratorConfiguration: Property 'jmeter.reportgenerator.graph.connectTimeOverTime.exclude_controllers' not found, using default value 'false' instead.
2026-05-30 21:16:56,292 INFO o.a.j.r.c.ReportGeneratorConfiguration: Property 'jmeter.reportgenerator.graph.latenciesOverTime.exclude_controllers' not found, using default value 'false' instead.
2026-05-30 21:16:56,292 INFO o.a.j.r.c.ReportGeneratorConfiguration: Property 'jmeter.reportgenerator.exporter.json.filters_only_sample_series' not found, using default value 'true' instead.
2026-05-30 21:16:56,293 INFO o.a.j.r.c.ReportGeneratorConfiguration: Property 'jmeter.reportgenerator.exporter.json.series_filter' not found, using default value '' instead.
2026-05-30 21:16:56,293 INFO o.a.j.r.c.ReportGeneratorConfiguration: Property 'jmeter.reportgenerator.exporter.json.show_controllers_only' not found, using default value 'false' instead.
2026-05-30 21:16:56,293 INFO o.a.j.r.c.ReportGeneratorConfiguration: Property 'jmeter.reportgenerator.exporter.html.filters_only_sample_series' not found, using default value 'true' instead.
2026-05-30 21:16:56,293 INFO o.a.j.r.c.ReportGeneratorConfiguration: Property 'jmeter.reportgenerator.exporter.html.series_filter' not found, using default value '' instead.
2026-05-30 21:16:56,293 INFO o.a.j.r.c.ReportGeneratorConfiguration: Property 'jmeter.reportgenerator.exporter.html.show_controllers_only' not found, using default value 'false' instead.
2026-05-30 21:16:56,312 INFO o.a.j.e.StandardJMeterEngine: Running the test!
2026-05-30 21:16:56,313 INFO o.a.j.s.SampleEvent: List of sample_variables: []
2026-05-30 21:16:56,313 INFO o.a.j.s.SampleEvent: List of sample_variables: []
2026-05-30 21:16:56,318 INFO o.a.j.e.u.CompoundVariable: Note: Function class names must contain the string: '.functions.'
2026-05-30 21:16:56,318 INFO o.a.j.e.u.CompoundVariable: Note: Function class names must not contain the string: '.gui.'
2026-05-30 21:16:56,382 INFO o.a.j.r.ClassFinder: Will scan jar /home/studs/s413122/apache-jmeter-5.6.3/lib/ext/jmeter-plugins-cmd-2.3.jar with filter ExtendsClassFilter [parents=[interface org.apache.jmeter.functions.Function], inner=false, contains=null, notContains=null]. Consider exposing JMeter plugins via META-INF/services, and add JMeter-Skip-Class-Scanning=true manifest attribute so JMeter can skip classfile scanning
2026-05-30 21:16:56,386 INFO o.a.j.r.ClassFinder: Will scan jar /home/studs/s413122/apache-jmeter-5.6.3/lib/ext/jmeter-plugins-manager-1.10.jar with filter ExtendsClassFilter [parents=[interface org.apache.jmeter.functions.Function], inner=false, contains=null, notContains=null]. Consider exposing JMeter plugins via META-INF/services, and add JMeter-Skip-Class-Scanning=true manifest attribute so JMeter can skip classfile scanning
2026-05-30 21:16:56,478 INFO o.a.j.r.ClassFinder: Will scan jar /home/studs/s413122/apache-jmeter-5.6.3/lib/ext/jmeter-plugins-cmn-jmeter-0.8.jar with filter ExtendsClassFilter [parents=[interface org.apache.jmeter.functions.Function], inner=false, contains=null, notContains=null]. Consider exposing JMeter plugins via META-INF/services, and add JMeter-Skip-Class-Scanning=true manifest attribute so JMeter can skip classfile scanning
2026-05-30 21:16:58,585 INFO o.a.j.r.ClassFinder: Will scan jar /home/studs/s413122/apache-jmeter-5.6.3/lib/ext/jmeter-plugins-graphs-vs-2.0.jar with filter ExtendsClassFilter [parents=[interface org.apache.jmeter.functions.Function], inner=false, contains=null, notContains=null]. Consider exposing JMeter plugins via META-INF/services, and add JMeter-Skip-Class-Scanning=true manifest attribute so JMeter can skip classfile scanning
2026-05-30 21:16:58,587 INFO o.a.j.r.ClassFinder: Will scan jar /home/studs/s413122/apache-jmeter-5.6.3/lib/ext/jmeter-plugins-graphs-basic-2.0.jar with filter ExtendsClassFilter [parents=[interface org.apache.jmeter.functions.Function], inner=false, contains=null, notContains=null]. Consider exposing JMeter plugins via META-INF/services, and add JMeter-Skip-Class-Scanning=true manifest attribute so JMeter can skip classfile scanning
2026-05-30 21:16:58,603 INFO o.a.j.JMeter: Running test (1780165018603)
2026-05-30 21:16:58,621 INFO o.a.j.e.StandardJMeterEngine: Starting ThreadGroup: 1 : Users
2026-05-30 21:16:58,621 INFO o.a.j.e.StandardJMeterEngine: Starting 8 threads for group Users.
2026-05-30 21:16:58,621 INFO o.a.j.e.StandardJMeterEngine: Thread will continue on error
2026-05-30 21:16:58,622 INFO o.a.j.t.ThreadGroup: Starting thread group... number=1 threads=8 ramp-up=10 delayedStart=false
2026-05-30 21:16:58,629 INFO o.a.j.t.JMeterThread: Thread started: Users 1-1
2026-05-30 21:16:58,632 INFO o.a.j.t.ThreadGroup: Started thread group number 1
2026-05-30 21:16:58,632 INFO o.a.j.e.StandardJMeterEngine: All thread groups have been started
2026-05-30 21:16:58,672 INFO o.a.j.p.h.s.HTTPHCAbstractImpl: Local host = helios.cs.ifmo.ru
2026-05-30 21:16:58,678 INFO o.a.j.p.h.s.HTTPHC4Impl: HTTP request retry count = 0
2026-05-30 21:16:58,679 INFO o.a.j.s.SampleResult: Note: Sample TimeStamps are START times
2026-05-30 21:16:58,679 INFO o.a.j.s.SampleResult: sampleresult.default.encoding is set to UTF-8
2026-05-30 21:16:58,679 INFO o.a.j.s.SampleResult: sampleresult.useNanoTime=true
2026-05-30 21:16:58,679 INFO o.a.j.s.SampleResult: sampleresult.nanoThreadSleep=5000
2026-05-30 21:16:59,875 INFO o.a.j.t.JMeterThread: Thread started: Users 1-2
2026-05-30 21:17:00,190 INFO o.a.j.r.Summariser: summary +      2 in 00:00:02 =    1.3/s Avg:   722 Min:   704 Max:   741 Err:     0 (0.00%) Active: 2 Started: 2 Finished: 0
2026-05-30 21:17:01,124 INFO o.a.j.t.JMeterThread: Thread started: Users 1-3
2026-05-30 21:17:02,373 INFO o.a.j.t.JMeterThread: Thread started: Users 1-4
2026-05-30 21:17:03,623 INFO o.a.j.t.JMeterThread: Thread started: Users 1-5
2026-05-30 21:17:04,872 INFO o.a.j.t.JMeterThread: Thread started: Users 1-6
2026-05-30 21:17:06,123 INFO o.a.j.t.JMeterThread: Thread started: Users 1-7
2026-05-30 21:17:07,373 INFO o.a.j.t.JMeterThread: Thread started: Users 1-8
2026-05-30 21:17:30,295 INFO o.a.j.r.Summariser: summary +    102 in 00:00:30 =    3.4/s Avg:   724 Min:   704 Max:   730 Err:     0 (0.00%) Active: 8 Started: 8 Finished: 0
2026-05-30 21:17:30,296 INFO o.a.j.r.Summariser: summary =    104 in 00:00:32 =    3.3/s Avg:   724 Min:   704 Max:   741 Err:     0 (0.00%)
2026-05-30 21:18:00,303 INFO o.a.j.r.Summariser: summary +    100 in 00:00:30 =    3.3/s Avg:   728 Min:   727 Max:   736 Err:     0 (0.00%) Active: 8 Started: 8 Finished: 0
2026-05-30 21:18:00,303 INFO o.a.j.r.Summariser: summary =    204 in 00:01:02 =    3.3/s Avg:   725 Min:   704 Max:   741 Err:     0 (0.00%)
2026-05-30 21:18:11,996 INFO o.a.j.t.JMeterThread: Thread finished: Users 1-7
2026-05-30 21:18:12,296 INFO o.a.j.t.JMeterThread: Thread finished: Users 1-1
2026-05-30 21:18:12,595 INFO o.a.j.t.JMeterThread: Thread finished: Users 1-6
2026-05-30 21:18:12,897 INFO o.a.j.t.JMeterThread: Thread finished: Users 1-4
2026-05-30 21:18:13,195 INFO o.a.j.t.JMeterThread: Thread finished: Users 1-8
2026-05-30 21:18:13,496 INFO o.a.j.t.JMeterThread: Thread finished: Users 1-5
2026-05-30 21:18:13,797 INFO o.a.j.t.JMeterThread: Stopping because end time detected by thread: Users 1-3
2026-05-30 21:18:13,797 INFO o.a.j.t.JMeterThread: Thread finished: Users 1-3
2026-05-30 21:18:14,098 INFO o.a.j.t.JMeterThread: Stopping because end time detected by thread: Users 1-2
2026-05-30 21:18:14,098 INFO o.a.j.t.JMeterThread: Thread finished: Users 1-2
2026-05-30 21:18:14,098 INFO o.a.j.e.StandardJMeterEngine: Notifying test listeners of end of test
2026-05-30 21:18:14,099 INFO o.a.j.r.Summariser: summary +     46 in 00:00:14 =    3.3/s Avg:   728 Min:   728 Max:   730 Err:     0 (0.00%) Active: 0 Started: 8 Finished: 8
2026-05-30 21:18:14,099 INFO o.a.j.r.Summariser: summary =    250 in 00:01:15 =    3.3/s Avg:   726 Min:   704 Max:   741 Err:     0 (0.00%)
2026-05-30 21:18:14,100 INFO o.a.j.JMeter: Generating Dashboard
2026-05-30 21:18:14,100 INFO o.a.j.r.d.ReportGenerator: Flushing result collector before report Generation
2026-05-30 21:18:14,110 INFO o.a.j.r.p.NormalizerSampleConsumer: Using format, 'ms', to parse timeStamp field
2026-05-30 21:18:14,203 INFO o.a.j.r.p.AbstractSampleConsumer: class org.apache.jmeter.report.processor.AggregateConsumer#stopProducing(): beginDate produced 0 samples
2026-05-30 21:18:14,203 INFO o.a.j.r.p.AbstractSampleConsumer: class org.apache.jmeter.report.processor.AggregateConsumer#stopProducing(): endDate produced 0 samples
2026-05-30 21:18:14,205 INFO o.a.j.r.p.AbstractSampleConsumer: class org.apache.jmeter.report.processor.ApdexSummaryConsumer#stopProducing(): apdexSummary produced 0 samples
2026-05-30 21:18:14,205 INFO o.a.j.r.p.AbstractSampleConsumer: class org.apache.jmeter.report.processor.RequestsSummaryConsumer#stopProducing(): requestsSummary produced 0 samples
2026-05-30 21:18:14,209 INFO o.a.j.r.p.AbstractSampleConsumer: class org.apache.jmeter.report.processor.StatisticsSummaryConsumer#stopProducing(): statisticsSummary produced 0 samples
2026-05-30 21:18:14,211 INFO o.a.j.r.p.AbstractSampleConsumer: class org.apache.jmeter.report.processor.Top5ErrorsBySamplerConsumer#stopProducing(): top5ErrorsBySampler produced 0 samples
2026-05-30 21:18:14,211 INFO o.a.j.r.p.AbstractSampleConsumer: class org.apache.jmeter.report.processor.ErrorsSummaryConsumer#stopProducing(): errorsSummary produced 0 samples
2026-05-30 21:18:14,211 INFO o.a.j.r.p.AbstractSampleConsumer: class org.apache.jmeter.report.processor.graph.impl.HitsPerSecondGraphConsumer#stopProducing(): hitsPerSecond produced 0 samples
2026-05-30 21:18:14,229 INFO o.a.j.r.p.AbstractSampleConsumer: class org.apache.jmeter.report.processor.graph.impl.LatencyVSRequestGraphConsumer#stopProducing(): latencyVsRequest produced 0 samples
2026-05-30 21:18:14,230 INFO o.a.j.r.p.AbstractSampleConsumer: class org.apache.jmeter.report.processor.graph.impl.SyntheticResponseTimeDistributionGraphConsumer#stopProducing(): syntheticResponseTimeDistribution produced 0 samples
2026-05-30 21:18:14,230 INFO o.a.j.r.p.AbstractSampleConsumer: class org.apache.jmeter.report.processor.graph.impl.BytesThroughputGraphConsumer#stopProducing(): bytesThroughputOverTime produced 0 samples
2026-05-30 21:18:14,230 INFO o.a.j.r.p.AbstractSampleConsumer: class org.apache.jmeter.report.processor.graph.impl.CodesPerSecondGraphConsumer#stopProducing(): codesPerSecond produced 0 samples
2026-05-30 21:18:14,237 INFO o.a.j.r.p.AbstractSampleConsumer: class org.apache.jmeter.report.processor.graph.impl.ResponseTimeVSRequestGraphConsumer#stopProducing(): responseTimeVsRequest produced 0 samples
2026-05-30 21:18:14,237 INFO o.a.j.r.p.AbstractSampleConsumer: class org.apache.jmeter.report.processor.FilterConsumer#stopProducing(): startIntervalControlerFilter produced 1750 samples
2026-05-30 21:18:14,237 INFO o.a.j.r.p.AbstractSampleConsumer: class org.apache.jmeter.report.processor.graph.impl.TotalTPSGraphConsumer#stopProducing(): totalTPS produced 0 samples
2026-05-30 21:18:14,237 INFO o.a.j.r.p.AbstractSampleConsumer: class org.apache.jmeter.report.processor.graph.impl.ActiveThreadsGraphConsumer#stopProducing(): activeThreadsOverTime produced 0 samples
2026-05-30 21:18:14,237 INFO o.a.j.r.p.AbstractSampleConsumer: class org.apache.jmeter.report.processor.graph.impl.TimeVSThreadGraphConsumer#stopProducing(): timeVsThreads produced 0 samples
2026-05-30 21:18:14,238 INFO o.a.j.r.p.AbstractSampleConsumer: class org.apache.jmeter.report.processor.graph.impl.ResponseTimeDistributionGraphConsumer#stopProducing(): responseTimeDistribution produced 0 samples
2026-05-30 21:18:14,238 INFO o.a.j.r.p.AbstractSampleConsumer: class org.apache.jmeter.report.processor.graph.impl.TransactionsPerSecondGraphConsumer#stopProducing(): transactionsPerSecond produced 0 samples
2026-05-30 21:18:14,238 INFO o.a.j.r.p.AbstractSampleConsumer: class org.apache.jmeter.report.processor.graph.impl.ResponseTimePercentilesGraphConsumer#stopProducing(): responseTimePercentiles produced 0 samples
2026-05-30 21:18:14,239 INFO o.a.j.r.p.AbstractSampleConsumer: class org.apache.jmeter.report.processor.graph.impl.ResponseTimePercentilesOverTimeGraphConsumer#stopProducing(): responseTimePercentilesOverTime produced 0 samples
2026-05-30 21:18:14,239 INFO o.a.j.r.p.AbstractSampleConsumer: class org.apache.jmeter.report.processor.graph.impl.ResponseTimeOverTimeGraphConsumer#stopProducing(): responseTimesOverTime produced 0 samples
2026-05-30 21:18:14,239 INFO o.a.j.r.p.AbstractSampleConsumer: class org.apache.jmeter.report.processor.graph.impl.ConnectTimeOverTimeGraphConsumer#stopProducing(): connectTimeOverTime produced 0 samples
2026-05-30 21:18:14,239 INFO o.a.j.r.p.AbstractSampleConsumer: class org.apache.jmeter.report.processor.graph.impl.LatencyOverTimeGraphConsumer#stopProducing(): latenciesOverTime produced 0 samples
2026-05-30 21:18:14,239 INFO o.a.j.r.p.AbstractSampleConsumer: class org.apache.jmeter.report.processor.FilterConsumer#stopProducing(): nameFilter produced 3750 samples
2026-05-30 21:18:14,239 INFO o.a.j.r.p.AbstractSampleConsumer: class org.apache.jmeter.report.processor.FilterConsumer#stopProducing(): dateRangeFilter produced 750 samples
2026-05-30 21:18:14,240 INFO o.a.j.r.p.AbstractSampleConsumer: class org.apache.jmeter.report.processor.NormalizerSampleConsumer#stopProducing(): normalizer produced 250 samples
2026-05-30 21:18:14,240 INFO o.a.j.r.p.CsvFileSampleSource: produce(): 250 samples produced in 107ms on channel 0
2026-05-30 21:18:14,240 INFO o.a.j.r.d.ReportGenerator: Exporting data using exporter:'json' of className:'org.apache.jmeter.report.dashboard.JsonExporter'
2026-05-30 21:18:14,322 INFO o.a.j.r.d.JsonExporter: Found data for consumer statisticsSummary in context
2026-05-30 21:18:14,323 INFO o.a.j.r.d.JsonExporter: Creating statistics for overall
2026-05-30 21:18:14,323 INFO o.a.j.r.d.JsonExporter: Creating statistics for other transactions
2026-05-30 21:18:14,324 INFO o.a.j.r.d.JsonExporter: Checking output folder
2026-05-30 21:18:14,324 INFO o.a.j.r.d.JsonExporter: Writing statistics JSON to /home/studs/s413122/lab4/results/stress/report_tp200/statistics.json
2026-05-30 21:18:14,368 INFO o.a.j.r.d.ReportGenerator: Exporting data using exporter:'html' of className:'org.apache.jmeter.report.dashboard.HtmlTemplateExporter'
2026-05-30 21:18:14,370 INFO o.a.j.r.d.HtmlTemplateExporter: Will generate dashboard in folder: /home/studs/s413122/lab4/results/stress/report_tp200
2026-05-30 21:18:14,474 INFO o.a.j.r.d.HtmlTemplateExporter: Report will be generated in: /home/studs/s413122/lab4/results/stress/report_tp200, creating folder structure
2026-05-30 21:18:14,477 INFO o.a.j.r.d.TemplateVisitor: Copying folder from '/home/studs/s413122/apache-jmeter-5.6.3/bin/report-template' to '/home/studs/s413122/lab4/results/stress/report_tp200', got message: /home/studs/s413122/lab4/results/stress/report_tp200, found non empty folder with following content [/home/studs/s413122/lab4/results/stress/report_tp200/statistics.json], will be ignored
2026-05-30 21:18:14,687 INFO o.a.j.JMeter: Dashboard generated
