2026-05-30 21:18:31,888 INFO o.a.j.u.JMeterUtils: Setting Locale to en_EN
2026-05-30 21:18:31,911 INFO o.a.j.JMeter: Loading user properties from: /home/studs/s413122/apache-jmeter-5.6.3/bin/user.properties
2026-05-30 21:18:31,912 INFO o.a.j.JMeter: Loading system properties from: /home/studs/s413122/apache-jmeter-5.6.3/bin/system.properties
2026-05-30 21:18:31,912 INFO o.a.j.JMeter: Setting JMeter property: config=2
2026-05-30 21:18:31,912 INFO o.a.j.JMeter: Setting JMeter property: throughput=300
2026-05-30 21:18:31,912 INFO o.a.j.JMeter: Setting JMeter property: threads=12
2026-05-30 21:18:31,912 INFO o.a.j.JMeter: Setting JMeter property: duration=75
2026-05-30 21:18:31,913 INFO o.a.j.JMeter: Setting JMeter property: rampup=10
2026-05-30 21:18:31,920 INFO o.a.j.JMeter: Copyright (c) 1998-2024 The Apache Software Foundation
2026-05-30 21:18:31,920 INFO o.a.j.JMeter: Version 5.6.3
2026-05-30 21:18:31,920 INFO o.a.j.JMeter: java.version=17.0.12
2026-05-30 21:18:31,920 INFO o.a.j.JMeter: java.vm.name=OpenJDK 64-Bit Server VM
2026-05-30 21:18:31,920 INFO o.a.j.JMeter: os.name=FreeBSD
2026-05-30 21:18:31,920 INFO o.a.j.JMeter: os.arch=amd64
2026-05-30 21:18:31,920 INFO o.a.j.JMeter: os.version=14.4-STABLE
2026-05-30 21:18:31,920 INFO o.a.j.JMeter: file.encoding=UTF-8
2026-05-30 21:18:31,921 INFO o.a.j.JMeter: java.awt.headless=true
2026-05-30 21:18:31,921 INFO o.a.j.JMeter: Max memory     =2147483648
2026-05-30 21:18:31,921 INFO o.a.j.JMeter: Available Processors =16
2026-05-30 21:18:31,931 INFO o.a.j.JMeter: Default Locale=English (EN)
2026-05-30 21:18:31,931 INFO o.a.j.JMeter: JMeter  Locale=English (EN)
2026-05-30 21:18:31,931 INFO o.a.j.JMeter: JMeterHome=/home/studs/s413122/apache-jmeter-5.6.3
2026-05-30 21:18:31,931 INFO o.a.j.JMeter: user.dir  =/home/studs/s413122/lab4
2026-05-30 21:18:31,931 INFO o.a.j.JMeter: PWD       =/home/studs/s413122/lab4
2026-05-30 21:18:31,940 INFO o.a.j.JMeter: IP: 192.168.10.80 Name: helios.cs.ifmo.ru FullName: helios.cs.ifmo.ru
2026-05-30 21:18:31,953 INFO o.a.j.JMeter: Setting property 'jmeter.reportgenerator.outputdir' to:'/home/studs/s413122/lab4/results/stress/report_tp300'
2026-05-30 21:18:31,956 INFO o.a.j.s.FileServer: Default base='/home/studs/s413122/lab4'
2026-05-30 21:18:31,957 INFO o.a.j.s.FileServer: Set new base='/home/studs/s413122/lab4'
2026-05-30 21:18:32,150 INFO o.a.j.s.SaveService: Testplan (JMX) version: 2.2. Testlog (JTL) version: 2.2
2026-05-30 21:18:32,178 INFO o.a.j.s.SaveService: Using SaveService properties version 5.0
2026-05-30 21:18:32,182 INFO o.a.j.s.SaveService: Using SaveService properties file encoding UTF-8
2026-05-30 21:18:32,185 INFO o.a.j.s.SaveService: Loading file: /home/studs/s413122/lab4/load-test.jmx
2026-05-30 21:18:32,249 INFO o.a.j.p.h.s.HTTPSamplerBase: Parser for text/html is org.apache.jmeter.protocol.http.parser.LagartoBasedHtmlParser
2026-05-30 21:18:32,249 INFO o.a.j.p.h.s.HTTPSamplerBase: Parser for application/xhtml+xml is org.apache.jmeter.protocol.http.parser.LagartoBasedHtmlParser
2026-05-30 21:18:32,249 INFO o.a.j.p.h.s.HTTPSamplerBase: Parser for application/xml is org.apache.jmeter.protocol.http.parser.LagartoBasedHtmlParser
2026-05-30 21:18:32,249 INFO o.a.j.p.h.s.HTTPSamplerBase: Parser for text/xml is org.apache.jmeter.protocol.http.parser.LagartoBasedHtmlParser
2026-05-30 21:18:32,249 INFO o.a.j.p.h.s.HTTPSamplerBase: Parser for text/vnd.wap.wml is org.apache.jmeter.protocol.http.parser.RegexpHTMLParser
2026-05-30 21:18:32,249 INFO o.a.j.p.h.s.HTTPSamplerBase: Parser for text/css is org.apache.jmeter.protocol.http.parser.CssParser
2026-05-30 21:18:32,289 INFO o.a.j.JMeter: Creating summariser <summary>
2026-05-30 21:18:32,293 INFO o.a.j.r.d.ReportGenerator: ReportGenerator will use for Parsing the separator: ','
2026-05-30 21:18:32,293 INFO o.a.j.r.d.ReportGenerator: Will generate report at end of test from  results file: /home/studs/s413122/lab4/results/stress/stress_tp300.jtl
2026-05-30 21:18:32,293 INFO o.a.j.r.d.ReportGenerator: Reading report generator properties from: /home/studs/s413122/apache-jmeter-5.6.3/bin/reportgenerator.properties
2026-05-30 21:18:32,294 INFO o.a.j.r.d.ReportGenerator: Merging with JMeter properties
2026-05-30 21:18:32,298 INFO o.a.j.r.c.ReportGeneratorConfiguration: Property 'jmeter.reportgenerator.temp_dir' not found, using default value 'temp' instead.
2026-05-30 21:18:32,301 INFO o.a.j.r.c.ReportGeneratorConfiguration: Property 'jmeter.reportgenerator.apdex_per_transaction' not found, using default value 'null' instead.
2026-05-30 21:18:32,301 INFO o.a.j.r.c.ReportGeneratorConfiguration: apdex_per_transaction is empty, not APDEX per transaction customization
2026-05-30 21:18:32,301 INFO o.a.j.r.c.ReportGeneratorConfiguration: Property 'jmeter.reportgenerator.sample_filter' not found, using default value 'null' instead.
2026-05-30 21:18:32,301 INFO o.a.j.r.c.ReportGeneratorConfiguration: Property 'jmeter.reportgenerator.report_title' not found, using default value 'null' instead.
2026-05-30 21:18:32,301 INFO o.a.j.r.c.ReportGeneratorConfiguration: Property 'jmeter.reportgenerator.start_date' not found, using default value 'null' instead.
2026-05-30 21:18:32,301 INFO o.a.j.r.c.ReportGeneratorConfiguration: Property 'jmeter.reportgenerator.end_date' not found, using default value 'null' instead.
2026-05-30 21:18:32,302 INFO o.a.j.r.c.ReportGeneratorConfiguration: Property 'jmeter.reportgenerator.date_format' not found, using default value 'null' instead.
2026-05-30 21:18:32,302 INFO o.a.j.r.c.ReportGeneratorConfiguration: Will use date range start date: null, end date: null
2026-05-30 21:18:32,306 INFO o.a.j.r.c.ReportGeneratorConfiguration: Property 'jmeter.reportgenerator.graph.totalTPS.exclude_controllers' not found, using default value 'false' instead.
2026-05-30 21:18:32,306 INFO o.a.j.r.c.ReportGeneratorConfiguration: Property 'jmeter.reportgenerator.graph.activeThreadsOverTime.exclude_controllers' not found, using default value 'false' instead.
2026-05-30 21:18:32,306 INFO o.a.j.r.c.ReportGeneratorConfiguration: Property 'jmeter.reportgenerator.graph.timeVsThreads.exclude_controllers' not found, using default value 'false' instead.
2026-05-30 21:18:32,306 INFO o.a.j.r.c.ReportGeneratorConfiguration: Property 'jmeter.reportgenerator.graph.responseTimeDistribution.exclude_controllers' not found, using default value 'false' instead.
2026-05-30 21:18:32,306 INFO o.a.j.r.c.ReportGeneratorConfiguration: Property 'jmeter.reportgenerator.graph.transactionsPerSecond.exclude_controllers' not found, using default value 'false' instead.
2026-05-30 21:18:32,307 INFO o.a.j.r.c.ReportGeneratorConfiguration: Property 'jmeter.reportgenerator.graph.responseTimePercentiles.exclude_controllers' not found, using default value 'false' instead.
2026-05-30 21:18:32,307 INFO o.a.j.r.c.ReportGeneratorConfiguration: Property 'jmeter.reportgenerator.graph.responseTimePercentilesOverTime.exclude_controllers' not found, using default value 'false' instead.
2026-05-30 21:18:32,307 INFO o.a.j.r.c.ReportGeneratorConfiguration: Property 'jmeter.reportgenerator.graph.responseTimesOverTime.exclude_controllers' not found, using default value 'false' instead.
2026-05-30 21:18:32,307 INFO o.a.j.r.c.ReportGeneratorConfiguration: Property 'jmeter.reportgenerator.graph.connectTimeOverTime.exclude_controllers' not found, using default value 'false' instead.
2026-05-30 21:18:32,307 INFO o.a.j.r.c.ReportGeneratorConfiguration: Property 'jmeter.reportgenerator.graph.latenciesOverTime.exclude_controllers' not found, using default value 'false' instead.
2026-05-30 21:18:32,308 INFO o.a.j.r.c.ReportGeneratorConfiguration: Property 'jmeter.reportgenerator.exporter.json.filters_only_sample_series' not found, using default value 'true' instead.
2026-05-30 21:18:32,308 INFO o.a.j.r.c.ReportGeneratorConfiguration: Property 'jmeter.reportgenerator.exporter.json.series_filter' not found, using default value '' instead.
2026-05-30 21:18:32,308 INFO o.a.j.r.c.ReportGeneratorConfiguration: Property 'jmeter.reportgenerator.exporter.json.show_controllers_only' not found, using default value 'false' instead.
2026-05-30 21:18:32,309 INFO o.a.j.r.c.ReportGeneratorConfiguration: Property 'jmeter.reportgenerator.exporter.html.filters_only_sample_series' not found, using default value 'true' instead.
2026-05-30 21:18:32,309 INFO o.a.j.r.c.ReportGeneratorConfiguration: Property 'jmeter.reportgenerator.exporter.html.series_filter' not found, using default value '' instead.
2026-05-30 21:18:32,309 INFO o.a.j.r.c.ReportGeneratorConfiguration: Property 'jmeter.reportgenerator.exporter.html.show_controllers_only' not found, using default value 'false' instead.
2026-05-30 21:18:32,322 INFO o.a.j.e.StandardJMeterEngine: Running the test!
2026-05-30 21:18:32,323 INFO o.a.j.s.SampleEvent: List of sample_variables: []
2026-05-30 21:18:32,323 INFO o.a.j.s.SampleEvent: List of sample_variables: []
2026-05-30 21:18:32,328 INFO o.a.j.e.u.CompoundVariable: Note: Function class names must contain the string: '.functions.'
2026-05-30 21:18:32,328 INFO o.a.j.e.u.CompoundVariable: Note: Function class names must not contain the string: '.gui.'
2026-05-30 21:18:32,391 INFO o.a.j.r.ClassFinder: Will scan jar /home/studs/s413122/apache-jmeter-5.6.3/lib/ext/jmeter-plugins-cmd-2.3.jar with filter ExtendsClassFilter [parents=[interface org.apache.jmeter.functions.Function], inner=false, contains=null, notContains=null]. Consider exposing JMeter plugins via META-INF/services, and add JMeter-Skip-Class-Scanning=true manifest attribute so JMeter can skip classfile scanning
2026-05-30 21:18:32,395 INFO o.a.j.r.ClassFinder: Will scan jar /home/studs/s413122/apache-jmeter-5.6.3/lib/ext/jmeter-plugins-manager-1.10.jar with filter ExtendsClassFilter [parents=[interface org.apache.jmeter.functions.Function], inner=false, contains=null, notContains=null]. Consider exposing JMeter plugins via META-INF/services, and add JMeter-Skip-Class-Scanning=true manifest attribute so JMeter can skip classfile scanning
2026-05-30 21:18:32,485 INFO o.a.j.r.ClassFinder: Will scan jar /home/studs/s413122/apache-jmeter-5.6.3/lib/ext/jmeter-plugins-cmn-jmeter-0.8.jar with filter ExtendsClassFilter [parents=[interface org.apache.jmeter.functions.Function], inner=false, contains=null, notContains=null]. Consider exposing JMeter plugins via META-INF/services, and add JMeter-Skip-Class-Scanning=true manifest attribute so JMeter can skip classfile scanning
2026-05-30 21:18:32,513 INFO o.a.j.r.ClassFinder: Will scan jar /home/studs/s413122/apache-jmeter-5.6.3/lib/ext/jmeter-plugins-graphs-vs-2.0.jar with filter ExtendsClassFilter [parents=[interface org.apache.jmeter.functions.Function], inner=false, contains=null, notContains=null]. Consider exposing JMeter plugins via META-INF/services, and add JMeter-Skip-Class-Scanning=true manifest attribute so JMeter can skip classfile scanning
2026-05-30 21:18:32,514 INFO o.a.j.r.ClassFinder: Will scan jar /home/studs/s413122/apache-jmeter-5.6.3/lib/ext/jmeter-plugins-graphs-basic-2.0.jar with filter ExtendsClassFilter [parents=[interface org.apache.jmeter.functions.Function], inner=false, contains=null, notContains=null]. Consider exposing JMeter plugins via META-INF/services, and add JMeter-Skip-Class-Scanning=true manifest attribute so JMeter can skip classfile scanning
2026-05-30 21:18:32,531 INFO o.a.j.JMeter: Running test (1780165112531)
2026-05-30 21:18:32,550 INFO o.a.j.e.StandardJMeterEngine: Starting ThreadGroup: 1 : Users
2026-05-30 21:18:32,550 INFO o.a.j.e.StandardJMeterEngine: Starting 12 threads for group Users.
2026-05-30 21:18:32,550 INFO o.a.j.e.StandardJMeterEngine: Thread will continue on error
2026-05-30 21:18:32,550 INFO o.a.j.t.ThreadGroup: Starting thread group... number=1 threads=12 ramp-up=10 delayedStart=false
2026-05-30 21:18:32,557 INFO o.a.j.t.JMeterThread: Thread started: Users 1-1
2026-05-30 21:18:32,563 INFO o.a.j.t.ThreadGroup: Started thread group number 1
2026-05-30 21:18:32,563 INFO o.a.j.e.StandardJMeterEngine: All thread groups have been started
2026-05-30 21:18:32,603 INFO o.a.j.p.h.s.HTTPHCAbstractImpl: Local host = helios.cs.ifmo.ru
2026-05-30 21:18:32,610 INFO o.a.j.p.h.s.HTTPHC4Impl: HTTP request retry count = 0
2026-05-30 21:18:32,611 INFO o.a.j.s.SampleResult: Note: Sample TimeStamps are START times
2026-05-30 21:18:32,611 INFO o.a.j.s.SampleResult: sampleresult.default.encoding is set to UTF-8
2026-05-30 21:18:32,611 INFO o.a.j.s.SampleResult: sampleresult.useNanoTime=true
2026-05-30 21:18:32,612 INFO o.a.j.s.SampleResult: sampleresult.nanoThreadSleep=5000
2026-05-30 21:18:35,139 INFO o.a.j.t.JMeterThread: Thread started: Users 1-2
2026-05-30 21:18:35,139 INFO o.a.j.t.JMeterThread: Thread started: Users 1-4
2026-05-30 21:18:35,139 INFO o.a.j.t.JMeterThread: Thread started: Users 1-3
2026-05-30 21:18:35,153 INFO o.a.j.r.Summariser: summary +      1 in 00:00:03 =    0.4/s Avg:  2474 Min:  2474 Max:  2474 Err:     0 (0.00%) Active: 4 Started: 4 Finished: 0
2026-05-30 21:18:35,883 INFO o.a.j.t.JMeterThread: Thread started: Users 1-5
2026-05-30 21:18:36,716 INFO o.a.j.t.JMeterThread: Thread started: Users 1-6
2026-05-30 21:18:37,549 INFO o.a.j.t.JMeterThread: Thread started: Users 1-7
2026-05-30 21:18:38,382 INFO o.a.j.t.JMeterThread: Thread started: Users 1-8
2026-05-30 21:18:39,215 INFO o.a.j.t.JMeterThread: Thread started: Users 1-9
2026-05-30 21:18:40,048 INFO o.a.j.t.JMeterThread: Thread started: Users 1-10
2026-05-30 21:18:40,881 INFO o.a.j.t.JMeterThread: Thread started: Users 1-11
2026-05-30 21:18:41,714 INFO o.a.j.t.JMeterThread: Thread started: Users 1-12
2026-05-30 21:19:00,141 INFO o.a.j.r.Summariser: summary +    126 in 00:00:25 =    5.0/s Avg:   734 Min:   704 Max:   746 Err:     0 (0.00%) Active: 12 Started: 12 Finished: 0
2026-05-30 21:19:00,141 INFO o.a.j.r.Summariser: summary =    127 in 00:00:28 =    4.6/s Avg:   747 Min:   704 Max:  2474 Err:     0 (0.00%)
2026-05-30 21:19:32,068 INFO o.a.j.r.Summariser: summary +    152 in 00:00:32 =    4.8/s Avg:   798 Min:   736 Max:  2743 Err:     0 (0.00%) Active: 12 Started: 12 Finished: 0
2026-05-30 21:19:32,068 INFO o.a.j.r.Summariser: summary =    279 in 00:01:00 =    4.7/s Avg:   775 Min:   704 Max:  2743 Err:     0 (0.00%)
2026-05-30 21:19:45,947 INFO o.a.j.t.JMeterThread: Thread finished: Users 1-5
2026-05-30 21:19:46,149 INFO o.a.j.t.JMeterThread: Thread finished: Users 1-4
2026-05-30 21:19:46,351 INFO o.a.j.t.JMeterThread: Thread finished: Users 1-3
2026-05-30 21:19:46,548 INFO o.a.j.t.JMeterThread: Thread finished: Users 1-12
2026-05-30 21:19:46,752 INFO o.a.j.t.JMeterThread: Thread finished: Users 1-6
2026-05-30 21:19:46,939 INFO o.a.j.t.JMeterThread: Thread finished: Users 1-7
2026-05-30 21:19:47,138 INFO o.a.j.t.JMeterThread: Thread finished: Users 1-11
2026-05-30 21:19:47,341 INFO o.a.j.t.JMeterThread: Thread finished: Users 1-10
2026-05-30 21:19:47,540 INFO o.a.j.t.JMeterThread: Thread finished: Users 1-8
2026-05-30 21:19:47,735 INFO o.a.j.t.JMeterThread: Stopping because end time detected by thread: Users 1-9
2026-05-30 21:19:47,735 INFO o.a.j.t.JMeterThread: Thread finished: Users 1-9
2026-05-30 21:19:47,933 INFO o.a.j.t.JMeterThread: Stopping because end time detected by thread: Users 1-2
2026-05-30 21:19:47,933 INFO o.a.j.t.JMeterThread: Thread finished: Users 1-2
2026-05-30 21:19:48,132 INFO o.a.j.t.JMeterThread: Stopping because end time detected by thread: Users 1-1
2026-05-30 21:19:48,132 INFO o.a.j.t.JMeterThread: Thread finished: Users 1-1
2026-05-30 21:19:48,132 INFO o.a.j.e.StandardJMeterEngine: Notifying test listeners of end of test
2026-05-30 21:19:48,133 INFO o.a.j.r.Summariser: summary +     88 in 00:00:16 =    5.5/s Avg:   836 Min:   736 Max:  2668 Err:     0 (0.00%) Active: 0 Started: 12 Finished: 12
2026-05-30 21:19:48,133 INFO o.a.j.r.Summariser: summary =    367 in 00:01:16 =    4.9/s Avg:   790 Min:   704 Max:  2743 Err:     0 (0.00%)
2026-05-30 21:19:48,134 INFO o.a.j.JMeter: Generating Dashboard
2026-05-30 21:19:48,134 INFO o.a.j.r.d.ReportGenerator: Flushing result collector before report Generation
2026-05-30 21:19:48,144 INFO o.a.j.r.p.NormalizerSampleConsumer: Using format, 'ms', to parse timeStamp field
2026-05-30 21:19:48,246 INFO o.a.j.r.p.AbstractSampleConsumer: class org.apache.jmeter.report.processor.AggregateConsumer#stopProducing(): beginDate produced 0 samples
2026-05-30 21:19:48,246 INFO o.a.j.r.p.AbstractSampleConsumer: class org.apache.jmeter.report.processor.AggregateConsumer#stopProducing(): endDate produced 0 samples
2026-05-30 21:19:48,248 INFO o.a.j.r.p.AbstractSampleConsumer: class org.apache.jmeter.report.processor.ApdexSummaryConsumer#stopProducing(): apdexSummary produced 0 samples
2026-05-30 21:19:48,248 INFO o.a.j.r.p.AbstractSampleConsumer: class org.apache.jmeter.report.processor.RequestsSummaryConsumer#stopProducing(): requestsSummary produced 0 samples
2026-05-30 21:19:48,252 INFO o.a.j.r.p.AbstractSampleConsumer: class org.apache.jmeter.report.processor.StatisticsSummaryConsumer#stopProducing(): statisticsSummary produced 0 samples
2026-05-30 21:19:48,254 INFO o.a.j.r.p.AbstractSampleConsumer: class org.apache.jmeter.report.processor.Top5ErrorsBySamplerConsumer#stopProducing(): top5ErrorsBySampler produced 0 samples
2026-05-30 21:19:48,254 INFO o.a.j.r.p.AbstractSampleConsumer: class org.apache.jmeter.report.processor.ErrorsSummaryConsumer#stopProducing(): errorsSummary produced 0 samples
2026-05-30 21:19:48,254 INFO o.a.j.r.p.AbstractSampleConsumer: class org.apache.jmeter.report.processor.graph.impl.HitsPerSecondGraphConsumer#stopProducing(): hitsPerSecond produced 0 samples
2026-05-30 21:19:48,275 INFO o.a.j.r.p.AbstractSampleConsumer: class org.apache.jmeter.report.processor.graph.impl.LatencyVSRequestGraphConsumer#stopProducing(): latencyVsRequest produced 0 samples
2026-05-30 21:19:48,275 INFO o.a.j.r.p.AbstractSampleConsumer: class org.apache.jmeter.report.processor.graph.impl.SyntheticResponseTimeDistributionGraphConsumer#stopProducing(): syntheticResponseTimeDistribution produced 0 samples
2026-05-30 21:19:48,276 INFO o.a.j.r.p.AbstractSampleConsumer: class org.apache.jmeter.report.processor.graph.impl.BytesThroughputGraphConsumer#stopProducing(): bytesThroughputOverTime produced 0 samples
2026-05-30 21:19:48,276 INFO o.a.j.r.p.AbstractSampleConsumer: class org.apache.jmeter.report.processor.graph.impl.CodesPerSecondGraphConsumer#stopProducing(): codesPerSecond produced 0 samples
2026-05-30 21:19:48,284 INFO o.a.j.r.p.AbstractSampleConsumer: class org.apache.jmeter.report.processor.graph.impl.ResponseTimeVSRequestGraphConsumer#stopProducing(): responseTimeVsRequest produced 0 samples
2026-05-30 21:19:48,285 INFO o.a.j.r.p.AbstractSampleConsumer: class org.apache.jmeter.report.processor.FilterConsumer#stopProducing(): startIntervalControlerFilter produced 2569 samples
2026-05-30 21:19:48,285 INFO o.a.j.r.p.AbstractSampleConsumer: class org.apache.jmeter.report.processor.graph.impl.TotalTPSGraphConsumer#stopProducing(): totalTPS produced 0 samples
2026-05-30 21:19:48,285 INFO o.a.j.r.p.AbstractSampleConsumer: class org.apache.jmeter.report.processor.graph.impl.ActiveThreadsGraphConsumer#stopProducing(): activeThreadsOverTime produced 0 samples
2026-05-30 21:19:48,285 INFO o.a.j.r.p.AbstractSampleConsumer: class org.apache.jmeter.report.processor.graph.impl.TimeVSThreadGraphConsumer#stopProducing(): timeVsThreads produced 0 samples
2026-05-30 21:19:48,285 INFO o.a.j.r.p.AbstractSampleConsumer: class org.apache.jmeter.report.processor.graph.impl.ResponseTimeDistributionGraphConsumer#stopProducing(): responseTimeDistribution produced 0 samples
2026-05-30 21:19:48,285 INFO o.a.j.r.p.AbstractSampleConsumer: class org.apache.jmeter.report.processor.graph.impl.TransactionsPerSecondGraphConsumer#stopProducing(): transactionsPerSecond produced 0 samples
2026-05-30 21:19:48,285 INFO o.a.j.r.p.AbstractSampleConsumer: class org.apache.jmeter.report.processor.graph.impl.ResponseTimePercentilesGraphConsumer#stopProducing(): responseTimePercentiles produced 0 samples
2026-05-30 21:19:48,286 INFO o.a.j.r.p.AbstractSampleConsumer: class org.apache.jmeter.report.processor.graph.impl.ResponseTimePercentilesOverTimeGraphConsumer#stopProducing(): responseTimePercentilesOverTime produced 0 samples
2026-05-30 21:19:48,287 INFO o.a.j.r.p.AbstractSampleConsumer: class org.apache.jmeter.report.processor.graph.impl.ResponseTimeOverTimeGraphConsumer#stopProducing(): responseTimesOverTime produced 0 samples
2026-05-30 21:19:48,287 INFO o.a.j.r.p.AbstractSampleConsumer: class org.apache.jmeter.report.processor.graph.impl.ConnectTimeOverTimeGraphConsumer#stopProducing(): connectTimeOverTime produced 0 samples
2026-05-30 21:19:48,287 INFO o.a.j.r.p.AbstractSampleConsumer: class org.apache.jmeter.report.processor.graph.impl.LatencyOverTimeGraphConsumer#stopProducing(): latenciesOverTime produced 0 samples
2026-05-30 21:19:48,287 INFO o.a.j.r.p.AbstractSampleConsumer: class org.apache.jmeter.report.processor.FilterConsumer#stopProducing(): nameFilter produced 5505 samples
2026-05-30 21:19:48,287 INFO o.a.j.r.p.AbstractSampleConsumer: class org.apache.jmeter.report.processor.FilterConsumer#stopProducing(): dateRangeFilter produced 1101 samples
2026-05-30 21:19:48,287 INFO o.a.j.r.p.AbstractSampleConsumer: class org.apache.jmeter.report.processor.NormalizerSampleConsumer#stopProducing(): normalizer produced 367 samples
2026-05-30 21:19:48,288 INFO o.a.j.r.p.CsvFileSampleSource: produce(): 367 samples produced in 120ms on channel 0
2026-05-30 21:19:48,288 INFO o.a.j.r.d.ReportGenerator: Exporting data using exporter:'json' of className:'org.apache.jmeter.report.dashboard.JsonExporter'
2026-05-30 21:19:48,373 INFO o.a.j.r.d.JsonExporter: Found data for consumer statisticsSummary in context
2026-05-30 21:19:48,373 INFO o.a.j.r.d.JsonExporter: Creating statistics for overall
2026-05-30 21:19:48,373 INFO o.a.j.r.d.JsonExporter: Creating statistics for other transactions
2026-05-30 21:19:48,374 INFO o.a.j.r.d.JsonExporter: Checking output folder
2026-05-30 21:19:48,374 INFO o.a.j.r.d.JsonExporter: Writing statistics JSON to /home/studs/s413122/lab4/results/stress/report_tp300/statistics.json
2026-05-30 21:19:48,417 INFO o.a.j.r.d.ReportGenerator: Exporting data using exporter:'html' of className:'org.apache.jmeter.report.dashboard.HtmlTemplateExporter'
2026-05-30 21:19:48,419 INFO o.a.j.r.d.HtmlTemplateExporter: Will generate dashboard in folder: /home/studs/s413122/lab4/results/stress/report_tp300
2026-05-30 21:19:48,523 INFO o.a.j.r.d.HtmlTemplateExporter: Report will be generated in: /home/studs/s413122/lab4/results/stress/report_tp300, creating folder structure
2026-05-30 21:19:48,526 INFO o.a.j.r.d.TemplateVisitor: Copying folder from '/home/studs/s413122/apache-jmeter-5.6.3/bin/report-template' to '/home/studs/s413122/lab4/results/stress/report_tp300', got message: /home/studs/s413122/lab4/results/stress/report_tp300, found non empty folder with following content [/home/studs/s413122/lab4/results/stress/report_tp300/statistics.json], will be ignored
2026-05-30 21:19:48,738 INFO o.a.j.JMeter: Dashboard generated
