2026-05-30 21:21:40,130 INFO o.a.j.u.JMeterUtils: Setting Locale to en_EN
2026-05-30 21:21:40,155 INFO o.a.j.JMeter: Loading user properties from: /home/studs/s413122/apache-jmeter-5.6.3/bin/user.properties
2026-05-30 21:21:40,155 INFO o.a.j.JMeter: Loading system properties from: /home/studs/s413122/apache-jmeter-5.6.3/bin/system.properties
2026-05-30 21:21:40,156 INFO o.a.j.JMeter: Setting JMeter property: config=2
2026-05-30 21:21:40,156 INFO o.a.j.JMeter: Setting JMeter property: throughput=500
2026-05-30 21:21:40,156 INFO o.a.j.JMeter: Setting JMeter property: threads=20
2026-05-30 21:21:40,156 INFO o.a.j.JMeter: Setting JMeter property: duration=75
2026-05-30 21:21:40,156 INFO o.a.j.JMeter: Setting JMeter property: rampup=10
2026-05-30 21:21:40,164 INFO o.a.j.JMeter: Copyright (c) 1998-2024 The Apache Software Foundation
2026-05-30 21:21:40,164 INFO o.a.j.JMeter: Version 5.6.3
2026-05-30 21:21:40,164 INFO o.a.j.JMeter: java.version=17.0.12
2026-05-30 21:21:40,164 INFO o.a.j.JMeter: java.vm.name=OpenJDK 64-Bit Server VM
2026-05-30 21:21:40,164 INFO o.a.j.JMeter: os.name=FreeBSD
2026-05-30 21:21:40,164 INFO o.a.j.JMeter: os.arch=amd64
2026-05-30 21:21:40,164 INFO o.a.j.JMeter: os.version=14.4-STABLE
2026-05-30 21:21:40,164 INFO o.a.j.JMeter: file.encoding=UTF-8
2026-05-30 21:21:40,164 INFO o.a.j.JMeter: java.awt.headless=true
2026-05-30 21:21:40,165 INFO o.a.j.JMeter: Max memory     =2147483648
2026-05-30 21:21:40,165 INFO o.a.j.JMeter: Available Processors =16
2026-05-30 21:21:40,175 INFO o.a.j.JMeter: Default Locale=English (EN)
2026-05-30 21:21:40,176 INFO o.a.j.JMeter: JMeter  Locale=English (EN)
2026-05-30 21:21:40,176 INFO o.a.j.JMeter: JMeterHome=/home/studs/s413122/apache-jmeter-5.6.3
2026-05-30 21:21:40,176 INFO o.a.j.JMeter: user.dir  =/home/studs/s413122/lab4
2026-05-30 21:21:40,176 INFO o.a.j.JMeter: PWD       =/home/studs/s413122/lab4
2026-05-30 21:21:40,185 INFO o.a.j.JMeter: IP: 192.168.10.80 Name: helios.cs.ifmo.ru FullName: helios.cs.ifmo.ru
2026-05-30 21:21:40,200 INFO o.a.j.JMeter: Setting property 'jmeter.reportgenerator.outputdir' to:'/home/studs/s413122/lab4/results/stress/report_tp500'
2026-05-30 21:21:40,203 INFO o.a.j.s.FileServer: Default base='/home/studs/s413122/lab4'
2026-05-30 21:21:40,205 INFO o.a.j.s.FileServer: Set new base='/home/studs/s413122/lab4'
2026-05-30 21:21:40,403 INFO o.a.j.s.SaveService: Testplan (JMX) version: 2.2. Testlog (JTL) version: 2.2
2026-05-30 21:21:40,431 INFO o.a.j.s.SaveService: Using SaveService properties version 5.0
2026-05-30 21:21:40,434 INFO o.a.j.s.SaveService: Using SaveService properties file encoding UTF-8
2026-05-30 21:21:40,437 INFO o.a.j.s.SaveService: Loading file: /home/studs/s413122/lab4/load-test.jmx
2026-05-30 21:21:40,501 INFO o.a.j.p.h.s.HTTPSamplerBase: Parser for text/html is org.apache.jmeter.protocol.http.parser.LagartoBasedHtmlParser
2026-05-30 21:21:40,501 INFO o.a.j.p.h.s.HTTPSamplerBase: Parser for application/xhtml+xml is org.apache.jmeter.protocol.http.parser.LagartoBasedHtmlParser
2026-05-30 21:21:40,502 INFO o.a.j.p.h.s.HTTPSamplerBase: Parser for application/xml is org.apache.jmeter.protocol.http.parser.LagartoBasedHtmlParser
2026-05-30 21:21:40,502 INFO o.a.j.p.h.s.HTTPSamplerBase: Parser for text/xml is org.apache.jmeter.protocol.http.parser.LagartoBasedHtmlParser
2026-05-30 21:21:40,502 INFO o.a.j.p.h.s.HTTPSamplerBase: Parser for text/vnd.wap.wml is org.apache.jmeter.protocol.http.parser.RegexpHTMLParser
2026-05-30 21:21:40,502 INFO o.a.j.p.h.s.HTTPSamplerBase: Parser for text/css is org.apache.jmeter.protocol.http.parser.CssParser
2026-05-30 21:21:40,542 INFO o.a.j.JMeter: Creating summariser <summary>
2026-05-30 21:21:40,547 INFO o.a.j.r.d.ReportGenerator: ReportGenerator will use for Parsing the separator: ','
2026-05-30 21:21:40,547 INFO o.a.j.r.d.ReportGenerator: Will generate report at end of test from  results file: /home/studs/s413122/lab4/results/stress/stress_tp500.jtl
2026-05-30 21:21:40,547 INFO o.a.j.r.d.ReportGenerator: Reading report generator properties from: /home/studs/s413122/apache-jmeter-5.6.3/bin/reportgenerator.properties
2026-05-30 21:21:40,548 INFO o.a.j.r.d.ReportGenerator: Merging with JMeter properties
2026-05-30 21:21:40,552 INFO o.a.j.r.c.ReportGeneratorConfiguration: Property 'jmeter.reportgenerator.temp_dir' not found, using default value 'temp' instead.
2026-05-30 21:21:40,555 INFO o.a.j.r.c.ReportGeneratorConfiguration: Property 'jmeter.reportgenerator.apdex_per_transaction' not found, using default value 'null' instead.
2026-05-30 21:21:40,555 INFO o.a.j.r.c.ReportGeneratorConfiguration: apdex_per_transaction is empty, not APDEX per transaction customization
2026-05-30 21:21:40,556 INFO o.a.j.r.c.ReportGeneratorConfiguration: Property 'jmeter.reportgenerator.sample_filter' not found, using default value 'null' instead.
2026-05-30 21:21:40,556 INFO o.a.j.r.c.ReportGeneratorConfiguration: Property 'jmeter.reportgenerator.report_title' not found, using default value 'null' instead.
2026-05-30 21:21:40,556 INFO o.a.j.r.c.ReportGeneratorConfiguration: Property 'jmeter.reportgenerator.start_date' not found, using default value 'null' instead.
2026-05-30 21:21:40,556 INFO o.a.j.r.c.ReportGeneratorConfiguration: Property 'jmeter.reportgenerator.end_date' not found, using default value 'null' instead.
2026-05-30 21:21:40,556 INFO o.a.j.r.c.ReportGeneratorConfiguration: Property 'jmeter.reportgenerator.date_format' not found, using default value 'null' instead.
2026-05-30 21:21:40,557 INFO o.a.j.r.c.ReportGeneratorConfiguration: Will use date range start date: null, end date: null
2026-05-30 21:21:40,560 INFO o.a.j.r.c.ReportGeneratorConfiguration: Property 'jmeter.reportgenerator.graph.totalTPS.exclude_controllers' not found, using default value 'false' instead.
2026-05-30 21:21:40,561 INFO o.a.j.r.c.ReportGeneratorConfiguration: Property 'jmeter.reportgenerator.graph.activeThreadsOverTime.exclude_controllers' not found, using default value 'false' instead.
2026-05-30 21:21:40,561 INFO o.a.j.r.c.ReportGeneratorConfiguration: Property 'jmeter.reportgenerator.graph.timeVsThreads.exclude_controllers' not found, using default value 'false' instead.
2026-05-30 21:21:40,561 INFO o.a.j.r.c.ReportGeneratorConfiguration: Property 'jmeter.reportgenerator.graph.responseTimeDistribution.exclude_controllers' not found, using default value 'false' instead.
2026-05-30 21:21:40,561 INFO o.a.j.r.c.ReportGeneratorConfiguration: Property 'jmeter.reportgenerator.graph.transactionsPerSecond.exclude_controllers' not found, using default value 'false' instead.
2026-05-30 21:21:40,561 INFO o.a.j.r.c.ReportGeneratorConfiguration: Property 'jmeter.reportgenerator.graph.responseTimePercentiles.exclude_controllers' not found, using default value 'false' instead.
2026-05-30 21:21:40,562 INFO o.a.j.r.c.ReportGeneratorConfiguration: Property 'jmeter.reportgenerator.graph.responseTimePercentilesOverTime.exclude_controllers' not found, using default value 'false' instead.
2026-05-30 21:21:40,562 INFO o.a.j.r.c.ReportGeneratorConfiguration: Property 'jmeter.reportgenerator.graph.responseTimesOverTime.exclude_controllers' not found, using default value 'false' instead.
2026-05-30 21:21:40,562 INFO o.a.j.r.c.ReportGeneratorConfiguration: Property 'jmeter.reportgenerator.graph.connectTimeOverTime.exclude_controllers' not found, using default value 'false' instead.
2026-05-30 21:21:40,562 INFO o.a.j.r.c.ReportGeneratorConfiguration: Property 'jmeter.reportgenerator.graph.latenciesOverTime.exclude_controllers' not found, using default value 'false' instead.
2026-05-30 21:21:40,563 INFO o.a.j.r.c.ReportGeneratorConfiguration: Property 'jmeter.reportgenerator.exporter.json.filters_only_sample_series' not found, using default value 'true' instead.
2026-05-30 21:21:40,563 INFO o.a.j.r.c.ReportGeneratorConfiguration: Property 'jmeter.reportgenerator.exporter.json.series_filter' not found, using default value '' instead.
2026-05-30 21:21:40,563 INFO o.a.j.r.c.ReportGeneratorConfiguration: Property 'jmeter.reportgenerator.exporter.json.show_controllers_only' not found, using default value 'false' instead.
2026-05-30 21:21:40,564 INFO o.a.j.r.c.ReportGeneratorConfiguration: Property 'jmeter.reportgenerator.exporter.html.filters_only_sample_series' not found, using default value 'true' instead.
2026-05-30 21:21:40,564 INFO o.a.j.r.c.ReportGeneratorConfiguration: Property 'jmeter.reportgenerator.exporter.html.series_filter' not found, using default value '' instead.
2026-05-30 21:21:40,564 INFO o.a.j.r.c.ReportGeneratorConfiguration: Property 'jmeter.reportgenerator.exporter.html.show_controllers_only' not found, using default value 'false' instead.
2026-05-30 21:21:40,577 INFO o.a.j.e.StandardJMeterEngine: Running the test!
2026-05-30 21:21:40,578 INFO o.a.j.s.SampleEvent: List of sample_variables: []
2026-05-30 21:21:40,578 INFO o.a.j.s.SampleEvent: List of sample_variables: []
2026-05-30 21:21:40,583 INFO o.a.j.e.u.CompoundVariable: Note: Function class names must contain the string: '.functions.'
2026-05-30 21:21:40,583 INFO o.a.j.e.u.CompoundVariable: Note: Function class names must not contain the string: '.gui.'
2026-05-30 21:21:40,643 INFO o.a.j.r.ClassFinder: Will scan jar /home/studs/s413122/apache-jmeter-5.6.3/lib/ext/jmeter-plugins-cmd-2.3.jar with filter ExtendsClassFilter [parents=[interface org.apache.jmeter.functions.Function], inner=false, contains=null, notContains=null]. Consider exposing JMeter plugins via META-INF/services, and add JMeter-Skip-Class-Scanning=true manifest attribute so JMeter can skip classfile scanning
2026-05-30 21:21:40,646 INFO o.a.j.r.ClassFinder: Will scan jar /home/studs/s413122/apache-jmeter-5.6.3/lib/ext/jmeter-plugins-manager-1.10.jar with filter ExtendsClassFilter [parents=[interface org.apache.jmeter.functions.Function], inner=false, contains=null, notContains=null]. Consider exposing JMeter plugins via META-INF/services, and add JMeter-Skip-Class-Scanning=true manifest attribute so JMeter can skip classfile scanning
2026-05-30 21:21:40,734 INFO o.a.j.r.ClassFinder: Will scan jar /home/studs/s413122/apache-jmeter-5.6.3/lib/ext/jmeter-plugins-cmn-jmeter-0.8.jar with filter ExtendsClassFilter [parents=[interface org.apache.jmeter.functions.Function], inner=false, contains=null, notContains=null]. Consider exposing JMeter plugins via META-INF/services, and add JMeter-Skip-Class-Scanning=true manifest attribute so JMeter can skip classfile scanning
2026-05-30 21:21:40,762 INFO o.a.j.r.ClassFinder: Will scan jar /home/studs/s413122/apache-jmeter-5.6.3/lib/ext/jmeter-plugins-graphs-vs-2.0.jar with filter ExtendsClassFilter [parents=[interface org.apache.jmeter.functions.Function], inner=false, contains=null, notContains=null]. Consider exposing JMeter plugins via META-INF/services, and add JMeter-Skip-Class-Scanning=true manifest attribute so JMeter can skip classfile scanning
2026-05-30 21:21:40,763 INFO o.a.j.r.ClassFinder: Will scan jar /home/studs/s413122/apache-jmeter-5.6.3/lib/ext/jmeter-plugins-graphs-basic-2.0.jar with filter ExtendsClassFilter [parents=[interface org.apache.jmeter.functions.Function], inner=false, contains=null, notContains=null]. Consider exposing JMeter plugins via META-INF/services, and add JMeter-Skip-Class-Scanning=true manifest attribute so JMeter can skip classfile scanning
2026-05-30 21:21:40,780 INFO o.a.j.JMeter: Running test (1780165300780)
2026-05-30 21:21:40,799 INFO o.a.j.e.StandardJMeterEngine: Starting ThreadGroup: 1 : Users
2026-05-30 21:21:40,799 INFO o.a.j.e.StandardJMeterEngine: Starting 20 threads for group Users.
2026-05-30 21:21:40,799 INFO o.a.j.e.StandardJMeterEngine: Thread will continue on error
2026-05-30 21:21:40,799 INFO o.a.j.t.ThreadGroup: Starting thread group... number=1 threads=20 ramp-up=10 delayedStart=false
2026-05-30 21:21:40,807 INFO o.a.j.t.JMeterThread: Thread started: Users 1-1
2026-05-30 21:21:40,819 INFO o.a.j.t.ThreadGroup: Started thread group number 1
2026-05-30 21:21:40,819 INFO o.a.j.e.StandardJMeterEngine: All thread groups have been started
2026-05-30 21:21:40,851 INFO o.a.j.p.h.s.HTTPHCAbstractImpl: Local host = helios.cs.ifmo.ru
2026-05-30 21:21:40,857 INFO o.a.j.p.h.s.HTTPHC4Impl: HTTP request retry count = 0
2026-05-30 21:21:40,858 INFO o.a.j.s.SampleResult: Note: Sample TimeStamps are START times
2026-05-30 21:21:40,858 INFO o.a.j.s.SampleResult: sampleresult.default.encoding is set to UTF-8
2026-05-30 21:21:40,858 INFO o.a.j.s.SampleResult: sampleresult.useNanoTime=true
2026-05-30 21:21:40,858 INFO o.a.j.s.SampleResult: sampleresult.nanoThreadSleep=5000
2026-05-30 21:21:41,302 INFO o.a.j.t.JMeterThread: Thread started: Users 1-2
2026-05-30 21:21:43,345 INFO o.a.j.t.JMeterThread: Thread started: Users 1-5
2026-05-30 21:21:43,345 INFO o.a.j.t.JMeterThread: Thread started: Users 1-3
2026-05-30 21:21:43,345 INFO o.a.j.t.JMeterThread: Thread started: Users 1-6
2026-05-30 21:21:43,345 INFO o.a.j.t.JMeterThread: Thread started: Users 1-4
2026-05-30 21:21:43,800 INFO o.a.j.t.JMeterThread: Thread started: Users 1-7
2026-05-30 21:21:44,299 INFO o.a.j.t.JMeterThread: Thread started: Users 1-8
2026-05-30 21:21:44,800 INFO o.a.j.t.JMeterThread: Thread started: Users 1-9
2026-05-30 21:21:45,300 INFO o.a.j.t.JMeterThread: Thread started: Users 1-10
2026-05-30 21:21:45,799 INFO o.a.j.t.JMeterThread: Thread started: Users 1-11
2026-05-30 21:21:46,300 INFO o.a.j.t.JMeterThread: Thread started: Users 1-12
2026-05-30 21:21:46,800 INFO o.a.j.t.JMeterThread: Thread started: Users 1-13
2026-05-30 21:21:47,301 INFO o.a.j.t.JMeterThread: Thread started: Users 1-14
2026-05-30 21:21:47,800 INFO o.a.j.t.JMeterThread: Thread started: Users 1-15
2026-05-30 21:21:48,300 INFO o.a.j.t.JMeterThread: Thread started: Users 1-16
2026-05-30 21:21:48,799 INFO o.a.j.t.JMeterThread: Thread started: Users 1-17
2026-05-30 21:21:49,300 INFO o.a.j.t.JMeterThread: Thread started: Users 1-18
2026-05-30 21:21:49,799 INFO o.a.j.t.JMeterThread: Thread started: Users 1-19
2026-05-30 21:21:50,300 INFO o.a.j.t.JMeterThread: Thread started: Users 1-20
2026-05-30 21:22:00,026 INFO o.a.j.r.Summariser: summary +    142 in 00:00:19 =    7.4/s Avg:   766 Min:   705 Max:  2436 Err:     0 (0.00%) Active: 20 Started: 20 Finished: 0
2026-05-30 21:22:30,026 INFO o.a.j.r.Summariser: summary +    250 in 00:00:30 =    8.3/s Avg:   778 Min:   774 Max:   784 Err:     0 (0.00%) Active: 20 Started: 20 Finished: 0
2026-05-30 21:22:30,027 INFO o.a.j.r.Summariser: summary =    392 in 00:00:49 =    8.0/s Avg:   773 Min:   705 Max:  2436 Err:     0 (0.00%)
2026-05-30 21:22:54,266 INFO o.a.j.t.JMeterThread: Thread finished: Users 1-10
2026-05-30 21:22:54,385 INFO o.a.j.t.JMeterThread: Thread finished: Users 1-13
2026-05-30 21:22:54,505 INFO o.a.j.t.JMeterThread: Thread finished: Users 1-2
2026-05-30 21:22:54,626 INFO o.a.j.t.JMeterThread: Thread finished: Users 1-17
2026-05-30 21:22:54,745 INFO o.a.j.t.JMeterThread: Thread finished: Users 1-3
2026-05-30 21:22:54,866 INFO o.a.j.t.JMeterThread: Thread finished: Users 1-6
2026-05-30 21:22:54,987 INFO o.a.j.t.JMeterThread: Thread finished: Users 1-11
2026-05-30 21:22:55,107 INFO o.a.j.t.JMeterThread: Thread finished: Users 1-18
2026-05-30 21:22:55,226 INFO o.a.j.t.JMeterThread: Thread finished: Users 1-14
2026-05-30 21:22:55,345 INFO o.a.j.t.JMeterThread: Thread finished: Users 1-5
2026-05-30 21:22:55,465 INFO o.a.j.t.JMeterThread: Thread finished: Users 1-4
2026-05-30 21:22:55,583 INFO o.a.j.t.JMeterThread: Thread finished: Users 1-19
2026-05-30 21:22:55,706 INFO o.a.j.t.JMeterThread: Thread finished: Users 1-9
2026-05-30 21:22:55,826 INFO o.a.j.t.JMeterThread: Stopping because end time detected by thread: Users 1-15
2026-05-30 21:22:55,827 INFO o.a.j.t.JMeterThread: Thread finished: Users 1-15
2026-05-30 21:22:55,946 INFO o.a.j.t.JMeterThread: Stopping because end time detected by thread: Users 1-1
2026-05-30 21:22:55,946 INFO o.a.j.t.JMeterThread: Thread finished: Users 1-1
2026-05-30 21:22:56,065 INFO o.a.j.t.JMeterThread: Stopping because end time detected by thread: Users 1-12
2026-05-30 21:22:56,065 INFO o.a.j.t.JMeterThread: Thread finished: Users 1-12
2026-05-30 21:22:56,185 INFO o.a.j.t.JMeterThread: Stopping because end time detected by thread: Users 1-20
2026-05-30 21:22:56,185 INFO o.a.j.t.JMeterThread: Thread finished: Users 1-20
2026-05-30 21:22:56,306 INFO o.a.j.t.JMeterThread: Stopping because end time detected by thread: Users 1-8
2026-05-30 21:22:56,306 INFO o.a.j.t.JMeterThread: Thread finished: Users 1-8
2026-05-30 21:22:56,426 INFO o.a.j.t.JMeterThread: Stopping because end time detected by thread: Users 1-16
2026-05-30 21:22:56,427 INFO o.a.j.t.JMeterThread: Thread finished: Users 1-16
2026-05-30 21:22:56,546 INFO o.a.j.t.JMeterThread: Stopping because end time detected by thread: Users 1-7
2026-05-30 21:22:56,546 INFO o.a.j.t.JMeterThread: Thread finished: Users 1-7
2026-05-30 21:22:56,546 INFO o.a.j.e.StandardJMeterEngine: Notifying test listeners of end of test
2026-05-30 21:22:56,547 INFO o.a.j.r.Summariser: summary +    221 in 00:00:27 =    8.3/s Avg:   778 Min:   778 Max:   786 Err:     0 (0.00%) Active: 0 Started: 20 Finished: 20
2026-05-30 21:22:56,547 INFO o.a.j.r.Summariser: summary =    613 in 00:01:16 =    8.1/s Avg:   775 Min:   705 Max:  2436 Err:     0 (0.00%)
2026-05-30 21:22:56,548 INFO o.a.j.JMeter: Generating Dashboard
2026-05-30 21:22:56,548 INFO o.a.j.r.d.ReportGenerator: Flushing result collector before report Generation
2026-05-30 21:22:56,557 INFO o.a.j.r.p.NormalizerSampleConsumer: Using format, 'ms', to parse timeStamp field
2026-05-30 21:22:56,677 INFO o.a.j.r.p.AbstractSampleConsumer: class org.apache.jmeter.report.processor.AggregateConsumer#stopProducing(): beginDate produced 0 samples
2026-05-30 21:22:56,677 INFO o.a.j.r.p.AbstractSampleConsumer: class org.apache.jmeter.report.processor.AggregateConsumer#stopProducing(): endDate produced 0 samples
2026-05-30 21:22:56,679 INFO o.a.j.r.p.AbstractSampleConsumer: class org.apache.jmeter.report.processor.ApdexSummaryConsumer#stopProducing(): apdexSummary produced 0 samples
2026-05-30 21:22:56,679 INFO o.a.j.r.p.AbstractSampleConsumer: class org.apache.jmeter.report.processor.RequestsSummaryConsumer#stopProducing(): requestsSummary produced 0 samples
2026-05-30 21:22:56,683 INFO o.a.j.r.p.AbstractSampleConsumer: class org.apache.jmeter.report.processor.StatisticsSummaryConsumer#stopProducing(): statisticsSummary produced 0 samples
2026-05-30 21:22:56,685 INFO o.a.j.r.p.AbstractSampleConsumer: class org.apache.jmeter.report.processor.Top5ErrorsBySamplerConsumer#stopProducing(): top5ErrorsBySampler produced 0 samples
2026-05-30 21:22:56,686 INFO o.a.j.r.p.AbstractSampleConsumer: class org.apache.jmeter.report.processor.ErrorsSummaryConsumer#stopProducing(): errorsSummary produced 0 samples
2026-05-30 21:22:56,686 INFO o.a.j.r.p.AbstractSampleConsumer: class org.apache.jmeter.report.processor.graph.impl.HitsPerSecondGraphConsumer#stopProducing(): hitsPerSecond produced 0 samples
2026-05-30 21:22:56,709 INFO o.a.j.r.p.AbstractSampleConsumer: class org.apache.jmeter.report.processor.graph.impl.LatencyVSRequestGraphConsumer#stopProducing(): latencyVsRequest produced 0 samples
2026-05-30 21:22:56,710 INFO o.a.j.r.p.AbstractSampleConsumer: class org.apache.jmeter.report.processor.graph.impl.SyntheticResponseTimeDistributionGraphConsumer#stopProducing(): syntheticResponseTimeDistribution produced 0 samples
2026-05-30 21:22:56,710 INFO o.a.j.r.p.AbstractSampleConsumer: class org.apache.jmeter.report.processor.graph.impl.BytesThroughputGraphConsumer#stopProducing(): bytesThroughputOverTime produced 0 samples
2026-05-30 21:22:56,710 INFO o.a.j.r.p.AbstractSampleConsumer: class org.apache.jmeter.report.processor.graph.impl.CodesPerSecondGraphConsumer#stopProducing(): codesPerSecond produced 0 samples
2026-05-30 21:22:56,723 INFO o.a.j.r.p.AbstractSampleConsumer: class org.apache.jmeter.report.processor.graph.impl.ResponseTimeVSRequestGraphConsumer#stopProducing(): responseTimeVsRequest produced 0 samples
2026-05-30 21:22:56,723 INFO o.a.j.r.p.AbstractSampleConsumer: class org.apache.jmeter.report.processor.FilterConsumer#stopProducing(): startIntervalControlerFilter produced 4291 samples
2026-05-30 21:22:56,723 INFO o.a.j.r.p.AbstractSampleConsumer: class org.apache.jmeter.report.processor.graph.impl.TotalTPSGraphConsumer#stopProducing(): totalTPS produced 0 samples
2026-05-30 21:22:56,723 INFO o.a.j.r.p.AbstractSampleConsumer: class org.apache.jmeter.report.processor.graph.impl.ActiveThreadsGraphConsumer#stopProducing(): activeThreadsOverTime produced 0 samples
2026-05-30 21:22:56,724 INFO o.a.j.r.p.AbstractSampleConsumer: class org.apache.jmeter.report.processor.graph.impl.TimeVSThreadGraphConsumer#stopProducing(): timeVsThreads produced 0 samples
2026-05-30 21:22:56,724 INFO o.a.j.r.p.AbstractSampleConsumer: class org.apache.jmeter.report.processor.graph.impl.ResponseTimeDistributionGraphConsumer#stopProducing(): responseTimeDistribution produced 0 samples
2026-05-30 21:22:56,724 INFO o.a.j.r.p.AbstractSampleConsumer: class org.apache.jmeter.report.processor.graph.impl.TransactionsPerSecondGraphConsumer#stopProducing(): transactionsPerSecond produced 0 samples
2026-05-30 21:22:56,724 INFO o.a.j.r.p.AbstractSampleConsumer: class org.apache.jmeter.report.processor.graph.impl.ResponseTimePercentilesGraphConsumer#stopProducing(): responseTimePercentiles produced 0 samples
2026-05-30 21:22:56,725 INFO o.a.j.r.p.AbstractSampleConsumer: class org.apache.jmeter.report.processor.graph.impl.ResponseTimePercentilesOverTimeGraphConsumer#stopProducing(): responseTimePercentilesOverTime produced 0 samples
2026-05-30 21:22:56,726 INFO o.a.j.r.p.AbstractSampleConsumer: class org.apache.jmeter.report.processor.graph.impl.ResponseTimeOverTimeGraphConsumer#stopProducing(): responseTimesOverTime produced 0 samples
2026-05-30 21:22:56,726 INFO o.a.j.r.p.AbstractSampleConsumer: class org.apache.jmeter.report.processor.graph.impl.ConnectTimeOverTimeGraphConsumer#stopProducing(): connectTimeOverTime produced 0 samples
2026-05-30 21:22:56,726 INFO o.a.j.r.p.AbstractSampleConsumer: class org.apache.jmeter.report.processor.graph.impl.LatencyOverTimeGraphConsumer#stopProducing(): latenciesOverTime produced 0 samples
2026-05-30 21:22:56,726 INFO o.a.j.r.p.AbstractSampleConsumer: class org.apache.jmeter.report.processor.FilterConsumer#stopProducing(): nameFilter produced 9195 samples
2026-05-30 21:22:56,726 INFO o.a.j.r.p.AbstractSampleConsumer: class org.apache.jmeter.report.processor.FilterConsumer#stopProducing(): dateRangeFilter produced 1839 samples
2026-05-30 21:22:56,726 INFO o.a.j.r.p.AbstractSampleConsumer: class org.apache.jmeter.report.processor.NormalizerSampleConsumer#stopProducing(): normalizer produced 613 samples
2026-05-30 21:22:56,727 INFO o.a.j.r.p.CsvFileSampleSource: produce(): 613 samples produced in 144ms on channel 0
2026-05-30 21:22:56,727 INFO o.a.j.r.d.ReportGenerator: Exporting data using exporter:'json' of className:'org.apache.jmeter.report.dashboard.JsonExporter'
2026-05-30 21:22:56,810 INFO o.a.j.r.d.JsonExporter: Found data for consumer statisticsSummary in context
2026-05-30 21:22:56,811 INFO o.a.j.r.d.JsonExporter: Creating statistics for overall
2026-05-30 21:22:56,811 INFO o.a.j.r.d.JsonExporter: Creating statistics for other transactions
2026-05-30 21:22:56,812 INFO o.a.j.r.d.JsonExporter: Checking output folder
2026-05-30 21:22:56,812 INFO o.a.j.r.d.JsonExporter: Writing statistics JSON to /home/studs/s413122/lab4/results/stress/report_tp500/statistics.json
2026-05-30 21:22:56,853 INFO o.a.j.r.d.ReportGenerator: Exporting data using exporter:'html' of className:'org.apache.jmeter.report.dashboard.HtmlTemplateExporter'
2026-05-30 21:22:56,856 INFO o.a.j.r.d.HtmlTemplateExporter: Will generate dashboard in folder: /home/studs/s413122/lab4/results/stress/report_tp500
2026-05-30 21:22:56,958 INFO o.a.j.r.d.HtmlTemplateExporter: Report will be generated in: /home/studs/s413122/lab4/results/stress/report_tp500, creating folder structure
2026-05-30 21:22:56,960 INFO o.a.j.r.d.TemplateVisitor: Copying folder from '/home/studs/s413122/apache-jmeter-5.6.3/bin/report-template' to '/home/studs/s413122/lab4/results/stress/report_tp500', got message: /home/studs/s413122/lab4/results/stress/report_tp500, found non empty folder with following content [/home/studs/s413122/lab4/results/stress/report_tp500/statistics.json], will be ignored
2026-05-30 21:22:57,166 INFO o.a.j.JMeter: Dashboard generated
