2026-05-30 21:20:05,977 INFO o.a.j.u.JMeterUtils: Setting Locale to en_EN
2026-05-30 21:20:06,000 INFO o.a.j.JMeter: Loading user properties from: /home/studs/s413122/apache-jmeter-5.6.3/bin/user.properties
2026-05-30 21:20:06,000 INFO o.a.j.JMeter: Loading system properties from: /home/studs/s413122/apache-jmeter-5.6.3/bin/system.properties
2026-05-30 21:20:06,000 INFO o.a.j.JMeter: Setting JMeter property: config=2
2026-05-30 21:20:06,001 INFO o.a.j.JMeter: Setting JMeter property: throughput=400
2026-05-30 21:20:06,001 INFO o.a.j.JMeter: Setting JMeter property: threads=16
2026-05-30 21:20:06,001 INFO o.a.j.JMeter: Setting JMeter property: duration=75
2026-05-30 21:20:06,001 INFO o.a.j.JMeter: Setting JMeter property: rampup=10
2026-05-30 21:20:06,008 INFO o.a.j.JMeter: Copyright (c) 1998-2024 The Apache Software Foundation
2026-05-30 21:20:06,008 INFO o.a.j.JMeter: Version 5.6.3
2026-05-30 21:20:06,008 INFO o.a.j.JMeter: java.version=17.0.12
2026-05-30 21:20:06,008 INFO o.a.j.JMeter: java.vm.name=OpenJDK 64-Bit Server VM
2026-05-30 21:20:06,008 INFO o.a.j.JMeter: os.name=FreeBSD
2026-05-30 21:20:06,008 INFO o.a.j.JMeter: os.arch=amd64
2026-05-30 21:20:06,008 INFO o.a.j.JMeter: os.version=14.4-STABLE
2026-05-30 21:20:06,009 INFO o.a.j.JMeter: file.encoding=UTF-8
2026-05-30 21:20:06,009 INFO o.a.j.JMeter: java.awt.headless=true
2026-05-30 21:20:06,009 INFO o.a.j.JMeter: Max memory     =2147483648
2026-05-30 21:20:06,009 INFO o.a.j.JMeter: Available Processors =16
2026-05-30 21:20:06,019 INFO o.a.j.JMeter: Default Locale=English (EN)
2026-05-30 21:20:06,019 INFO o.a.j.JMeter: JMeter  Locale=English (EN)
2026-05-30 21:20:06,019 INFO o.a.j.JMeter: JMeterHome=/home/studs/s413122/apache-jmeter-5.6.3
2026-05-30 21:20:06,019 INFO o.a.j.JMeter: user.dir  =/home/studs/s413122/lab4
2026-05-30 21:20:06,019 INFO o.a.j.JMeter: PWD       =/home/studs/s413122/lab4
2026-05-30 21:20:06,028 INFO o.a.j.JMeter: IP: 192.168.10.80 Name: helios.cs.ifmo.ru FullName: helios.cs.ifmo.ru
2026-05-30 21:20:06,042 INFO o.a.j.JMeter: Setting property 'jmeter.reportgenerator.outputdir' to:'/home/studs/s413122/lab4/results/stress/report_tp400'
2026-05-30 21:20:06,047 INFO o.a.j.s.FileServer: Default base='/home/studs/s413122/lab4'
2026-05-30 21:20:06,050 INFO o.a.j.s.FileServer: Set new base='/home/studs/s413122/lab4'
2026-05-30 21:20:06,240 INFO o.a.j.s.SaveService: Testplan (JMX) version: 2.2. Testlog (JTL) version: 2.2
2026-05-30 21:20:06,267 INFO o.a.j.s.SaveService: Using SaveService properties version 5.0
2026-05-30 21:20:06,271 INFO o.a.j.s.SaveService: Using SaveService properties file encoding UTF-8
2026-05-30 21:20:06,274 INFO o.a.j.s.SaveService: Loading file: /home/studs/s413122/lab4/load-test.jmx
2026-05-30 21:20:06,336 INFO o.a.j.p.h.s.HTTPSamplerBase: Parser for text/html is org.apache.jmeter.protocol.http.parser.LagartoBasedHtmlParser
2026-05-30 21:20:06,336 INFO o.a.j.p.h.s.HTTPSamplerBase: Parser for application/xhtml+xml is org.apache.jmeter.protocol.http.parser.LagartoBasedHtmlParser
2026-05-30 21:20:06,336 INFO o.a.j.p.h.s.HTTPSamplerBase: Parser for application/xml is org.apache.jmeter.protocol.http.parser.LagartoBasedHtmlParser
2026-05-30 21:20:06,336 INFO o.a.j.p.h.s.HTTPSamplerBase: Parser for text/xml is org.apache.jmeter.protocol.http.parser.LagartoBasedHtmlParser
2026-05-30 21:20:06,336 INFO o.a.j.p.h.s.HTTPSamplerBase: Parser for text/vnd.wap.wml is org.apache.jmeter.protocol.http.parser.RegexpHTMLParser
2026-05-30 21:20:06,337 INFO o.a.j.p.h.s.HTTPSamplerBase: Parser for text/css is org.apache.jmeter.protocol.http.parser.CssParser
2026-05-30 21:20:06,370 INFO o.a.j.JMeter: Creating summariser <summary>
2026-05-30 21:20:06,374 INFO o.a.j.r.d.ReportGenerator: ReportGenerator will use for Parsing the separator: ','
2026-05-30 21:20:06,374 INFO o.a.j.r.d.ReportGenerator: Will generate report at end of test from  results file: /home/studs/s413122/lab4/results/stress/stress_tp400.jtl
2026-05-30 21:20:06,374 INFO o.a.j.r.d.ReportGenerator: Reading report generator properties from: /home/studs/s413122/apache-jmeter-5.6.3/bin/reportgenerator.properties
2026-05-30 21:20:06,375 INFO o.a.j.r.d.ReportGenerator: Merging with JMeter properties
2026-05-30 21:20:06,384 INFO o.a.j.r.c.ReportGeneratorConfiguration: Property 'jmeter.reportgenerator.temp_dir' not found, using default value 'temp' instead.
2026-05-30 21:20:06,387 INFO o.a.j.r.c.ReportGeneratorConfiguration: Property 'jmeter.reportgenerator.apdex_per_transaction' not found, using default value 'null' instead.
2026-05-30 21:20:06,388 INFO o.a.j.r.c.ReportGeneratorConfiguration: apdex_per_transaction is empty, not APDEX per transaction customization
2026-05-30 21:20:06,388 INFO o.a.j.r.c.ReportGeneratorConfiguration: Property 'jmeter.reportgenerator.sample_filter' not found, using default value 'null' instead.
2026-05-30 21:20:06,388 INFO o.a.j.r.c.ReportGeneratorConfiguration: Property 'jmeter.reportgenerator.report_title' not found, using default value 'null' instead.
2026-05-30 21:20:06,388 INFO o.a.j.r.c.ReportGeneratorConfiguration: Property 'jmeter.reportgenerator.start_date' not found, using default value 'null' instead.
2026-05-30 21:20:06,388 INFO o.a.j.r.c.ReportGeneratorConfiguration: Property 'jmeter.reportgenerator.end_date' not found, using default value 'null' instead.
2026-05-30 21:20:06,388 INFO o.a.j.r.c.ReportGeneratorConfiguration: Property 'jmeter.reportgenerator.date_format' not found, using default value 'null' instead.
2026-05-30 21:20:06,389 INFO o.a.j.r.c.ReportGeneratorConfiguration: Will use date range start date: null, end date: null
2026-05-30 21:20:06,392 INFO o.a.j.r.c.ReportGeneratorConfiguration: Property 'jmeter.reportgenerator.graph.totalTPS.exclude_controllers' not found, using default value 'false' instead.
2026-05-30 21:20:06,393 INFO o.a.j.r.c.ReportGeneratorConfiguration: Property 'jmeter.reportgenerator.graph.activeThreadsOverTime.exclude_controllers' not found, using default value 'false' instead.
2026-05-30 21:20:06,393 INFO o.a.j.r.c.ReportGeneratorConfiguration: Property 'jmeter.reportgenerator.graph.timeVsThreads.exclude_controllers' not found, using default value 'false' instead.
2026-05-30 21:20:06,393 INFO o.a.j.r.c.ReportGeneratorConfiguration: Property 'jmeter.reportgenerator.graph.responseTimeDistribution.exclude_controllers' not found, using default value 'false' instead.
2026-05-30 21:20:06,393 INFO o.a.j.r.c.ReportGeneratorConfiguration: Property 'jmeter.reportgenerator.graph.transactionsPerSecond.exclude_controllers' not found, using default value 'false' instead.
2026-05-30 21:20:06,393 INFO o.a.j.r.c.ReportGeneratorConfiguration: Property 'jmeter.reportgenerator.graph.responseTimePercentiles.exclude_controllers' not found, using default value 'false' instead.
2026-05-30 21:20:06,393 INFO o.a.j.r.c.ReportGeneratorConfiguration: Property 'jmeter.reportgenerator.graph.responseTimePercentilesOverTime.exclude_controllers' not found, using default value 'false' instead.
2026-05-30 21:20:06,394 INFO o.a.j.r.c.ReportGeneratorConfiguration: Property 'jmeter.reportgenerator.graph.responseTimesOverTime.exclude_controllers' not found, using default value 'false' instead.
2026-05-30 21:20:06,394 INFO o.a.j.r.c.ReportGeneratorConfiguration: Property 'jmeter.reportgenerator.graph.connectTimeOverTime.exclude_controllers' not found, using default value 'false' instead.
2026-05-30 21:20:06,394 INFO o.a.j.r.c.ReportGeneratorConfiguration: Property 'jmeter.reportgenerator.graph.latenciesOverTime.exclude_controllers' not found, using default value 'false' instead.
2026-05-30 21:20:06,395 INFO o.a.j.r.c.ReportGeneratorConfiguration: Property 'jmeter.reportgenerator.exporter.json.filters_only_sample_series' not found, using default value 'true' instead.
2026-05-30 21:20:06,395 INFO o.a.j.r.c.ReportGeneratorConfiguration: Property 'jmeter.reportgenerator.exporter.json.series_filter' not found, using default value '' instead.
2026-05-30 21:20:06,395 INFO o.a.j.r.c.ReportGeneratorConfiguration: Property 'jmeter.reportgenerator.exporter.json.show_controllers_only' not found, using default value 'false' instead.
2026-05-30 21:20:06,395 INFO o.a.j.r.c.ReportGeneratorConfiguration: Property 'jmeter.reportgenerator.exporter.html.filters_only_sample_series' not found, using default value 'true' instead.
2026-05-30 21:20:06,396 INFO o.a.j.r.c.ReportGeneratorConfiguration: Property 'jmeter.reportgenerator.exporter.html.series_filter' not found, using default value '' instead.
2026-05-30 21:20:06,396 INFO o.a.j.r.c.ReportGeneratorConfiguration: Property 'jmeter.reportgenerator.exporter.html.show_controllers_only' not found, using default value 'false' instead.
2026-05-30 21:20:06,408 INFO o.a.j.e.StandardJMeterEngine: Running the test!
2026-05-30 21:20:06,409 INFO o.a.j.s.SampleEvent: List of sample_variables: []
2026-05-30 21:20:06,409 INFO o.a.j.s.SampleEvent: List of sample_variables: []
2026-05-30 21:20:06,414 INFO o.a.j.e.u.CompoundVariable: Note: Function class names must contain the string: '.functions.'
2026-05-30 21:20:06,414 INFO o.a.j.e.u.CompoundVariable: Note: Function class names must not contain the string: '.gui.'
2026-05-30 21:20:06,478 INFO o.a.j.r.ClassFinder: Will scan jar /home/studs/s413122/apache-jmeter-5.6.3/lib/ext/jmeter-plugins-cmd-2.3.jar with filter ExtendsClassFilter [parents=[interface org.apache.jmeter.functions.Function], inner=false, contains=null, notContains=null]. Consider exposing JMeter plugins via META-INF/services, and add JMeter-Skip-Class-Scanning=true manifest attribute so JMeter can skip classfile scanning
2026-05-30 21:20:06,482 INFO o.a.j.r.ClassFinder: Will scan jar /home/studs/s413122/apache-jmeter-5.6.3/lib/ext/jmeter-plugins-manager-1.10.jar with filter ExtendsClassFilter [parents=[interface org.apache.jmeter.functions.Function], inner=false, contains=null, notContains=null]. Consider exposing JMeter plugins via META-INF/services, and add JMeter-Skip-Class-Scanning=true manifest attribute so JMeter can skip classfile scanning
2026-05-30 21:20:06,577 INFO o.a.j.r.ClassFinder: Will scan jar /home/studs/s413122/apache-jmeter-5.6.3/lib/ext/jmeter-plugins-cmn-jmeter-0.8.jar with filter ExtendsClassFilter [parents=[interface org.apache.jmeter.functions.Function], inner=false, contains=null, notContains=null]. Consider exposing JMeter plugins via META-INF/services, and add JMeter-Skip-Class-Scanning=true manifest attribute so JMeter can skip classfile scanning
2026-05-30 21:20:06,606 INFO o.a.j.r.ClassFinder: Will scan jar /home/studs/s413122/apache-jmeter-5.6.3/lib/ext/jmeter-plugins-graphs-vs-2.0.jar with filter ExtendsClassFilter [parents=[interface org.apache.jmeter.functions.Function], inner=false, contains=null, notContains=null]. Consider exposing JMeter plugins via META-INF/services, and add JMeter-Skip-Class-Scanning=true manifest attribute so JMeter can skip classfile scanning
2026-05-30 21:20:06,609 INFO o.a.j.r.ClassFinder: Will scan jar /home/studs/s413122/apache-jmeter-5.6.3/lib/ext/jmeter-plugins-graphs-basic-2.0.jar with filter ExtendsClassFilter [parents=[interface org.apache.jmeter.functions.Function], inner=false, contains=null, notContains=null]. Consider exposing JMeter plugins via META-INF/services, and add JMeter-Skip-Class-Scanning=true manifest attribute so JMeter can skip classfile scanning
2026-05-30 21:20:06,631 INFO o.a.j.JMeter: Running test (1780165206631)
2026-05-30 21:20:06,651 INFO o.a.j.e.StandardJMeterEngine: Starting ThreadGroup: 1 : Users
2026-05-30 21:20:06,652 INFO o.a.j.e.StandardJMeterEngine: Starting 16 threads for group Users.
2026-05-30 21:20:06,652 INFO o.a.j.e.StandardJMeterEngine: Thread will continue on error
2026-05-30 21:20:06,652 INFO o.a.j.t.ThreadGroup: Starting thread group... number=1 threads=16 ramp-up=10 delayedStart=false
2026-05-30 21:20:06,659 INFO o.a.j.t.JMeterThread: Thread started: Users 1-1
2026-05-30 21:20:06,671 INFO o.a.j.t.ThreadGroup: Started thread group number 1
2026-05-30 21:20:06,671 INFO o.a.j.e.StandardJMeterEngine: All thread groups have been started
2026-05-30 21:20:06,711 INFO o.a.j.p.h.s.HTTPHCAbstractImpl: Local host = helios.cs.ifmo.ru
2026-05-30 21:20:06,718 INFO o.a.j.p.h.s.HTTPHC4Impl: HTTP request retry count = 0
2026-05-30 21:20:06,721 INFO o.a.j.s.SampleResult: Note: Sample TimeStamps are START times
2026-05-30 21:20:06,721 INFO o.a.j.s.SampleResult: sampleresult.default.encoding is set to UTF-8
2026-05-30 21:20:06,721 INFO o.a.j.s.SampleResult: sampleresult.useNanoTime=true
2026-05-30 21:20:06,721 INFO o.a.j.s.SampleResult: sampleresult.nanoThreadSleep=5000
2026-05-30 21:20:09,251 INFO o.a.j.t.JMeterThread: Thread started: Users 1-5
2026-05-30 21:20:09,251 INFO o.a.j.t.JMeterThread: Thread started: Users 1-4
2026-05-30 21:20:09,251 INFO o.a.j.t.JMeterThread: Thread started: Users 1-3
2026-05-30 21:20:09,251 INFO o.a.j.t.JMeterThread: Thread started: Users 1-2
2026-05-30 21:20:09,779 INFO o.a.j.t.JMeterThread: Thread started: Users 1-6
2026-05-30 21:20:10,404 INFO o.a.j.t.JMeterThread: Thread started: Users 1-7
2026-05-30 21:20:11,029 INFO o.a.j.t.JMeterThread: Thread started: Users 1-8
2026-05-30 21:20:11,654 INFO o.a.j.t.JMeterThread: Thread started: Users 1-9
2026-05-30 21:20:12,278 INFO o.a.j.t.JMeterThread: Thread started: Users 1-10
2026-05-30 21:20:12,903 INFO o.a.j.t.JMeterThread: Thread started: Users 1-11
2026-05-30 21:20:13,528 INFO o.a.j.t.JMeterThread: Thread started: Users 1-12
2026-05-30 21:20:14,154 INFO o.a.j.t.JMeterThread: Thread started: Users 1-13
2026-05-30 21:20:14,780 INFO o.a.j.t.JMeterThread: Thread started: Users 1-14
2026-05-30 21:20:15,403 INFO o.a.j.t.JMeterThread: Thread started: Users 1-15
2026-05-30 21:20:16,028 INFO o.a.j.t.JMeterThread: Thread started: Users 1-16
2026-05-30 21:20:30,106 INFO o.a.j.r.Summariser: summary +    141 in 00:00:23 =    6.0/s Avg:   756 Min:   705 Max:  2468 Err:     0 (0.00%) Active: 16 Started: 16 Finished: 0
2026-05-30 21:21:00,103 INFO o.a.j.r.Summariser: summary +    200 in 00:00:30 =    6.7/s Avg:   758 Min:   758 Max:   760 Err:     0 (0.00%) Active: 16 Started: 16 Finished: 0
2026-05-30 21:21:00,103 INFO o.a.j.r.Summariser: summary =    341 in 00:00:53 =    6.4/s Avg:   757 Min:   705 Max:  2468 Err:     0 (0.00%)
2026-05-30 21:21:20,052 INFO o.a.j.t.JMeterThread: Thread finished: Users 1-8
2026-05-30 21:21:20,201 INFO o.a.j.t.JMeterThread: Thread finished: Users 1-1
2026-05-30 21:21:20,352 INFO o.a.j.t.JMeterThread: Thread finished: Users 1-7
2026-05-30 21:21:20,502 INFO o.a.j.t.JMeterThread: Thread finished: Users 1-14
2026-05-30 21:21:20,653 INFO o.a.j.t.JMeterThread: Thread finished: Users 1-6
2026-05-30 21:21:20,803 INFO o.a.j.t.JMeterThread: Thread finished: Users 1-11
2026-05-30 21:21:20,952 INFO o.a.j.t.JMeterThread: Thread finished: Users 1-9
2026-05-30 21:21:21,104 INFO o.a.j.t.JMeterThread: Thread finished: Users 1-2
2026-05-30 21:21:21,252 INFO o.a.j.t.JMeterThread: Thread finished: Users 1-15
2026-05-30 21:21:21,403 INFO o.a.j.t.JMeterThread: Thread finished: Users 1-4
2026-05-30 21:21:21,553 INFO o.a.j.t.JMeterThread: Thread finished: Users 1-12
2026-05-30 21:21:21,703 INFO o.a.j.t.JMeterThread: Stopping because end time detected by thread: Users 1-3
2026-05-30 21:21:21,704 INFO o.a.j.t.JMeterThread: Thread finished: Users 1-3
2026-05-30 21:21:21,852 INFO o.a.j.t.JMeterThread: Stopping because end time detected by thread: Users 1-10
2026-05-30 21:21:21,852 INFO o.a.j.t.JMeterThread: Thread finished: Users 1-10
2026-05-30 21:21:22,002 INFO o.a.j.t.JMeterThread: Stopping because end time detected by thread: Users 1-16
2026-05-30 21:21:22,002 INFO o.a.j.t.JMeterThread: Thread finished: Users 1-16
2026-05-30 21:21:22,153 INFO o.a.j.t.JMeterThread: Stopping because end time detected by thread: Users 1-5
2026-05-30 21:21:22,153 INFO o.a.j.t.JMeterThread: Thread finished: Users 1-5
2026-05-30 21:21:22,302 INFO o.a.j.t.JMeterThread: Stopping because end time detected by thread: Users 1-13
2026-05-30 21:21:22,302 INFO o.a.j.t.JMeterThread: Thread finished: Users 1-13
2026-05-30 21:21:22,302 INFO o.a.j.e.StandardJMeterEngine: Notifying test listeners of end of test
2026-05-30 21:21:22,303 INFO o.a.j.r.Summariser: summary +    148 in 00:00:22 =    6.7/s Avg:   758 Min:   758 Max:   768 Err:     0 (0.00%) Active: 0 Started: 16 Finished: 16
2026-05-30 21:21:22,303 INFO o.a.j.r.Summariser: summary =    489 in 00:01:16 =    6.5/s Avg:   758 Min:   705 Max:  2468 Err:     0 (0.00%)
2026-05-30 21:21:22,304 INFO o.a.j.JMeter: Generating Dashboard
2026-05-30 21:21:22,304 INFO o.a.j.r.d.ReportGenerator: Flushing result collector before report Generation
2026-05-30 21:21:22,313 INFO o.a.j.r.p.NormalizerSampleConsumer: Using format, 'ms', to parse timeStamp field
2026-05-30 21:21:22,423 INFO o.a.j.r.p.AbstractSampleConsumer: class org.apache.jmeter.report.processor.AggregateConsumer#stopProducing(): beginDate produced 0 samples
2026-05-30 21:21:22,423 INFO o.a.j.r.p.AbstractSampleConsumer: class org.apache.jmeter.report.processor.AggregateConsumer#stopProducing(): endDate produced 0 samples
2026-05-30 21:21:22,425 INFO o.a.j.r.p.AbstractSampleConsumer: class org.apache.jmeter.report.processor.ApdexSummaryConsumer#stopProducing(): apdexSummary produced 0 samples
2026-05-30 21:21:22,425 INFO o.a.j.r.p.AbstractSampleConsumer: class org.apache.jmeter.report.processor.RequestsSummaryConsumer#stopProducing(): requestsSummary produced 0 samples
2026-05-30 21:21:22,429 INFO o.a.j.r.p.AbstractSampleConsumer: class org.apache.jmeter.report.processor.StatisticsSummaryConsumer#stopProducing(): statisticsSummary produced 0 samples
2026-05-30 21:21:22,431 INFO o.a.j.r.p.AbstractSampleConsumer: class org.apache.jmeter.report.processor.Top5ErrorsBySamplerConsumer#stopProducing(): top5ErrorsBySampler produced 0 samples
2026-05-30 21:21:22,431 INFO o.a.j.r.p.AbstractSampleConsumer: class org.apache.jmeter.report.processor.ErrorsSummaryConsumer#stopProducing(): errorsSummary produced 0 samples
2026-05-30 21:21:22,431 INFO o.a.j.r.p.AbstractSampleConsumer: class org.apache.jmeter.report.processor.graph.impl.HitsPerSecondGraphConsumer#stopProducing(): hitsPerSecond produced 0 samples
2026-05-30 21:21:22,453 INFO o.a.j.r.p.AbstractSampleConsumer: class org.apache.jmeter.report.processor.graph.impl.LatencyVSRequestGraphConsumer#stopProducing(): latencyVsRequest produced 0 samples
2026-05-30 21:21:22,453 INFO o.a.j.r.p.AbstractSampleConsumer: class org.apache.jmeter.report.processor.graph.impl.SyntheticResponseTimeDistributionGraphConsumer#stopProducing(): syntheticResponseTimeDistribution produced 0 samples
2026-05-30 21:21:22,454 INFO o.a.j.r.p.AbstractSampleConsumer: class org.apache.jmeter.report.processor.graph.impl.BytesThroughputGraphConsumer#stopProducing(): bytesThroughputOverTime produced 0 samples
2026-05-30 21:21:22,454 INFO o.a.j.r.p.AbstractSampleConsumer: class org.apache.jmeter.report.processor.graph.impl.CodesPerSecondGraphConsumer#stopProducing(): codesPerSecond produced 0 samples
2026-05-30 21:21:22,464 INFO o.a.j.r.p.AbstractSampleConsumer: class org.apache.jmeter.report.processor.graph.impl.ResponseTimeVSRequestGraphConsumer#stopProducing(): responseTimeVsRequest produced 0 samples
2026-05-30 21:21:22,464 INFO o.a.j.r.p.AbstractSampleConsumer: class org.apache.jmeter.report.processor.FilterConsumer#stopProducing(): startIntervalControlerFilter produced 3423 samples
2026-05-30 21:21:22,464 INFO o.a.j.r.p.AbstractSampleConsumer: class org.apache.jmeter.report.processor.graph.impl.TotalTPSGraphConsumer#stopProducing(): totalTPS produced 0 samples
2026-05-30 21:21:22,465 INFO o.a.j.r.p.AbstractSampleConsumer: class org.apache.jmeter.report.processor.graph.impl.ActiveThreadsGraphConsumer#stopProducing(): activeThreadsOverTime produced 0 samples
2026-05-30 21:21:22,465 INFO o.a.j.r.p.AbstractSampleConsumer: class org.apache.jmeter.report.processor.graph.impl.TimeVSThreadGraphConsumer#stopProducing(): timeVsThreads produced 0 samples
2026-05-30 21:21:22,465 INFO o.a.j.r.p.AbstractSampleConsumer: class org.apache.jmeter.report.processor.graph.impl.ResponseTimeDistributionGraphConsumer#stopProducing(): responseTimeDistribution produced 0 samples
2026-05-30 21:21:22,465 INFO o.a.j.r.p.AbstractSampleConsumer: class org.apache.jmeter.report.processor.graph.impl.TransactionsPerSecondGraphConsumer#stopProducing(): transactionsPerSecond produced 0 samples
2026-05-30 21:21:22,465 INFO o.a.j.r.p.AbstractSampleConsumer: class org.apache.jmeter.report.processor.graph.impl.ResponseTimePercentilesGraphConsumer#stopProducing(): responseTimePercentiles produced 0 samples
2026-05-30 21:21:22,466 INFO o.a.j.r.p.AbstractSampleConsumer: class org.apache.jmeter.report.processor.graph.impl.ResponseTimePercentilesOverTimeGraphConsumer#stopProducing(): responseTimePercentilesOverTime produced 0 samples
2026-05-30 21:21:22,467 INFO o.a.j.r.p.AbstractSampleConsumer: class org.apache.jmeter.report.processor.graph.impl.ResponseTimeOverTimeGraphConsumer#stopProducing(): responseTimesOverTime produced 0 samples
2026-05-30 21:21:22,467 INFO o.a.j.r.p.AbstractSampleConsumer: class org.apache.jmeter.report.processor.graph.impl.ConnectTimeOverTimeGraphConsumer#stopProducing(): connectTimeOverTime produced 0 samples
2026-05-30 21:21:22,467 INFO o.a.j.r.p.AbstractSampleConsumer: class org.apache.jmeter.report.processor.graph.impl.LatencyOverTimeGraphConsumer#stopProducing(): latenciesOverTime produced 0 samples
2026-05-30 21:21:22,467 INFO o.a.j.r.p.AbstractSampleConsumer: class org.apache.jmeter.report.processor.FilterConsumer#stopProducing(): nameFilter produced 7335 samples
2026-05-30 21:21:22,467 INFO o.a.j.r.p.AbstractSampleConsumer: class org.apache.jmeter.report.processor.FilterConsumer#stopProducing(): dateRangeFilter produced 1467 samples
2026-05-30 21:21:22,467 INFO o.a.j.r.p.AbstractSampleConsumer: class org.apache.jmeter.report.processor.NormalizerSampleConsumer#stopProducing(): normalizer produced 489 samples
2026-05-30 21:21:22,468 INFO o.a.j.r.p.CsvFileSampleSource: produce(): 489 samples produced in 130ms on channel 0
2026-05-30 21:21:22,468 INFO o.a.j.r.d.ReportGenerator: Exporting data using exporter:'json' of className:'org.apache.jmeter.report.dashboard.JsonExporter'
2026-05-30 21:21:22,551 INFO o.a.j.r.d.JsonExporter: Found data for consumer statisticsSummary in context
2026-05-30 21:21:22,551 INFO o.a.j.r.d.JsonExporter: Creating statistics for overall
2026-05-30 21:21:22,552 INFO o.a.j.r.d.JsonExporter: Creating statistics for other transactions
2026-05-30 21:21:22,552 INFO o.a.j.r.d.JsonExporter: Checking output folder
2026-05-30 21:21:22,553 INFO o.a.j.r.d.JsonExporter: Writing statistics JSON to /home/studs/s413122/lab4/results/stress/report_tp400/statistics.json
2026-05-30 21:21:22,595 INFO o.a.j.r.d.ReportGenerator: Exporting data using exporter:'html' of className:'org.apache.jmeter.report.dashboard.HtmlTemplateExporter'
2026-05-30 21:21:22,597 INFO o.a.j.r.d.HtmlTemplateExporter: Will generate dashboard in folder: /home/studs/s413122/lab4/results/stress/report_tp400
2026-05-30 21:21:22,701 INFO o.a.j.r.d.HtmlTemplateExporter: Report will be generated in: /home/studs/s413122/lab4/results/stress/report_tp400, creating folder structure
2026-05-30 21:21:22,703 INFO o.a.j.r.d.TemplateVisitor: Copying folder from '/home/studs/s413122/apache-jmeter-5.6.3/bin/report-template' to '/home/studs/s413122/lab4/results/stress/report_tp400', got message: /home/studs/s413122/lab4/results/stress/report_tp400, found non empty folder with following content [/home/studs/s413122/lab4/results/stress/report_tp400/statistics.json], will be ignored
2026-05-30 21:21:22,914 INFO o.a.j.JMeter: Dashboard generated
