2026-05-30 21:06:39,858 INFO o.a.j.u.JMeterUtils: Setting Locale to en_EN
2026-05-30 21:06:39,880 INFO o.a.j.JMeter: Loading user properties from: /home/studs/s413122/apache-jmeter-5.6.3/bin/user.properties
2026-05-30 21:06:39,881 INFO o.a.j.JMeter: Loading system properties from: /home/studs/s413122/apache-jmeter-5.6.3/bin/system.properties
2026-05-30 21:06:39,881 INFO o.a.j.JMeter: Setting JMeter property: config=3
2026-05-30 21:06:39,881 INFO o.a.j.JMeter: Setting JMeter property: throughput=100
2026-05-30 21:06:39,881 INFO o.a.j.JMeter: Setting JMeter property: threads=5
2026-05-30 21:06:39,881 INFO o.a.j.JMeter: Setting JMeter property: duration=180
2026-05-30 21:06:39,881 INFO o.a.j.JMeter: Setting JMeter property: rampup=10
2026-05-30 21:06:39,888 INFO o.a.j.JMeter: Copyright (c) 1998-2024 The Apache Software Foundation
2026-05-30 21:06:39,888 INFO o.a.j.JMeter: Version 5.6.3
2026-05-30 21:06:39,888 INFO o.a.j.JMeter: java.version=17.0.12
2026-05-30 21:06:39,888 INFO o.a.j.JMeter: java.vm.name=OpenJDK 64-Bit Server VM
2026-05-30 21:06:39,888 INFO o.a.j.JMeter: os.name=FreeBSD
2026-05-30 21:06:39,889 INFO o.a.j.JMeter: os.arch=amd64
2026-05-30 21:06:39,889 INFO o.a.j.JMeter: os.version=14.4-STABLE
2026-05-30 21:06:39,889 INFO o.a.j.JMeter: file.encoding=UTF-8
2026-05-30 21:06:39,889 INFO o.a.j.JMeter: java.awt.headless=true
2026-05-30 21:06:39,889 INFO o.a.j.JMeter: Max memory     =2147483648
2026-05-30 21:06:39,889 INFO o.a.j.JMeter: Available Processors =16
2026-05-30 21:06:39,899 INFO o.a.j.JMeter: Default Locale=English (EN)
2026-05-30 21:06:39,899 INFO o.a.j.JMeter: JMeter  Locale=English (EN)
2026-05-30 21:06:39,899 INFO o.a.j.JMeter: JMeterHome=/home/studs/s413122/apache-jmeter-5.6.3
2026-05-30 21:06:39,899 INFO o.a.j.JMeter: user.dir  =/home/studs/s413122/lab4
2026-05-30 21:06:39,899 INFO o.a.j.JMeter: PWD       =/home/studs/s413122/lab4
2026-05-30 21:06:39,908 INFO o.a.j.JMeter: IP: 192.168.10.80 Name: helios.cs.ifmo.ru FullName: helios.cs.ifmo.ru
2026-05-30 21:06:39,921 INFO o.a.j.JMeter: Setting property 'jmeter.reportgenerator.outputdir' to:'/home/studs/s413122/lab4/results/report_cfg3'
2026-05-30 21:06:39,924 INFO o.a.j.s.FileServer: Default base='/home/studs/s413122/lab4'
2026-05-30 21:06:39,925 INFO o.a.j.s.FileServer: Set new base='/home/studs/s413122/lab4'
2026-05-30 21:06:40,122 INFO o.a.j.s.SaveService: Testplan (JMX) version: 2.2. Testlog (JTL) version: 2.2
2026-05-30 21:06:40,149 INFO o.a.j.s.SaveService: Using SaveService properties version 5.0
2026-05-30 21:06:40,152 INFO o.a.j.s.SaveService: Using SaveService properties file encoding UTF-8
2026-05-30 21:06:40,156 INFO o.a.j.s.SaveService: Loading file: /home/studs/s413122/lab4/load-test.jmx
2026-05-30 21:06:40,216 INFO o.a.j.p.h.s.HTTPSamplerBase: Parser for text/html is org.apache.jmeter.protocol.http.parser.LagartoBasedHtmlParser
2026-05-30 21:06:40,216 INFO o.a.j.p.h.s.HTTPSamplerBase: Parser for application/xhtml+xml is org.apache.jmeter.protocol.http.parser.LagartoBasedHtmlParser
2026-05-30 21:06:40,216 INFO o.a.j.p.h.s.HTTPSamplerBase: Parser for application/xml is org.apache.jmeter.protocol.http.parser.LagartoBasedHtmlParser
2026-05-30 21:06:40,217 INFO o.a.j.p.h.s.HTTPSamplerBase: Parser for text/xml is org.apache.jmeter.protocol.http.parser.LagartoBasedHtmlParser
2026-05-30 21:06:40,217 INFO o.a.j.p.h.s.HTTPSamplerBase: Parser for text/vnd.wap.wml is org.apache.jmeter.protocol.http.parser.RegexpHTMLParser
2026-05-30 21:06:40,217 INFO o.a.j.p.h.s.HTTPSamplerBase: Parser for text/css is org.apache.jmeter.protocol.http.parser.CssParser
2026-05-30 21:06:40,250 INFO o.a.j.JMeter: Creating summariser <summary>
2026-05-30 21:06:40,254 INFO o.a.j.r.d.ReportGenerator: ReportGenerator will use for Parsing the separator: ','
2026-05-30 21:06:40,254 INFO o.a.j.r.d.ReportGenerator: Will generate report at end of test from  results file: /home/studs/s413122/lab4/results/load_cfg3.jtl
2026-05-30 21:06:40,254 INFO o.a.j.r.d.ReportGenerator: Reading report generator properties from: /home/studs/s413122/apache-jmeter-5.6.3/bin/reportgenerator.properties
2026-05-30 21:06:40,255 INFO o.a.j.r.d.ReportGenerator: Merging with JMeter properties
2026-05-30 21:06:40,263 INFO o.a.j.r.c.ReportGeneratorConfiguration: Property 'jmeter.reportgenerator.temp_dir' not found, using default value 'temp' instead.
2026-05-30 21:06:40,266 INFO o.a.j.r.c.ReportGeneratorConfiguration: Property 'jmeter.reportgenerator.apdex_per_transaction' not found, using default value 'null' instead.
2026-05-30 21:06:40,266 INFO o.a.j.r.c.ReportGeneratorConfiguration: apdex_per_transaction is empty, not APDEX per transaction customization
2026-05-30 21:06:40,267 INFO o.a.j.r.c.ReportGeneratorConfiguration: Property 'jmeter.reportgenerator.sample_filter' not found, using default value 'null' instead.
2026-05-30 21:06:40,267 INFO o.a.j.r.c.ReportGeneratorConfiguration: Property 'jmeter.reportgenerator.report_title' not found, using default value 'null' instead.
2026-05-30 21:06:40,267 INFO o.a.j.r.c.ReportGeneratorConfiguration: Property 'jmeter.reportgenerator.start_date' not found, using default value 'null' instead.
2026-05-30 21:06:40,267 INFO o.a.j.r.c.ReportGeneratorConfiguration: Property 'jmeter.reportgenerator.end_date' not found, using default value 'null' instead.
2026-05-30 21:06:40,267 INFO o.a.j.r.c.ReportGeneratorConfiguration: Property 'jmeter.reportgenerator.date_format' not found, using default value 'null' instead.
2026-05-30 21:06:40,268 INFO o.a.j.r.c.ReportGeneratorConfiguration: Will use date range start date: null, end date: null
2026-05-30 21:06:40,271 INFO o.a.j.r.c.ReportGeneratorConfiguration: Property 'jmeter.reportgenerator.graph.totalTPS.exclude_controllers' not found, using default value 'false' instead.
2026-05-30 21:06:40,271 INFO o.a.j.r.c.ReportGeneratorConfiguration: Property 'jmeter.reportgenerator.graph.activeThreadsOverTime.exclude_controllers' not found, using default value 'false' instead.
2026-05-30 21:06:40,271 INFO o.a.j.r.c.ReportGeneratorConfiguration: Property 'jmeter.reportgenerator.graph.timeVsThreads.exclude_controllers' not found, using default value 'false' instead.
2026-05-30 21:06:40,272 INFO o.a.j.r.c.ReportGeneratorConfiguration: Property 'jmeter.reportgenerator.graph.responseTimeDistribution.exclude_controllers' not found, using default value 'false' instead.
2026-05-30 21:06:40,272 INFO o.a.j.r.c.ReportGeneratorConfiguration: Property 'jmeter.reportgenerator.graph.transactionsPerSecond.exclude_controllers' not found, using default value 'false' instead.
2026-05-30 21:06:40,272 INFO o.a.j.r.c.ReportGeneratorConfiguration: Property 'jmeter.reportgenerator.graph.responseTimePercentiles.exclude_controllers' not found, using default value 'false' instead.
2026-05-30 21:06:40,272 INFO o.a.j.r.c.ReportGeneratorConfiguration: Property 'jmeter.reportgenerator.graph.responseTimePercentilesOverTime.exclude_controllers' not found, using default value 'false' instead.
2026-05-30 21:06:40,272 INFO o.a.j.r.c.ReportGeneratorConfiguration: Property 'jmeter.reportgenerator.graph.responseTimesOverTime.exclude_controllers' not found, using default value 'false' instead.
2026-05-30 21:06:40,272 INFO o.a.j.r.c.ReportGeneratorConfiguration: Property 'jmeter.reportgenerator.graph.connectTimeOverTime.exclude_controllers' not found, using default value 'false' instead.
2026-05-30 21:06:40,273 INFO o.a.j.r.c.ReportGeneratorConfiguration: Property 'jmeter.reportgenerator.graph.latenciesOverTime.exclude_controllers' not found, using default value 'false' instead.
2026-05-30 21:06:40,273 INFO o.a.j.r.c.ReportGeneratorConfiguration: Property 'jmeter.reportgenerator.exporter.json.filters_only_sample_series' not found, using default value 'true' instead.
2026-05-30 21:06:40,274 INFO o.a.j.r.c.ReportGeneratorConfiguration: Property 'jmeter.reportgenerator.exporter.json.series_filter' not found, using default value '' instead.
2026-05-30 21:06:40,274 INFO o.a.j.r.c.ReportGeneratorConfiguration: Property 'jmeter.reportgenerator.exporter.json.show_controllers_only' not found, using default value 'false' instead.
2026-05-30 21:06:40,274 INFO o.a.j.r.c.ReportGeneratorConfiguration: Property 'jmeter.reportgenerator.exporter.html.filters_only_sample_series' not found, using default value 'true' instead.
2026-05-30 21:06:40,274 INFO o.a.j.r.c.ReportGeneratorConfiguration: Property 'jmeter.reportgenerator.exporter.html.series_filter' not found, using default value '' instead.
2026-05-30 21:06:40,274 INFO o.a.j.r.c.ReportGeneratorConfiguration: Property 'jmeter.reportgenerator.exporter.html.show_controllers_only' not found, using default value 'false' instead.
2026-05-30 21:06:40,286 INFO o.a.j.e.StandardJMeterEngine: Running the test!
2026-05-30 21:06:40,287 INFO o.a.j.s.SampleEvent: List of sample_variables: []
2026-05-30 21:06:40,287 INFO o.a.j.s.SampleEvent: List of sample_variables: []
2026-05-30 21:06:40,292 INFO o.a.j.e.u.CompoundVariable: Note: Function class names must contain the string: '.functions.'
2026-05-30 21:06:40,292 INFO o.a.j.e.u.CompoundVariable: Note: Function class names must not contain the string: '.gui.'
2026-05-30 21:06:40,367 INFO o.a.j.JMeter: Running test (1780164400367)
2026-05-30 21:06:40,385 INFO o.a.j.e.StandardJMeterEngine: Starting ThreadGroup: 1 : Users
2026-05-30 21:06:40,386 INFO o.a.j.e.StandardJMeterEngine: Starting 5 threads for group Users.
2026-05-30 21:06:40,386 INFO o.a.j.e.StandardJMeterEngine: Thread will continue on error
2026-05-30 21:06:40,386 INFO o.a.j.t.ThreadGroup: Starting thread group... number=1 threads=5 ramp-up=10 delayedStart=false
2026-05-30 21:06:40,393 INFO o.a.j.t.JMeterThread: Thread started: Users 1-1
2026-05-30 21:06:40,394 INFO o.a.j.t.ThreadGroup: Started thread group number 1
2026-05-30 21:06:40,394 INFO o.a.j.e.StandardJMeterEngine: All thread groups have been started
2026-05-30 21:06:40,440 INFO o.a.j.p.h.s.HTTPHCAbstractImpl: Local host = helios.cs.ifmo.ru
2026-05-30 21:06:40,446 INFO o.a.j.p.h.s.HTTPHC4Impl: HTTP request retry count = 0
2026-05-30 21:06:40,447 INFO o.a.j.s.SampleResult: Note: Sample TimeStamps are START times
2026-05-30 21:06:40,448 INFO o.a.j.s.SampleResult: sampleresult.default.encoding is set to UTF-8
2026-05-30 21:06:40,448 INFO o.a.j.s.SampleResult: sampleresult.useNanoTime=true
2026-05-30 21:06:40,448 INFO o.a.j.s.SampleResult: sampleresult.nanoThreadSleep=5000
2026-05-30 21:06:43,097 INFO o.a.j.t.JMeterThread: Thread started: Users 1-2
2026-05-30 21:06:44,388 INFO o.a.j.t.JMeterThread: Thread started: Users 1-3
2026-05-30 21:06:46,387 INFO o.a.j.t.JMeterThread: Thread started: Users 1-4
2026-05-30 21:06:48,387 INFO o.a.j.t.JMeterThread: Thread started: Users 1-5
2026-05-30 21:07:00,500 INFO o.a.j.r.Summariser: summary +     32 in 00:00:20 =    1.6/s Avg:   372 Min:   304 Max:  2240 Err:     0 (0.00%) Active: 5 Started: 5 Finished: 0
2026-05-30 21:07:30,498 INFO o.a.j.r.Summariser: summary +     50 in 00:00:30 =    1.7/s Avg:   314 Min:   311 Max:   319 Err:     0 (0.00%) Active: 5 Started: 5 Finished: 0
2026-05-30 21:07:30,499 INFO o.a.j.r.Summariser: summary =     82 in 00:00:50 =    1.6/s Avg:   336 Min:   304 Max:  2240 Err:     0 (0.00%)
2026-05-30 21:08:00,498 INFO o.a.j.r.Summariser: summary +     50 in 00:00:30 =    1.7/s Avg:   314 Min:   313 Max:   321 Err:     0 (0.00%) Active: 5 Started: 5 Finished: 0
2026-05-30 21:08:00,499 INFO o.a.j.r.Summariser: summary =    132 in 00:01:20 =    1.6/s Avg:   328 Min:   304 Max:  2240 Err:     0 (0.00%)
2026-05-30 21:08:30,498 INFO o.a.j.r.Summariser: summary +     50 in 00:00:30 =    1.7/s Avg:   313 Min:   313 Max:   315 Err:     0 (0.00%) Active: 5 Started: 5 Finished: 0
2026-05-30 21:08:30,498 INFO o.a.j.r.Summariser: summary =    182 in 00:01:50 =    1.7/s Avg:   324 Min:   304 Max:  2240 Err:     0 (0.00%)
2026-05-30 21:09:00,498 INFO o.a.j.r.Summariser: summary +     50 in 00:00:30 =    1.7/s Avg:   314 Min:   313 Max:   321 Err:     0 (0.00%) Active: 5 Started: 5 Finished: 0
2026-05-30 21:09:00,498 INFO o.a.j.r.Summariser: summary =    232 in 00:02:20 =    1.7/s Avg:   322 Min:   304 Max:  2240 Err:     0 (0.00%)
2026-05-30 21:09:30,498 INFO o.a.j.r.Summariser: summary +     50 in 00:00:30 =    1.7/s Avg:   313 Min:   313 Max:   314 Err:     0 (0.00%) Active: 5 Started: 5 Finished: 0
2026-05-30 21:09:30,499 INFO o.a.j.r.Summariser: summary =    282 in 00:02:50 =    1.7/s Avg:   320 Min:   304 Max:  2240 Err:     0 (0.00%)
2026-05-30 21:09:38,298 INFO o.a.j.t.JMeterThread: Thread finished: Users 1-3
2026-05-30 21:09:38,897 INFO o.a.j.t.JMeterThread: Thread finished: Users 1-1
2026-05-30 21:09:39,499 INFO o.a.j.t.JMeterThread: Thread finished: Users 1-4
2026-05-30 21:09:40,098 INFO o.a.j.t.JMeterThread: Thread finished: Users 1-2
2026-05-30 21:09:40,699 INFO o.a.j.t.JMeterThread: Stopping because end time detected by thread: Users 1-5
2026-05-30 21:09:40,699 INFO o.a.j.t.JMeterThread: Thread finished: Users 1-5
2026-05-30 21:09:40,699 INFO o.a.j.e.StandardJMeterEngine: Notifying test listeners of end of test
2026-05-30 21:09:40,700 INFO o.a.j.r.Summariser: summary +     17 in 00:00:10 =    1.7/s Avg:   314 Min:   313 Max:   315 Err:     0 (0.00%) Active: 0 Started: 5 Finished: 5
2026-05-30 21:09:40,700 INFO o.a.j.r.Summariser: summary =    299 in 00:03:00 =    1.7/s Avg:   320 Min:   304 Max:  2240 Err:     0 (0.00%)
2026-05-30 21:09:40,701 INFO o.a.j.JMeter: Generating Dashboard
2026-05-30 21:09:40,701 INFO o.a.j.r.d.ReportGenerator: Flushing result collector before report Generation
2026-05-30 21:09:40,710 INFO o.a.j.r.p.NormalizerSampleConsumer: Using format, 'ms', to parse timeStamp field
2026-05-30 21:09:40,803 INFO o.a.j.r.p.AbstractSampleConsumer: class org.apache.jmeter.report.processor.AggregateConsumer#stopProducing(): beginDate produced 0 samples
2026-05-30 21:09:40,803 INFO o.a.j.r.p.AbstractSampleConsumer: class org.apache.jmeter.report.processor.AggregateConsumer#stopProducing(): endDate produced 0 samples
2026-05-30 21:09:40,805 INFO o.a.j.r.p.AbstractSampleConsumer: class org.apache.jmeter.report.processor.ApdexSummaryConsumer#stopProducing(): apdexSummary produced 0 samples
2026-05-30 21:09:40,805 INFO o.a.j.r.p.AbstractSampleConsumer: class org.apache.jmeter.report.processor.RequestsSummaryConsumer#stopProducing(): requestsSummary produced 0 samples
2026-05-30 21:09:40,809 INFO o.a.j.r.p.AbstractSampleConsumer: class org.apache.jmeter.report.processor.StatisticsSummaryConsumer#stopProducing(): statisticsSummary produced 0 samples
2026-05-30 21:09:40,811 INFO o.a.j.r.p.AbstractSampleConsumer: class org.apache.jmeter.report.processor.Top5ErrorsBySamplerConsumer#stopProducing(): top5ErrorsBySampler produced 0 samples
2026-05-30 21:09:40,811 INFO o.a.j.r.p.AbstractSampleConsumer: class org.apache.jmeter.report.processor.ErrorsSummaryConsumer#stopProducing(): errorsSummary produced 0 samples
2026-05-30 21:09:40,811 INFO o.a.j.r.p.AbstractSampleConsumer: class org.apache.jmeter.report.processor.graph.impl.HitsPerSecondGraphConsumer#stopProducing(): hitsPerSecond produced 0 samples
2026-05-30 21:09:40,830 INFO o.a.j.r.p.AbstractSampleConsumer: class org.apache.jmeter.report.processor.graph.impl.LatencyVSRequestGraphConsumer#stopProducing(): latencyVsRequest produced 0 samples
2026-05-30 21:09:40,830 INFO o.a.j.r.p.AbstractSampleConsumer: class org.apache.jmeter.report.processor.graph.impl.SyntheticResponseTimeDistributionGraphConsumer#stopProducing(): syntheticResponseTimeDistribution produced 0 samples
2026-05-30 21:09:40,831 INFO o.a.j.r.p.AbstractSampleConsumer: class org.apache.jmeter.report.processor.graph.impl.BytesThroughputGraphConsumer#stopProducing(): bytesThroughputOverTime produced 0 samples
2026-05-30 21:09:40,831 INFO o.a.j.r.p.AbstractSampleConsumer: class org.apache.jmeter.report.processor.graph.impl.CodesPerSecondGraphConsumer#stopProducing(): codesPerSecond produced 0 samples
2026-05-30 21:09:40,838 INFO o.a.j.r.p.AbstractSampleConsumer: class org.apache.jmeter.report.processor.graph.impl.ResponseTimeVSRequestGraphConsumer#stopProducing(): responseTimeVsRequest produced 0 samples
2026-05-30 21:09:40,839 INFO o.a.j.r.p.AbstractSampleConsumer: class org.apache.jmeter.report.processor.FilterConsumer#stopProducing(): startIntervalControlerFilter produced 2093 samples
2026-05-30 21:09:40,839 INFO o.a.j.r.p.AbstractSampleConsumer: class org.apache.jmeter.report.processor.graph.impl.TotalTPSGraphConsumer#stopProducing(): totalTPS produced 0 samples
2026-05-30 21:09:40,839 INFO o.a.j.r.p.AbstractSampleConsumer: class org.apache.jmeter.report.processor.graph.impl.ActiveThreadsGraphConsumer#stopProducing(): activeThreadsOverTime produced 0 samples
2026-05-30 21:09:40,839 INFO o.a.j.r.p.AbstractSampleConsumer: class org.apache.jmeter.report.processor.graph.impl.TimeVSThreadGraphConsumer#stopProducing(): timeVsThreads produced 0 samples
2026-05-30 21:09:40,839 INFO o.a.j.r.p.AbstractSampleConsumer: class org.apache.jmeter.report.processor.graph.impl.ResponseTimeDistributionGraphConsumer#stopProducing(): responseTimeDistribution produced 0 samples
2026-05-30 21:09:40,840 INFO o.a.j.r.p.AbstractSampleConsumer: class org.apache.jmeter.report.processor.graph.impl.TransactionsPerSecondGraphConsumer#stopProducing(): transactionsPerSecond produced 0 samples
2026-05-30 21:09:40,840 INFO o.a.j.r.p.AbstractSampleConsumer: class org.apache.jmeter.report.processor.graph.impl.ResponseTimePercentilesGraphConsumer#stopProducing(): responseTimePercentiles produced 0 samples
2026-05-30 21:09:40,841 INFO o.a.j.r.p.AbstractSampleConsumer: class org.apache.jmeter.report.processor.graph.impl.ResponseTimePercentilesOverTimeGraphConsumer#stopProducing(): responseTimePercentilesOverTime produced 0 samples
2026-05-30 21:09:40,841 INFO o.a.j.r.p.AbstractSampleConsumer: class org.apache.jmeter.report.processor.graph.impl.ResponseTimeOverTimeGraphConsumer#stopProducing(): responseTimesOverTime produced 0 samples
2026-05-30 21:09:40,841 INFO o.a.j.r.p.AbstractSampleConsumer: class org.apache.jmeter.report.processor.graph.impl.ConnectTimeOverTimeGraphConsumer#stopProducing(): connectTimeOverTime produced 0 samples
2026-05-30 21:09:40,841 INFO o.a.j.r.p.AbstractSampleConsumer: class org.apache.jmeter.report.processor.graph.impl.LatencyOverTimeGraphConsumer#stopProducing(): latenciesOverTime produced 0 samples
2026-05-30 21:09:40,842 INFO o.a.j.r.p.AbstractSampleConsumer: class org.apache.jmeter.report.processor.FilterConsumer#stopProducing(): nameFilter produced 4485 samples
2026-05-30 21:09:40,842 INFO o.a.j.r.p.AbstractSampleConsumer: class org.apache.jmeter.report.processor.FilterConsumer#stopProducing(): dateRangeFilter produced 897 samples
2026-05-30 21:09:40,842 INFO o.a.j.r.p.AbstractSampleConsumer: class org.apache.jmeter.report.processor.NormalizerSampleConsumer#stopProducing(): normalizer produced 299 samples
2026-05-30 21:09:40,842 INFO o.a.j.r.p.CsvFileSampleSource: produce(): 299 samples produced in 110ms on channel 0
2026-05-30 21:09:40,842 INFO o.a.j.r.d.ReportGenerator: Exporting data using exporter:'json' of className:'org.apache.jmeter.report.dashboard.JsonExporter'
2026-05-30 21:09:40,927 INFO o.a.j.r.d.JsonExporter: Found data for consumer statisticsSummary in context
2026-05-30 21:09:40,927 INFO o.a.j.r.d.JsonExporter: Creating statistics for overall
2026-05-30 21:09:40,928 INFO o.a.j.r.d.JsonExporter: Creating statistics for other transactions
2026-05-30 21:09:40,928 INFO o.a.j.r.d.JsonExporter: Checking output folder
2026-05-30 21:09:40,929 INFO o.a.j.r.d.JsonExporter: Writing statistics JSON to /home/studs/s413122/lab4/results/report_cfg3/statistics.json
2026-05-30 21:09:40,972 INFO o.a.j.r.d.ReportGenerator: Exporting data using exporter:'html' of className:'org.apache.jmeter.report.dashboard.HtmlTemplateExporter'
2026-05-30 21:09:40,974 INFO o.a.j.r.d.HtmlTemplateExporter: Will generate dashboard in folder: /home/studs/s413122/lab4/results/report_cfg3
2026-05-30 21:09:41,084 INFO o.a.j.r.d.HtmlTemplateExporter: Report will be generated in: /home/studs/s413122/lab4/results/report_cfg3, creating folder structure
2026-05-30 21:09:41,087 INFO o.a.j.r.d.TemplateVisitor: Copying folder from '/home/studs/s413122/apache-jmeter-5.6.3/bin/report-template' to '/home/studs/s413122/lab4/results/report_cfg3', got message: /home/studs/s413122/lab4/results/report_cfg3, found non empty folder with following content [/home/studs/s413122/lab4/results/report_cfg3/statistics.json], will be ignored
2026-05-30 21:09:41,294 INFO o.a.j.JMeter: Dashboard generated
