2026-05-30 20:59:59,576 INFO o.a.j.u.JMeterUtils: Setting Locale to en_EN
2026-05-30 20:59:59,601 INFO o.a.j.JMeter: Loading user properties from: /home/studs/s413122/apache-jmeter-5.6.3/bin/user.properties
2026-05-30 20:59:59,602 INFO o.a.j.JMeter: Loading system properties from: /home/studs/s413122/apache-jmeter-5.6.3/bin/system.properties
2026-05-30 20:59:59,602 INFO o.a.j.JMeter: Setting JMeter property: config=1
2026-05-30 20:59:59,602 INFO o.a.j.JMeter: Setting JMeter property: throughput=100
2026-05-30 20:59:59,602 INFO o.a.j.JMeter: Setting JMeter property: threads=5
2026-05-30 20:59:59,602 INFO o.a.j.JMeter: Setting JMeter property: duration=180
2026-05-30 20:59:59,602 INFO o.a.j.JMeter: Setting JMeter property: rampup=10
2026-05-30 20:59:59,610 INFO o.a.j.JMeter: Copyright (c) 1998-2024 The Apache Software Foundation
2026-05-30 20:59:59,610 INFO o.a.j.JMeter: Version 5.6.3
2026-05-30 20:59:59,610 INFO o.a.j.JMeter: java.version=17.0.12
2026-05-30 20:59:59,610 INFO o.a.j.JMeter: java.vm.name=OpenJDK 64-Bit Server VM
2026-05-30 20:59:59,610 INFO o.a.j.JMeter: os.name=FreeBSD
2026-05-30 20:59:59,610 INFO o.a.j.JMeter: os.arch=amd64
2026-05-30 20:59:59,610 INFO o.a.j.JMeter: os.version=14.4-STABLE
2026-05-30 20:59:59,610 INFO o.a.j.JMeter: file.encoding=UTF-8
2026-05-30 20:59:59,610 INFO o.a.j.JMeter: java.awt.headless=true
2026-05-30 20:59:59,611 INFO o.a.j.JMeter: Max memory     =2147483648
2026-05-30 20:59:59,611 INFO o.a.j.JMeter: Available Processors =16
2026-05-30 20:59:59,620 INFO o.a.j.JMeter: Default Locale=English (EN)
2026-05-30 20:59:59,621 INFO o.a.j.JMeter: JMeter  Locale=English (EN)
2026-05-30 20:59:59,621 INFO o.a.j.JMeter: JMeterHome=/home/studs/s413122/apache-jmeter-5.6.3
2026-05-30 20:59:59,621 INFO o.a.j.JMeter: user.dir  =/home/studs/s413122/lab4
2026-05-30 20:59:59,621 INFO o.a.j.JMeter: PWD       =/home/studs/s413122/lab4
2026-05-30 20:59:59,630 INFO o.a.j.JMeter: IP: 192.168.10.80 Name: helios.cs.ifmo.ru FullName: helios.cs.ifmo.ru
2026-05-30 20:59:59,647 INFO o.a.j.JMeter: Setting property 'jmeter.reportgenerator.outputdir' to:'/home/studs/s413122/lab4/results/report_cfg1'
2026-05-30 20:59:59,649 INFO o.a.j.s.FileServer: Default base='/home/studs/s413122/lab4'
2026-05-30 20:59:59,651 INFO o.a.j.s.FileServer: Set new base='/home/studs/s413122/lab4'
2026-05-30 20:59:59,837 INFO o.a.j.s.SaveService: Testplan (JMX) version: 2.2. Testlog (JTL) version: 2.2
2026-05-30 20:59:59,864 INFO o.a.j.s.SaveService: Using SaveService properties version 5.0
2026-05-30 20:59:59,867 INFO o.a.j.s.SaveService: Using SaveService properties file encoding UTF-8
2026-05-30 20:59:59,871 INFO o.a.j.s.SaveService: Loading file: /home/studs/s413122/lab4/load-test.jmx
2026-05-30 20:59:59,933 INFO o.a.j.p.h.s.HTTPSamplerBase: Parser for text/html is org.apache.jmeter.protocol.http.parser.LagartoBasedHtmlParser
2026-05-30 20:59:59,933 INFO o.a.j.p.h.s.HTTPSamplerBase: Parser for application/xhtml+xml is org.apache.jmeter.protocol.http.parser.LagartoBasedHtmlParser
2026-05-30 20:59:59,933 INFO o.a.j.p.h.s.HTTPSamplerBase: Parser for application/xml is org.apache.jmeter.protocol.http.parser.LagartoBasedHtmlParser
2026-05-30 20:59:59,933 INFO o.a.j.p.h.s.HTTPSamplerBase: Parser for text/xml is org.apache.jmeter.protocol.http.parser.LagartoBasedHtmlParser
2026-05-30 20:59:59,933 INFO o.a.j.p.h.s.HTTPSamplerBase: Parser for text/vnd.wap.wml is org.apache.jmeter.protocol.http.parser.RegexpHTMLParser
2026-05-30 20:59:59,933 INFO o.a.j.p.h.s.HTTPSamplerBase: Parser for text/css is org.apache.jmeter.protocol.http.parser.CssParser
2026-05-30 20:59:59,972 INFO o.a.j.JMeter: Creating summariser <summary>
2026-05-30 20:59:59,976 INFO o.a.j.r.d.ReportGenerator: ReportGenerator will use for Parsing the separator: ','
2026-05-30 20:59:59,976 INFO o.a.j.r.d.ReportGenerator: Will generate report at end of test from  results file: /home/studs/s413122/lab4/results/load_cfg1.jtl
2026-05-30 20:59:59,977 INFO o.a.j.r.d.ReportGenerator: Reading report generator properties from: /home/studs/s413122/apache-jmeter-5.6.3/bin/reportgenerator.properties
2026-05-30 20:59:59,977 INFO o.a.j.r.d.ReportGenerator: Merging with JMeter properties
2026-05-30 20:59:59,981 INFO o.a.j.r.c.ReportGeneratorConfiguration: Property 'jmeter.reportgenerator.temp_dir' not found, using default value 'temp' instead.
2026-05-30 20:59:59,984 INFO o.a.j.r.c.ReportGeneratorConfiguration: Property 'jmeter.reportgenerator.apdex_per_transaction' not found, using default value 'null' instead.
2026-05-30 20:59:59,984 INFO o.a.j.r.c.ReportGeneratorConfiguration: apdex_per_transaction is empty, not APDEX per transaction customization
2026-05-30 20:59:59,984 INFO o.a.j.r.c.ReportGeneratorConfiguration: Property 'jmeter.reportgenerator.sample_filter' not found, using default value 'null' instead.
2026-05-30 20:59:59,984 INFO o.a.j.r.c.ReportGeneratorConfiguration: Property 'jmeter.reportgenerator.report_title' not found, using default value 'null' instead.
2026-05-30 20:59:59,984 INFO o.a.j.r.c.ReportGeneratorConfiguration: Property 'jmeter.reportgenerator.start_date' not found, using default value 'null' instead.
2026-05-30 20:59:59,985 INFO o.a.j.r.c.ReportGeneratorConfiguration: Property 'jmeter.reportgenerator.end_date' not found, using default value 'null' instead.
2026-05-30 20:59:59,985 INFO o.a.j.r.c.ReportGeneratorConfiguration: Property 'jmeter.reportgenerator.date_format' not found, using default value 'null' instead.
2026-05-30 20:59:59,985 INFO o.a.j.r.c.ReportGeneratorConfiguration: Will use date range start date: null, end date: null
2026-05-30 20:59:59,989 INFO o.a.j.r.c.ReportGeneratorConfiguration: Property 'jmeter.reportgenerator.graph.totalTPS.exclude_controllers' not found, using default value 'false' instead.
2026-05-30 20:59:59,989 INFO o.a.j.r.c.ReportGeneratorConfiguration: Property 'jmeter.reportgenerator.graph.activeThreadsOverTime.exclude_controllers' not found, using default value 'false' instead.
2026-05-30 20:59:59,989 INFO o.a.j.r.c.ReportGeneratorConfiguration: Property 'jmeter.reportgenerator.graph.timeVsThreads.exclude_controllers' not found, using default value 'false' instead.
2026-05-30 20:59:59,989 INFO o.a.j.r.c.ReportGeneratorConfiguration: Property 'jmeter.reportgenerator.graph.responseTimeDistribution.exclude_controllers' not found, using default value 'false' instead.
2026-05-30 20:59:59,989 INFO o.a.j.r.c.ReportGeneratorConfiguration: Property 'jmeter.reportgenerator.graph.transactionsPerSecond.exclude_controllers' not found, using default value 'false' instead.
2026-05-30 20:59:59,990 INFO o.a.j.r.c.ReportGeneratorConfiguration: Property 'jmeter.reportgenerator.graph.responseTimePercentiles.exclude_controllers' not found, using default value 'false' instead.
2026-05-30 20:59:59,990 INFO o.a.j.r.c.ReportGeneratorConfiguration: Property 'jmeter.reportgenerator.graph.responseTimePercentilesOverTime.exclude_controllers' not found, using default value 'false' instead.
2026-05-30 20:59:59,990 INFO o.a.j.r.c.ReportGeneratorConfiguration: Property 'jmeter.reportgenerator.graph.responseTimesOverTime.exclude_controllers' not found, using default value 'false' instead.
2026-05-30 20:59:59,990 INFO o.a.j.r.c.ReportGeneratorConfiguration: Property 'jmeter.reportgenerator.graph.connectTimeOverTime.exclude_controllers' not found, using default value 'false' instead.
2026-05-30 20:59:59,990 INFO o.a.j.r.c.ReportGeneratorConfiguration: Property 'jmeter.reportgenerator.graph.latenciesOverTime.exclude_controllers' not found, using default value 'false' instead.
2026-05-30 20:59:59,991 INFO o.a.j.r.c.ReportGeneratorConfiguration: Property 'jmeter.reportgenerator.exporter.json.filters_only_sample_series' not found, using default value 'true' instead.
2026-05-30 20:59:59,991 INFO o.a.j.r.c.ReportGeneratorConfiguration: Property 'jmeter.reportgenerator.exporter.json.series_filter' not found, using default value '' instead.
2026-05-30 20:59:59,991 INFO o.a.j.r.c.ReportGeneratorConfiguration: Property 'jmeter.reportgenerator.exporter.json.show_controllers_only' not found, using default value 'false' instead.
2026-05-30 20:59:59,992 INFO o.a.j.r.c.ReportGeneratorConfiguration: Property 'jmeter.reportgenerator.exporter.html.filters_only_sample_series' not found, using default value 'true' instead.
2026-05-30 20:59:59,992 INFO o.a.j.r.c.ReportGeneratorConfiguration: Property 'jmeter.reportgenerator.exporter.html.series_filter' not found, using default value '' instead.
2026-05-30 20:59:59,992 INFO o.a.j.r.c.ReportGeneratorConfiguration: Property 'jmeter.reportgenerator.exporter.html.show_controllers_only' not found, using default value 'false' instead.
2026-05-30 21:00:00,027 INFO o.a.j.e.StandardJMeterEngine: Running the test!
2026-05-30 21:00:00,028 INFO o.a.j.s.SampleEvent: List of sample_variables: []
2026-05-30 21:00:00,028 INFO o.a.j.s.SampleEvent: List of sample_variables: []
2026-05-30 21:00:00,033 INFO o.a.j.e.u.CompoundVariable: Note: Function class names must contain the string: '.functions.'
2026-05-30 21:00:00,033 INFO o.a.j.e.u.CompoundVariable: Note: Function class names must not contain the string: '.gui.'
2026-05-30 21:00:00,115 INFO o.a.j.JMeter: Running test (1780164000115)
2026-05-30 21:00:00,134 INFO o.a.j.e.StandardJMeterEngine: Starting ThreadGroup: 1 : Users
2026-05-30 21:00:00,134 INFO o.a.j.e.StandardJMeterEngine: Starting 5 threads for group Users.
2026-05-30 21:00:00,134 INFO o.a.j.e.StandardJMeterEngine: Thread will continue on error
2026-05-30 21:00:00,134 INFO o.a.j.t.ThreadGroup: Starting thread group... number=1 threads=5 ramp-up=10 delayedStart=false
2026-05-30 21:00:00,142 INFO o.a.j.t.JMeterThread: Thread started: Users 1-1
2026-05-30 21:00:00,143 INFO o.a.j.t.ThreadGroup: Started thread group number 1
2026-05-30 21:00:00,143 INFO o.a.j.e.StandardJMeterEngine: All thread groups have been started
2026-05-30 21:00:00,185 INFO o.a.j.p.h.s.HTTPHCAbstractImpl: Local host = helios.cs.ifmo.ru
2026-05-30 21:00:00,192 INFO o.a.j.p.h.s.HTTPHC4Impl: HTTP request retry count = 0
2026-05-30 21:00:00,193 INFO o.a.j.s.SampleResult: Note: Sample TimeStamps are START times
2026-05-30 21:00:00,193 INFO o.a.j.s.SampleResult: sampleresult.default.encoding is set to UTF-8
2026-05-30 21:00:00,193 INFO o.a.j.s.SampleResult: sampleresult.useNanoTime=true
2026-05-30 21:00:00,193 INFO o.a.j.s.SampleResult: sampleresult.nanoThreadSleep=5000
2026-05-30 21:00:02,990 INFO o.a.j.t.JMeterThread: Thread started: Users 1-2
2026-05-30 21:00:03,003 INFO o.a.j.r.Summariser: summary +      1 in 00:00:03 =    0.3/s Avg:  2744 Min:  2744 Max:  2744 Err:     0 (0.00%) Active: 2 Started: 2 Finished: 0
2026-05-30 21:00:04,136 INFO o.a.j.t.JMeterThread: Thread started: Users 1-3
2026-05-30 21:00:06,136 INFO o.a.j.t.JMeterThread: Thread started: Users 1-4
2026-05-30 21:00:08,136 INFO o.a.j.t.JMeterThread: Thread started: Users 1-5
2026-05-30 21:00:30,591 INFO o.a.j.r.Summariser: summary +     47 in 00:00:28 =    1.7/s Avg:  1112 Min:  1103 Max:  1116 Err:     0 (0.00%) Active: 5 Started: 5 Finished: 0
2026-05-30 21:00:30,592 INFO o.a.j.r.Summariser: summary =     48 in 00:00:30 =    1.6/s Avg:  1146 Min:  1103 Max:  2744 Err:     0 (0.00%)
2026-05-30 21:01:00,592 INFO o.a.j.r.Summariser: summary +     50 in 00:00:30 =    1.7/s Avg:  1113 Min:  1113 Max:  1115 Err:     0 (0.00%) Active: 5 Started: 5 Finished: 0
2026-05-30 21:01:00,593 INFO o.a.j.r.Summariser: summary =     98 in 00:01:00 =    1.6/s Avg:  1129 Min:  1103 Max:  2744 Err:     0 (0.00%)
2026-05-30 21:01:30,591 INFO o.a.j.r.Summariser: summary +     50 in 00:00:30 =    1.7/s Avg:  1114 Min:  1113 Max:  1121 Err:     0 (0.00%) Active: 5 Started: 5 Finished: 0
2026-05-30 21:01:30,592 INFO o.a.j.r.Summariser: summary =    148 in 00:01:30 =    1.6/s Avg:  1124 Min:  1103 Max:  2744 Err:     0 (0.00%)
2026-05-30 21:02:00,591 INFO o.a.j.r.Summariser: summary +     50 in 00:00:30 =    1.7/s Avg:  1113 Min:  1113 Max:  1114 Err:     0 (0.00%) Active: 5 Started: 5 Finished: 0
2026-05-30 21:02:00,591 INFO o.a.j.r.Summariser: summary =    198 in 00:02:00 =    1.6/s Avg:  1121 Min:  1103 Max:  2744 Err:     0 (0.00%)
2026-05-30 21:02:30,591 INFO o.a.j.r.Summariser: summary +     50 in 00:00:30 =    1.7/s Avg:  1114 Min:  1113 Max:  1120 Err:     0 (0.00%) Active: 5 Started: 5 Finished: 0
2026-05-30 21:02:30,591 INFO o.a.j.r.Summariser: summary =    248 in 00:02:30 =    1.6/s Avg:  1120 Min:  1103 Max:  2744 Err:     0 (0.00%)
2026-05-30 21:02:58,790 INFO o.a.j.t.JMeterThread: Thread finished: Users 1-4
2026-05-30 21:02:59,392 INFO o.a.j.t.JMeterThread: Thread finished: Users 1-2
2026-05-30 21:02:59,992 INFO o.a.j.t.JMeterThread: Thread finished: Users 1-1
2026-05-30 21:03:00,591 INFO o.a.j.r.Summariser: summary +     50 in 00:00:30 =    1.7/s Avg:  1114 Min:  1113 Max:  1115 Err:     0 (0.00%) Active: 2 Started: 5 Finished: 3
2026-05-30 21:03:00,591 INFO o.a.j.r.Summariser: summary =    298 in 00:03:00 =    1.7/s Avg:  1119 Min:  1103 Max:  2744 Err:     0 (0.00%)
2026-05-30 21:03:00,592 INFO o.a.j.t.JMeterThread: Stopping because end time detected by thread: Users 1-5
2026-05-30 21:03:00,592 INFO o.a.j.t.JMeterThread: Thread finished: Users 1-5
2026-05-30 21:03:01,192 INFO o.a.j.t.JMeterThread: Stopping because end time detected by thread: Users 1-3
2026-05-30 21:03:01,192 INFO o.a.j.t.JMeterThread: Thread finished: Users 1-3
2026-05-30 21:03:01,192 INFO o.a.j.e.StandardJMeterEngine: Notifying test listeners of end of test
2026-05-30 21:03:01,193 INFO o.a.j.r.Summariser: summary +      1 in 00:00:01 =    1.7/s Avg:  1114 Min:  1114 Max:  1114 Err:     0 (0.00%) Active: 0 Started: 5 Finished: 5
2026-05-30 21:03:01,193 INFO o.a.j.r.Summariser: summary =    299 in 00:03:01 =    1.7/s Avg:  1119 Min:  1103 Max:  2744 Err:     0 (0.00%)
2026-05-30 21:03:01,194 INFO o.a.j.JMeter: Generating Dashboard
2026-05-30 21:03:01,194 INFO o.a.j.r.d.ReportGenerator: Flushing result collector before report Generation
2026-05-30 21:03:01,203 INFO o.a.j.r.p.NormalizerSampleConsumer: Using format, 'ms', to parse timeStamp field
2026-05-30 21:03:01,307 INFO o.a.j.r.p.AbstractSampleConsumer: class org.apache.jmeter.report.processor.AggregateConsumer#stopProducing(): beginDate produced 0 samples
2026-05-30 21:03:01,307 INFO o.a.j.r.p.AbstractSampleConsumer: class org.apache.jmeter.report.processor.AggregateConsumer#stopProducing(): endDate produced 0 samples
2026-05-30 21:03:01,309 INFO o.a.j.r.p.AbstractSampleConsumer: class org.apache.jmeter.report.processor.ApdexSummaryConsumer#stopProducing(): apdexSummary produced 0 samples
2026-05-30 21:03:01,309 INFO o.a.j.r.p.AbstractSampleConsumer: class org.apache.jmeter.report.processor.RequestsSummaryConsumer#stopProducing(): requestsSummary produced 0 samples
2026-05-30 21:03:01,313 INFO o.a.j.r.p.AbstractSampleConsumer: class org.apache.jmeter.report.processor.StatisticsSummaryConsumer#stopProducing(): statisticsSummary produced 0 samples
2026-05-30 21:03:01,315 INFO o.a.j.r.p.AbstractSampleConsumer: class org.apache.jmeter.report.processor.Top5ErrorsBySamplerConsumer#stopProducing(): top5ErrorsBySampler produced 0 samples
2026-05-30 21:03:01,315 INFO o.a.j.r.p.AbstractSampleConsumer: class org.apache.jmeter.report.processor.ErrorsSummaryConsumer#stopProducing(): errorsSummary produced 0 samples
2026-05-30 21:03:01,315 INFO o.a.j.r.p.AbstractSampleConsumer: class org.apache.jmeter.report.processor.graph.impl.HitsPerSecondGraphConsumer#stopProducing(): hitsPerSecond produced 0 samples
2026-05-30 21:03:01,334 INFO o.a.j.r.p.AbstractSampleConsumer: class org.apache.jmeter.report.processor.graph.impl.LatencyVSRequestGraphConsumer#stopProducing(): latencyVsRequest produced 0 samples
2026-05-30 21:03:01,334 INFO o.a.j.r.p.AbstractSampleConsumer: class org.apache.jmeter.report.processor.graph.impl.SyntheticResponseTimeDistributionGraphConsumer#stopProducing(): syntheticResponseTimeDistribution produced 0 samples
2026-05-30 21:03:01,335 INFO o.a.j.r.p.AbstractSampleConsumer: class org.apache.jmeter.report.processor.graph.impl.BytesThroughputGraphConsumer#stopProducing(): bytesThroughputOverTime produced 0 samples
2026-05-30 21:03:01,335 INFO o.a.j.r.p.AbstractSampleConsumer: class org.apache.jmeter.report.processor.graph.impl.CodesPerSecondGraphConsumer#stopProducing(): codesPerSecond produced 0 samples
2026-05-30 21:03:01,343 INFO o.a.j.r.p.AbstractSampleConsumer: class org.apache.jmeter.report.processor.graph.impl.ResponseTimeVSRequestGraphConsumer#stopProducing(): responseTimeVsRequest produced 0 samples
2026-05-30 21:03:01,344 INFO o.a.j.r.p.AbstractSampleConsumer: class org.apache.jmeter.report.processor.FilterConsumer#stopProducing(): startIntervalControlerFilter produced 2093 samples
2026-05-30 21:03:01,344 INFO o.a.j.r.p.AbstractSampleConsumer: class org.apache.jmeter.report.processor.graph.impl.TotalTPSGraphConsumer#stopProducing(): totalTPS produced 0 samples
2026-05-30 21:03:01,344 INFO o.a.j.r.p.AbstractSampleConsumer: class org.apache.jmeter.report.processor.graph.impl.ActiveThreadsGraphConsumer#stopProducing(): activeThreadsOverTime produced 0 samples
2026-05-30 21:03:01,344 INFO o.a.j.r.p.AbstractSampleConsumer: class org.apache.jmeter.report.processor.graph.impl.TimeVSThreadGraphConsumer#stopProducing(): timeVsThreads produced 0 samples
2026-05-30 21:03:01,345 INFO o.a.j.r.p.AbstractSampleConsumer: class org.apache.jmeter.report.processor.graph.impl.ResponseTimeDistributionGraphConsumer#stopProducing(): responseTimeDistribution produced 0 samples
2026-05-30 21:03:01,345 INFO o.a.j.r.p.AbstractSampleConsumer: class org.apache.jmeter.report.processor.graph.impl.TransactionsPerSecondGraphConsumer#stopProducing(): transactionsPerSecond produced 0 samples
2026-05-30 21:03:01,345 INFO o.a.j.r.p.AbstractSampleConsumer: class org.apache.jmeter.report.processor.graph.impl.ResponseTimePercentilesGraphConsumer#stopProducing(): responseTimePercentiles produced 0 samples
2026-05-30 21:03:01,346 INFO o.a.j.r.p.AbstractSampleConsumer: class org.apache.jmeter.report.processor.graph.impl.ResponseTimePercentilesOverTimeGraphConsumer#stopProducing(): responseTimePercentilesOverTime produced 0 samples
2026-05-30 21:03:01,347 INFO o.a.j.r.p.AbstractSampleConsumer: class org.apache.jmeter.report.processor.graph.impl.ResponseTimeOverTimeGraphConsumer#stopProducing(): responseTimesOverTime produced 0 samples
2026-05-30 21:03:01,347 INFO o.a.j.r.p.AbstractSampleConsumer: class org.apache.jmeter.report.processor.graph.impl.ConnectTimeOverTimeGraphConsumer#stopProducing(): connectTimeOverTime produced 0 samples
2026-05-30 21:03:01,347 INFO o.a.j.r.p.AbstractSampleConsumer: class org.apache.jmeter.report.processor.graph.impl.LatencyOverTimeGraphConsumer#stopProducing(): latenciesOverTime produced 0 samples
2026-05-30 21:03:01,347 INFO o.a.j.r.p.AbstractSampleConsumer: class org.apache.jmeter.report.processor.FilterConsumer#stopProducing(): nameFilter produced 4485 samples
2026-05-30 21:03:01,347 INFO o.a.j.r.p.AbstractSampleConsumer: class org.apache.jmeter.report.processor.FilterConsumer#stopProducing(): dateRangeFilter produced 897 samples
2026-05-30 21:03:01,347 INFO o.a.j.r.p.AbstractSampleConsumer: class org.apache.jmeter.report.processor.NormalizerSampleConsumer#stopProducing(): normalizer produced 299 samples
2026-05-30 21:03:01,348 INFO o.a.j.r.p.CsvFileSampleSource: produce(): 299 samples produced in 121ms on channel 0
2026-05-30 21:03:01,348 INFO o.a.j.r.d.ReportGenerator: Exporting data using exporter:'json' of className:'org.apache.jmeter.report.dashboard.JsonExporter'
2026-05-30 21:03:01,433 INFO o.a.j.r.d.JsonExporter: Found data for consumer statisticsSummary in context
2026-05-30 21:03:01,433 INFO o.a.j.r.d.JsonExporter: Creating statistics for overall
2026-05-30 21:03:01,433 INFO o.a.j.r.d.JsonExporter: Creating statistics for other transactions
2026-05-30 21:03:01,434 INFO o.a.j.r.d.JsonExporter: Checking output folder
2026-05-30 21:03:01,434 INFO o.a.j.r.d.JsonExporter: Writing statistics JSON to /home/studs/s413122/lab4/results/report_cfg1/statistics.json
2026-05-30 21:03:01,478 INFO o.a.j.r.d.ReportGenerator: Exporting data using exporter:'html' of className:'org.apache.jmeter.report.dashboard.HtmlTemplateExporter'
2026-05-30 21:03:01,480 INFO o.a.j.r.d.HtmlTemplateExporter: Will generate dashboard in folder: /home/studs/s413122/lab4/results/report_cfg1
2026-05-30 21:03:01,593 INFO o.a.j.r.d.HtmlTemplateExporter: Report will be generated in: /home/studs/s413122/lab4/results/report_cfg1, creating folder structure
2026-05-30 21:03:01,596 INFO o.a.j.r.d.TemplateVisitor: Copying folder from '/home/studs/s413122/apache-jmeter-5.6.3/bin/report-template' to '/home/studs/s413122/lab4/results/report_cfg1', got message: /home/studs/s413122/lab4/results/report_cfg1, found non empty folder with following content [/home/studs/s413122/lab4/results/report_cfg1/statistics.json], will be ignored
2026-05-30 21:03:01,807 INFO o.a.j.JMeter: Dashboard generated
