2026-05-30 21:03:19,920 INFO o.a.j.u.JMeterUtils: Setting Locale to en_EN
2026-05-30 21:03:19,944 INFO o.a.j.JMeter: Loading user properties from: /home/studs/s413122/apache-jmeter-5.6.3/bin/user.properties
2026-05-30 21:03:19,945 INFO o.a.j.JMeter: Loading system properties from: /home/studs/s413122/apache-jmeter-5.6.3/bin/system.properties
2026-05-30 21:03:19,945 INFO o.a.j.JMeter: Setting JMeter property: config=2
2026-05-30 21:03:19,945 INFO o.a.j.JMeter: Setting JMeter property: throughput=100
2026-05-30 21:03:19,945 INFO o.a.j.JMeter: Setting JMeter property: threads=5
2026-05-30 21:03:19,945 INFO o.a.j.JMeter: Setting JMeter property: duration=180
2026-05-30 21:03:19,946 INFO o.a.j.JMeter: Setting JMeter property: rampup=10
2026-05-30 21:03:19,953 INFO o.a.j.JMeter: Copyright (c) 1998-2024 The Apache Software Foundation
2026-05-30 21:03:19,953 INFO o.a.j.JMeter: Version 5.6.3
2026-05-30 21:03:19,953 INFO o.a.j.JMeter: java.version=17.0.12
2026-05-30 21:03:19,953 INFO o.a.j.JMeter: java.vm.name=OpenJDK 64-Bit Server VM
2026-05-30 21:03:19,953 INFO o.a.j.JMeter: os.name=FreeBSD
2026-05-30 21:03:19,953 INFO o.a.j.JMeter: os.arch=amd64
2026-05-30 21:03:19,953 INFO o.a.j.JMeter: os.version=14.4-STABLE
2026-05-30 21:03:19,954 INFO o.a.j.JMeter: file.encoding=UTF-8
2026-05-30 21:03:19,954 INFO o.a.j.JMeter: java.awt.headless=true
2026-05-30 21:03:19,954 INFO o.a.j.JMeter: Max memory     =2147483648
2026-05-30 21:03:19,954 INFO o.a.j.JMeter: Available Processors =16
2026-05-30 21:03:19,964 INFO o.a.j.JMeter: Default Locale=English (EN)
2026-05-30 21:03:19,964 INFO o.a.j.JMeter: JMeter  Locale=English (EN)
2026-05-30 21:03:19,964 INFO o.a.j.JMeter: JMeterHome=/home/studs/s413122/apache-jmeter-5.6.3
2026-05-30 21:03:19,964 INFO o.a.j.JMeter: user.dir  =/home/studs/s413122/lab4
2026-05-30 21:03:19,964 INFO o.a.j.JMeter: PWD       =/home/studs/s413122/lab4
2026-05-30 21:03:19,973 INFO o.a.j.JMeter: IP: 192.168.10.80 Name: helios.cs.ifmo.ru FullName: helios.cs.ifmo.ru
2026-05-30 21:03:19,987 INFO o.a.j.JMeter: Setting property 'jmeter.reportgenerator.outputdir' to:'/home/studs/s413122/lab4/results/report_cfg2'
2026-05-30 21:03:19,989 INFO o.a.j.s.FileServer: Default base='/home/studs/s413122/lab4'
2026-05-30 21:03:19,991 INFO o.a.j.s.FileServer: Set new base='/home/studs/s413122/lab4'
2026-05-30 21:03:20,183 INFO o.a.j.s.SaveService: Testplan (JMX) version: 2.2. Testlog (JTL) version: 2.2
2026-05-30 21:03:20,210 INFO o.a.j.s.SaveService: Using SaveService properties version 5.0
2026-05-30 21:03:20,214 INFO o.a.j.s.SaveService: Using SaveService properties file encoding UTF-8
2026-05-30 21:03:20,217 INFO o.a.j.s.SaveService: Loading file: /home/studs/s413122/lab4/load-test.jmx
2026-05-30 21:03:20,281 INFO o.a.j.p.h.s.HTTPSamplerBase: Parser for text/html is org.apache.jmeter.protocol.http.parser.LagartoBasedHtmlParser
2026-05-30 21:03:20,281 INFO o.a.j.p.h.s.HTTPSamplerBase: Parser for application/xhtml+xml is org.apache.jmeter.protocol.http.parser.LagartoBasedHtmlParser
2026-05-30 21:03:20,281 INFO o.a.j.p.h.s.HTTPSamplerBase: Parser for application/xml is org.apache.jmeter.protocol.http.parser.LagartoBasedHtmlParser
2026-05-30 21:03:20,281 INFO o.a.j.p.h.s.HTTPSamplerBase: Parser for text/xml is org.apache.jmeter.protocol.http.parser.LagartoBasedHtmlParser
2026-05-30 21:03:20,281 INFO o.a.j.p.h.s.HTTPSamplerBase: Parser for text/vnd.wap.wml is org.apache.jmeter.protocol.http.parser.RegexpHTMLParser
2026-05-30 21:03:20,281 INFO o.a.j.p.h.s.HTTPSamplerBase: Parser for text/css is org.apache.jmeter.protocol.http.parser.CssParser
2026-05-30 21:03:20,315 INFO o.a.j.JMeter: Creating summariser <summary>
2026-05-30 21:03:20,325 INFO o.a.j.r.d.ReportGenerator: ReportGenerator will use for Parsing the separator: ','
2026-05-30 21:03:20,326 INFO o.a.j.r.d.ReportGenerator: Will generate report at end of test from  results file: /home/studs/s413122/lab4/results/load_cfg2.jtl
2026-05-30 21:03:20,326 INFO o.a.j.r.d.ReportGenerator: Reading report generator properties from: /home/studs/s413122/apache-jmeter-5.6.3/bin/reportgenerator.properties
2026-05-30 21:03:20,327 INFO o.a.j.r.d.ReportGenerator: Merging with JMeter properties
2026-05-30 21:03:20,331 INFO o.a.j.r.c.ReportGeneratorConfiguration: Property 'jmeter.reportgenerator.temp_dir' not found, using default value 'temp' instead.
2026-05-30 21:03:20,334 INFO o.a.j.r.c.ReportGeneratorConfiguration: Property 'jmeter.reportgenerator.apdex_per_transaction' not found, using default value 'null' instead.
2026-05-30 21:03:20,334 INFO o.a.j.r.c.ReportGeneratorConfiguration: apdex_per_transaction is empty, not APDEX per transaction customization
2026-05-30 21:03:20,334 INFO o.a.j.r.c.ReportGeneratorConfiguration: Property 'jmeter.reportgenerator.sample_filter' not found, using default value 'null' instead.
2026-05-30 21:03:20,334 INFO o.a.j.r.c.ReportGeneratorConfiguration: Property 'jmeter.reportgenerator.report_title' not found, using default value 'null' instead.
2026-05-30 21:03:20,334 INFO o.a.j.r.c.ReportGeneratorConfiguration: Property 'jmeter.reportgenerator.start_date' not found, using default value 'null' instead.
2026-05-30 21:03:20,334 INFO o.a.j.r.c.ReportGeneratorConfiguration: Property 'jmeter.reportgenerator.end_date' not found, using default value 'null' instead.
2026-05-30 21:03:20,334 INFO o.a.j.r.c.ReportGeneratorConfiguration: Property 'jmeter.reportgenerator.date_format' not found, using default value 'null' instead.
2026-05-30 21:03:20,335 INFO o.a.j.r.c.ReportGeneratorConfiguration: Will use date range start date: null, end date: null
2026-05-30 21:03:20,339 INFO o.a.j.r.c.ReportGeneratorConfiguration: Property 'jmeter.reportgenerator.graph.totalTPS.exclude_controllers' not found, using default value 'false' instead.
2026-05-30 21:03:20,339 INFO o.a.j.r.c.ReportGeneratorConfiguration: Property 'jmeter.reportgenerator.graph.activeThreadsOverTime.exclude_controllers' not found, using default value 'false' instead.
2026-05-30 21:03:20,339 INFO o.a.j.r.c.ReportGeneratorConfiguration: Property 'jmeter.reportgenerator.graph.timeVsThreads.exclude_controllers' not found, using default value 'false' instead.
2026-05-30 21:03:20,339 INFO o.a.j.r.c.ReportGeneratorConfiguration: Property 'jmeter.reportgenerator.graph.responseTimeDistribution.exclude_controllers' not found, using default value 'false' instead.
2026-05-30 21:03:20,339 INFO o.a.j.r.c.ReportGeneratorConfiguration: Property 'jmeter.reportgenerator.graph.transactionsPerSecond.exclude_controllers' not found, using default value 'false' instead.
2026-05-30 21:03:20,339 INFO o.a.j.r.c.ReportGeneratorConfiguration: Property 'jmeter.reportgenerator.graph.responseTimePercentiles.exclude_controllers' not found, using default value 'false' instead.
2026-05-30 21:03:20,340 INFO o.a.j.r.c.ReportGeneratorConfiguration: Property 'jmeter.reportgenerator.graph.responseTimePercentilesOverTime.exclude_controllers' not found, using default value 'false' instead.
2026-05-30 21:03:20,340 INFO o.a.j.r.c.ReportGeneratorConfiguration: Property 'jmeter.reportgenerator.graph.responseTimesOverTime.exclude_controllers' not found, using default value 'false' instead.
2026-05-30 21:03:20,340 INFO o.a.j.r.c.ReportGeneratorConfiguration: Property 'jmeter.reportgenerator.graph.connectTimeOverTime.exclude_controllers' not found, using default value 'false' instead.
2026-05-30 21:03:20,340 INFO o.a.j.r.c.ReportGeneratorConfiguration: Property 'jmeter.reportgenerator.graph.latenciesOverTime.exclude_controllers' not found, using default value 'false' instead.
2026-05-30 21:03:20,341 INFO o.a.j.r.c.ReportGeneratorConfiguration: Property 'jmeter.reportgenerator.exporter.json.filters_only_sample_series' not found, using default value 'true' instead.
2026-05-30 21:03:20,341 INFO o.a.j.r.c.ReportGeneratorConfiguration: Property 'jmeter.reportgenerator.exporter.json.series_filter' not found, using default value '' instead.
2026-05-30 21:03:20,341 INFO o.a.j.r.c.ReportGeneratorConfiguration: Property 'jmeter.reportgenerator.exporter.json.show_controllers_only' not found, using default value 'false' instead.
2026-05-30 21:03:20,342 INFO o.a.j.r.c.ReportGeneratorConfiguration: Property 'jmeter.reportgenerator.exporter.html.filters_only_sample_series' not found, using default value 'true' instead.
2026-05-30 21:03:20,342 INFO o.a.j.r.c.ReportGeneratorConfiguration: Property 'jmeter.reportgenerator.exporter.html.series_filter' not found, using default value '' instead.
2026-05-30 21:03:20,342 INFO o.a.j.r.c.ReportGeneratorConfiguration: Property 'jmeter.reportgenerator.exporter.html.show_controllers_only' not found, using default value 'false' instead.
2026-05-30 21:03:20,355 INFO o.a.j.e.StandardJMeterEngine: Running the test!
2026-05-30 21:03:20,356 INFO o.a.j.s.SampleEvent: List of sample_variables: []
2026-05-30 21:03:20,356 INFO o.a.j.s.SampleEvent: List of sample_variables: []
2026-05-30 21:03:20,361 INFO o.a.j.e.u.CompoundVariable: Note: Function class names must contain the string: '.functions.'
2026-05-30 21:03:20,361 INFO o.a.j.e.u.CompoundVariable: Note: Function class names must not contain the string: '.gui.'
2026-05-30 21:03:20,437 INFO o.a.j.JMeter: Running test (1780164200437)
2026-05-30 21:03:20,455 INFO o.a.j.e.StandardJMeterEngine: Starting ThreadGroup: 1 : Users
2026-05-30 21:03:20,455 INFO o.a.j.e.StandardJMeterEngine: Starting 5 threads for group Users.
2026-05-30 21:03:20,456 INFO o.a.j.e.StandardJMeterEngine: Thread will continue on error
2026-05-30 21:03:20,456 INFO o.a.j.t.ThreadGroup: Starting thread group... number=1 threads=5 ramp-up=10 delayedStart=false
2026-05-30 21:03:20,463 INFO o.a.j.t.JMeterThread: Thread started: Users 1-1
2026-05-30 21:03:20,464 INFO o.a.j.t.ThreadGroup: Started thread group number 1
2026-05-30 21:03:20,464 INFO o.a.j.e.StandardJMeterEngine: All thread groups have been started
2026-05-30 21:03:20,509 INFO o.a.j.p.h.s.HTTPHCAbstractImpl: Local host = helios.cs.ifmo.ru
2026-05-30 21:03:20,515 INFO o.a.j.p.h.s.HTTPHC4Impl: HTTP request retry count = 0
2026-05-30 21:03:20,516 INFO o.a.j.s.SampleResult: Note: Sample TimeStamps are START times
2026-05-30 21:03:20,517 INFO o.a.j.s.SampleResult: sampleresult.default.encoding is set to UTF-8
2026-05-30 21:03:20,517 INFO o.a.j.s.SampleResult: sampleresult.useNanoTime=true
2026-05-30 21:03:20,517 INFO o.a.j.s.SampleResult: sampleresult.nanoThreadSleep=5000
2026-05-30 21:03:23,246 INFO o.a.j.t.JMeterThread: Thread started: Users 1-2
2026-05-30 21:03:24,458 INFO o.a.j.t.JMeterThread: Thread started: Users 1-3
2026-05-30 21:03:26,457 INFO o.a.j.t.JMeterThread: Thread started: Users 1-4
2026-05-30 21:03:28,457 INFO o.a.j.t.JMeterThread: Thread started: Users 1-5
2026-05-30 21:03:30,452 INFO o.a.j.r.Summariser: summary +     15 in 00:00:10 =    1.5/s Avg:   839 Min:   704 Max:  2675 Err:     0 (0.00%) Active: 5 Started: 5 Finished: 0
2026-05-30 21:04:00,448 INFO o.a.j.r.Summariser: summary +     49 in 00:00:30 =    1.6/s Avg:   714 Min:   713 Max:   716 Err:     0 (0.00%) Active: 5 Started: 5 Finished: 0
2026-05-30 21:04:00,448 INFO o.a.j.r.Summariser: summary =     64 in 00:00:40 =    1.6/s Avg:   743 Min:   704 Max:  2675 Err:     0 (0.00%)
2026-05-30 21:04:30,448 INFO o.a.j.r.Summariser: summary +     50 in 00:00:30 =    1.7/s Avg:   714 Min:   713 Max:   721 Err:     0 (0.00%) Active: 5 Started: 5 Finished: 0
2026-05-30 21:04:30,448 INFO o.a.j.r.Summariser: summary =    114 in 00:01:10 =    1.6/s Avg:   730 Min:   704 Max:  2675 Err:     0 (0.00%)
2026-05-30 21:05:00,448 INFO o.a.j.r.Summariser: summary +     50 in 00:00:30 =    1.7/s Avg:   714 Min:   713 Max:   717 Err:     0 (0.00%) Active: 5 Started: 5 Finished: 0
2026-05-30 21:05:00,448 INFO o.a.j.r.Summariser: summary =    164 in 00:01:40 =    1.6/s Avg:   725 Min:   704 Max:  2675 Err:     0 (0.00%)
2026-05-30 21:05:30,448 INFO o.a.j.r.Summariser: summary +     50 in 00:00:30 =    1.7/s Avg:   714 Min:   713 Max:   721 Err:     0 (0.00%) Active: 5 Started: 5 Finished: 0
2026-05-30 21:05:30,449 INFO o.a.j.r.Summariser: summary =    214 in 00:02:10 =    1.6/s Avg:   723 Min:   704 Max:  2675 Err:     0 (0.00%)
2026-05-30 21:06:00,447 INFO o.a.j.r.Summariser: summary +     50 in 00:00:30 =    1.7/s Avg:   714 Min:   713 Max:   715 Err:     0 (0.00%) Active: 5 Started: 5 Finished: 0
2026-05-30 21:06:00,448 INFO o.a.j.r.Summariser: summary =    264 in 00:02:40 =    1.6/s Avg:   721 Min:   704 Max:  2675 Err:     0 (0.00%)
2026-05-30 21:06:18,446 INFO o.a.j.t.JMeterThread: Thread finished: Users 1-4
2026-05-30 21:06:19,048 INFO o.a.j.t.JMeterThread: Thread finished: Users 1-3
2026-05-30 21:06:19,647 INFO o.a.j.t.JMeterThread: Thread finished: Users 1-2
2026-05-30 21:06:20,247 INFO o.a.j.t.JMeterThread: Thread finished: Users 1-5
2026-05-30 21:06:20,848 INFO o.a.j.t.JMeterThread: Stopping because end time detected by thread: Users 1-1
2026-05-30 21:06:20,848 INFO o.a.j.t.JMeterThread: Thread finished: Users 1-1
2026-05-30 21:06:20,849 INFO o.a.j.e.StandardJMeterEngine: Notifying test listeners of end of test
2026-05-30 21:06:20,849 INFO o.a.j.r.Summariser: summary +     34 in 00:00:20 =    1.7/s Avg:   714 Min:   713 Max:   715 Err:     0 (0.00%) Active: 0 Started: 5 Finished: 5
2026-05-30 21:06:20,850 INFO o.a.j.r.Summariser: summary =    298 in 00:03:00 =    1.7/s Avg:   720 Min:   704 Max:  2675 Err:     0 (0.00%)
2026-05-30 21:06:20,850 INFO o.a.j.JMeter: Generating Dashboard
2026-05-30 21:06:20,850 INFO o.a.j.r.d.ReportGenerator: Flushing result collector before report Generation
2026-05-30 21:06:20,859 INFO o.a.j.r.p.NormalizerSampleConsumer: Using format, 'ms', to parse timeStamp field
2026-05-30 21:06:20,954 INFO o.a.j.r.p.AbstractSampleConsumer: class org.apache.jmeter.report.processor.AggregateConsumer#stopProducing(): beginDate produced 0 samples
2026-05-30 21:06:20,954 INFO o.a.j.r.p.AbstractSampleConsumer: class org.apache.jmeter.report.processor.AggregateConsumer#stopProducing(): endDate produced 0 samples
2026-05-30 21:06:20,956 INFO o.a.j.r.p.AbstractSampleConsumer: class org.apache.jmeter.report.processor.ApdexSummaryConsumer#stopProducing(): apdexSummary produced 0 samples
2026-05-30 21:06:20,956 INFO o.a.j.r.p.AbstractSampleConsumer: class org.apache.jmeter.report.processor.RequestsSummaryConsumer#stopProducing(): requestsSummary produced 0 samples
2026-05-30 21:06:20,960 INFO o.a.j.r.p.AbstractSampleConsumer: class org.apache.jmeter.report.processor.StatisticsSummaryConsumer#stopProducing(): statisticsSummary produced 0 samples
2026-05-30 21:06:20,962 INFO o.a.j.r.p.AbstractSampleConsumer: class org.apache.jmeter.report.processor.Top5ErrorsBySamplerConsumer#stopProducing(): top5ErrorsBySampler produced 0 samples
2026-05-30 21:06:20,962 INFO o.a.j.r.p.AbstractSampleConsumer: class org.apache.jmeter.report.processor.ErrorsSummaryConsumer#stopProducing(): errorsSummary produced 0 samples
2026-05-30 21:06:20,962 INFO o.a.j.r.p.AbstractSampleConsumer: class org.apache.jmeter.report.processor.graph.impl.HitsPerSecondGraphConsumer#stopProducing(): hitsPerSecond produced 0 samples
2026-05-30 21:06:20,980 INFO o.a.j.r.p.AbstractSampleConsumer: class org.apache.jmeter.report.processor.graph.impl.LatencyVSRequestGraphConsumer#stopProducing(): latencyVsRequest produced 0 samples
2026-05-30 21:06:20,980 INFO o.a.j.r.p.AbstractSampleConsumer: class org.apache.jmeter.report.processor.graph.impl.SyntheticResponseTimeDistributionGraphConsumer#stopProducing(): syntheticResponseTimeDistribution produced 0 samples
2026-05-30 21:06:20,981 INFO o.a.j.r.p.AbstractSampleConsumer: class org.apache.jmeter.report.processor.graph.impl.BytesThroughputGraphConsumer#stopProducing(): bytesThroughputOverTime produced 0 samples
2026-05-30 21:06:20,981 INFO o.a.j.r.p.AbstractSampleConsumer: class org.apache.jmeter.report.processor.graph.impl.CodesPerSecondGraphConsumer#stopProducing(): codesPerSecond produced 0 samples
2026-05-30 21:06:20,988 INFO o.a.j.r.p.AbstractSampleConsumer: class org.apache.jmeter.report.processor.graph.impl.ResponseTimeVSRequestGraphConsumer#stopProducing(): responseTimeVsRequest produced 0 samples
2026-05-30 21:06:20,989 INFO o.a.j.r.p.AbstractSampleConsumer: class org.apache.jmeter.report.processor.FilterConsumer#stopProducing(): startIntervalControlerFilter produced 2086 samples
2026-05-30 21:06:20,989 INFO o.a.j.r.p.AbstractSampleConsumer: class org.apache.jmeter.report.processor.graph.impl.TotalTPSGraphConsumer#stopProducing(): totalTPS produced 0 samples
2026-05-30 21:06:20,989 INFO o.a.j.r.p.AbstractSampleConsumer: class org.apache.jmeter.report.processor.graph.impl.ActiveThreadsGraphConsumer#stopProducing(): activeThreadsOverTime produced 0 samples
2026-05-30 21:06:20,989 INFO o.a.j.r.p.AbstractSampleConsumer: class org.apache.jmeter.report.processor.graph.impl.TimeVSThreadGraphConsumer#stopProducing(): timeVsThreads produced 0 samples
2026-05-30 21:06:20,989 INFO o.a.j.r.p.AbstractSampleConsumer: class org.apache.jmeter.report.processor.graph.impl.ResponseTimeDistributionGraphConsumer#stopProducing(): responseTimeDistribution produced 0 samples
2026-05-30 21:06:20,989 INFO o.a.j.r.p.AbstractSampleConsumer: class org.apache.jmeter.report.processor.graph.impl.TransactionsPerSecondGraphConsumer#stopProducing(): transactionsPerSecond produced 0 samples
2026-05-30 21:06:20,990 INFO o.a.j.r.p.AbstractSampleConsumer: class org.apache.jmeter.report.processor.graph.impl.ResponseTimePercentilesGraphConsumer#stopProducing(): responseTimePercentiles produced 0 samples
2026-05-30 21:06:20,990 INFO o.a.j.r.p.AbstractSampleConsumer: class org.apache.jmeter.report.processor.graph.impl.ResponseTimePercentilesOverTimeGraphConsumer#stopProducing(): responseTimePercentilesOverTime produced 0 samples
2026-05-30 21:06:20,991 INFO o.a.j.r.p.AbstractSampleConsumer: class org.apache.jmeter.report.processor.graph.impl.ResponseTimeOverTimeGraphConsumer#stopProducing(): responseTimesOverTime produced 0 samples
2026-05-30 21:06:20,991 INFO o.a.j.r.p.AbstractSampleConsumer: class org.apache.jmeter.report.processor.graph.impl.ConnectTimeOverTimeGraphConsumer#stopProducing(): connectTimeOverTime produced 0 samples
2026-05-30 21:06:20,991 INFO o.a.j.r.p.AbstractSampleConsumer: class org.apache.jmeter.report.processor.graph.impl.LatencyOverTimeGraphConsumer#stopProducing(): latenciesOverTime produced 0 samples
2026-05-30 21:06:20,991 INFO o.a.j.r.p.AbstractSampleConsumer: class org.apache.jmeter.report.processor.FilterConsumer#stopProducing(): nameFilter produced 4470 samples
2026-05-30 21:06:20,991 INFO o.a.j.r.p.AbstractSampleConsumer: class org.apache.jmeter.report.processor.FilterConsumer#stopProducing(): dateRangeFilter produced 894 samples
2026-05-30 21:06:20,991 INFO o.a.j.r.p.AbstractSampleConsumer: class org.apache.jmeter.report.processor.NormalizerSampleConsumer#stopProducing(): normalizer produced 298 samples
2026-05-30 21:06:20,992 INFO o.a.j.r.p.CsvFileSampleSource: produce(): 298 samples produced in 110ms on channel 0
2026-05-30 21:06:20,992 INFO o.a.j.r.d.ReportGenerator: Exporting data using exporter:'json' of className:'org.apache.jmeter.report.dashboard.JsonExporter'
2026-05-30 21:06:21,076 INFO o.a.j.r.d.JsonExporter: Found data for consumer statisticsSummary in context
2026-05-30 21:06:21,076 INFO o.a.j.r.d.JsonExporter: Creating statistics for overall
2026-05-30 21:06:21,077 INFO o.a.j.r.d.JsonExporter: Creating statistics for other transactions
2026-05-30 21:06:21,077 INFO o.a.j.r.d.JsonExporter: Checking output folder
2026-05-30 21:06:21,078 INFO o.a.j.r.d.JsonExporter: Writing statistics JSON to /home/studs/s413122/lab4/results/report_cfg2/statistics.json
2026-05-30 21:06:21,118 INFO o.a.j.r.d.ReportGenerator: Exporting data using exporter:'html' of className:'org.apache.jmeter.report.dashboard.HtmlTemplateExporter'
2026-05-30 21:06:21,120 INFO o.a.j.r.d.HtmlTemplateExporter: Will generate dashboard in folder: /home/studs/s413122/lab4/results/report_cfg2
2026-05-30 21:06:21,221 INFO o.a.j.r.d.HtmlTemplateExporter: Report will be generated in: /home/studs/s413122/lab4/results/report_cfg2, creating folder structure
2026-05-30 21:06:21,223 INFO o.a.j.r.d.TemplateVisitor: Copying folder from '/home/studs/s413122/apache-jmeter-5.6.3/bin/report-template' to '/home/studs/s413122/lab4/results/report_cfg2', got message: /home/studs/s413122/lab4/results/report_cfg2, found non empty folder with following content [/home/studs/s413122/lab4/results/report_cfg2/statistics.json], will be ignored
2026-05-30 21:06:21,434 INFO o.a.j.JMeter: Dashboard generated
