2026-04-25T16:28:15.230+03:00  INFO 16016 --- [youtube-monetization] [main] org.example.LabaApplication              : Starting LabaApplication using Java 17.0.11 with PID 16016 (C:\ITMO_University\blps\laba2\target\classes started by verdi in C:\ITMO_University\blps\laba2)
2026-04-25T16:28:15.234+03:00  INFO 16016 --- [youtube-monetization] [main] org.example.LabaApplication              : No active profile set, falling back to 1 default profile: "default"
2026-04-25T16:28:15.801+03:00  INFO 16016 --- [youtube-monetization] [main] .s.d.r.c.RepositoryConfigurationDelegate : Bootstrapping Spring Data JPA repositories in DEFAULT mode.
2026-04-25T16:28:15.881+03:00  INFO 16016 --- [youtube-monetization] [main] .s.d.r.c.RepositoryConfigurationDelegate : Finished Spring Data repository scanning in 73 ms. Found 4 JPA repository interfaces.
2026-04-25T16:28:16.508+03:00  INFO 16016 --- [youtube-monetization] [main] o.s.b.w.embedded.tomcat.TomcatWebServer  : Tomcat initialized with port 8080 (http)
2026-04-25T16:28:16.522+03:00  INFO 16016 --- [youtube-monetization] [main] o.apache.catalina.core.StandardService   : Starting service [Tomcat]
2026-04-25T16:28:16.522+03:00  INFO 16016 --- [youtube-monetization] [main] o.apache.catalina.core.StandardEngine    : Starting Servlet engine: [Apache Tomcat/10.1.20]
2026-04-25T16:28:16.597+03:00  INFO 16016 --- [youtube-monetization] [main] o.a.c.c.C.[Tomcat].[localhost].[/]       : Initializing Spring embedded WebApplicationContext
2026-04-25T16:28:16.598+03:00  INFO 16016 --- [youtube-monetization] [main] w.s.c.ServletWebServerApplicationContext : Root WebApplicationContext: initialization completed in 1330 ms
2026-04-25T16:28:16.808+03:00  INFO 16016 --- [youtube-monetization] [main] com.arjuna.ats.jbossatx                  : ARJUNA032010: JBossTS Recovery Service (tag: ab602708a6dddad5ef4e6ffa8fa1637c6ac926aa) - JBoss Inc.
2026-04-25T16:28:16.853+03:00  INFO 16016 --- [youtube-monetization] [main] com.arjuna.ats.jbossatx                  : ARJUNA032013: Starting transaction recovery manager
2026-04-25T16:28:16.919+03:00 DEBUG 16016 --- [youtube-monetization] [main] o.s.t.jta.JtaTransactionManager          : Using JTA UserTransaction: Transaction: unknown
2026-04-25T16:28:16.919+03:00 DEBUG 16016 --- [youtube-monetization] [main] o.s.t.jta.JtaTransactionManager          : Using JTA TransactionManager: Transaction: unknown
2026-04-25T16:28:16.919+03:00 DEBUG 16016 --- [youtube-monetization] [main] o.s.t.jta.JtaTransactionManager          : Using JTA TransactionSynchronizationRegistry: com.arjuna.ats.internal.jta.transaction.arjunacore.TransactionSynchronizationRegistryImple@1b4872bc
2026-04-25T16:28:16.976+03:00  INFO 16016 --- [youtube-monetization] [main] o.hibernate.jpa.internal.util.LogHelper  : HHH000204: Processing PersistenceUnitInfo [name: default]
2026-04-25T16:28:17.042+03:00  INFO 16016 --- [youtube-monetization] [main] org.hibernate.Version                    : HHH000412: Hibernate ORM core version 6.4.4.Final
2026-04-25T16:28:17.080+03:00  INFO 16016 --- [youtube-monetization] [main] o.h.c.internal.RegionFactoryInitiator    : HHH000026: Second-level cache disabled
2026-04-25T16:28:17.322+03:00  INFO 16016 --- [youtube-monetization] [main] o.s.o.j.p.SpringPersistenceUnitInfo      : No LoadTimeWeaver setup: ignoring JPA class transformer
2026-04-25T16:28:17.340+03:00  INFO 16016 --- [youtube-monetization] [main] o.h.e.t.j.p.i.JtaPlatformInitiator       : HHH000490: Using JTA platform [org.springframework.boot.orm.jpa.hibernate.SpringJtaPlatform]
2026-04-25T16:28:17.535+03:00  WARN 16016 --- [youtube-monetization] [main] org.hibernate.orm.deprecation            : HHH90000025: PostgreSQLDialect does not need to be specified explicitly using 'hibernate.dialect' (remove the property setting and it will be selected by default)
2026-04-25T16:28:18.546+03:00  WARN 16016 --- [youtube-monetization] [main] o.h.engine.jdbc.spi.SqlExceptionHelper   : SQL Warning Code: 0, SQLState: 00000
2026-04-25T16:28:18.554+03:00  WARN 16016 --- [youtube-monetization] [main] o.h.engine.jdbc.spi.SqlExceptionHelper   : ограничение "uk_6dotkott2kjsp8vw4d0m25fb7" в таблице "users" не существует, пропускается
2026-04-25T16:28:18.556+03:00  WARN 16016 --- [youtube-monetization] [main] o.h.engine.jdbc.spi.SqlExceptionHelper   : SQL Warning Code: 0, SQLState: 00000
2026-04-25T16:28:18.556+03:00  WARN 16016 --- [youtube-monetization] [main] o.h.engine.jdbc.spi.SqlExceptionHelper   : ограничение "uk_r43af9ap4edm43mmtq01oddj6" в таблице "users" не существует, пропускается
2026-04-25T16:28:18.569+03:00  INFO 16016 --- [youtube-monetization] [main] j.LocalContainerEntityManagerFactoryBean : Initialized JPA EntityManagerFactory for persistence unit 'default'
2026-04-25T16:28:19.185+03:00  WARN 16016 --- [youtube-monetization] [main] JpaBaseConfiguration$JpaWebConfiguration : spring.jpa.open-in-view is enabled by default. Therefore, database queries may be performed during view rendering. Explicitly configure spring.jpa.open-in-view to disable this warning
2026-04-25T16:28:19.438+03:00  INFO 16016 --- [youtube-monetization] [main] o.s.s.web.DefaultSecurityFilterChain     : Will secure any request with [org.springframework.security.web.session.DisableEncodeUrlFilter@374013e8, org.springframework.security.web.context.request.async.WebAsyncManagerIntegrationFilter@712dd0b0, org.springframework.security.web.context.SecurityContextHolderFilter@6779959d, org.springframework.security.web.header.HeaderWriterFilter@62818ab0, org.springframework.web.filter.CorsFilter@6b3284, org.springframework.security.web.authentication.logout.LogoutFilter@307ba188, org.example.security.JwtAuthenticationFilter@252d2ac0, org.springframework.security.web.savedrequest.RequestCacheAwareFilter@294c36b9, org.springframework.security.web.servletapi.SecurityContextHolderAwareRequestFilter@6b23897a, org.springframework.security.web.authentication.AnonymousAuthenticationFilter@500beb9f, org.springframework.security.web.session.SessionManagementFilter@31ecb361, org.springframework.security.web.access.ExceptionTranslationFilter@4cb939d5, org.springframework.security.web.access.intercept.AuthorizationFilter@2a5d9ede]
2026-04-25T16:28:19.626+03:00  INFO 16016 --- [youtube-monetization] [main] o.s.b.w.embedded.tomcat.TomcatWebServer  : Tomcat started on port 8080 (http) with context path ''
2026-04-25T16:28:19.634+03:00  INFO 16016 --- [youtube-monetization] [main] org.example.LabaApplication              : Started LabaApplication in 4.765 seconds (process running for 5.09)
2026-04-25T16:29:12.883+03:00  INFO 16016 --- [youtube-monetization] [http-nio-8080-exec-1] o.a.c.c.C.[Tomcat].[localhost].[/]       : Initializing Spring DispatcherServlet 'dispatcherServlet'
2026-04-25T16:29:12.883+03:00  INFO 16016 --- [youtube-monetization] [http-nio-8080-exec-1] o.s.web.servlet.DispatcherServlet        : Initializing Servlet 'dispatcherServlet'
2026-04-25T16:29:12.883+03:00  INFO 16016 --- [youtube-monetization] [http-nio-8080-exec-1] o.s.web.servlet.DispatcherServlet        : Completed initialization in 0 ms
2026-04-25T16:29:12.999+03:00 DEBUG 16016 --- [youtube-monetization] [http-nio-8080-exec-1] o.s.t.jta.JtaTransactionManager          : Creating new transaction with name [org.example.service.AuthService.register]: PROPAGATION_REQUIRED,ISOLATION_DEFAULT
2026-04-25T16:29:12.999+03:00  INFO 16016 --- [youtube-monetization] [http-nio-8080-exec-1] com.arjuna.ats.arjuna                    : ARJUNA012170: TransactionStatusManager started on port 64057 and host 127.0.0.1 with service com.arjuna.ats.arjuna.recovery.ActionStatusService
2026-04-25T16:29:13.109+03:00  INFO 16016 --- [youtube-monetization] [http-nio-8080-exec-1] com.arjuna.ats.jdbc                      : ARJUNA017008: No modifier information found for db. Connection will be closed immediately Pooled connection wrapping physical connection org.postgresql.jdbc.PgConnection@2ddc7342
2026-04-25T16:29:13.116+03:00  INFO 16016 --- [youtube-monetization] [http-nio-8080-exec-1] com.arjuna.ats.jdbc                      : ARJUNA017008: No modifier information found for db. Connection will be closed immediately Pooled connection wrapping physical connection org.postgresql.jdbc.PgConnection@2ddc7342
2026-04-25T16:29:13.184+03:00 DEBUG 16016 --- [youtube-monetization] [http-nio-8080-exec-1] o.s.t.jta.JtaTransactionManager          : Participating in existing transaction
2026-04-25T16:29:13.200+03:00  INFO 16016 --- [youtube-monetization] [http-nio-8080-exec-1] com.arjuna.ats.jdbc                      : ARJUNA017008: No modifier information found for db. Connection will be closed immediately Pooled connection wrapping physical connection org.postgresql.jdbc.PgConnection@2ddc7342
2026-04-25T16:29:13.216+03:00  INFO 16016 --- [youtube-monetization] [http-nio-8080-exec-1] org.example.service.AuthService          : Зарегистрирован пользователь id=1, username=blps_moderator
2026-04-25T16:29:13.232+03:00 DEBUG 16016 --- [youtube-monetization] [http-nio-8080-exec-1] o.s.t.jta.JtaTransactionManager          : Initiating transaction commit
2026-04-25T16:29:17.132+03:00 DEBUG 16016 --- [youtube-monetization] [http-nio-8080-exec-2] o.s.t.jta.JtaTransactionManager          : Creating new transaction with name [org.example.security.CustomUserDetailsService.loadUserByUsername]: PROPAGATION_REQUIRED,ISOLATION_DEFAULT,readOnly
2026-04-25T16:29:17.138+03:00  INFO 16016 --- [youtube-monetization] [http-nio-8080-exec-2] com.arjuna.ats.jdbc                      : ARJUNA017008: No modifier information found for db. Connection will be closed immediately Pooled connection wrapping physical connection org.postgresql.jdbc.PgConnection@2ddc7342
2026-04-25T16:29:17.152+03:00 DEBUG 16016 --- [youtube-monetization] [http-nio-8080-exec-2] o.s.t.jta.JtaTransactionManager          : Initiating transaction commit
2026-04-25T16:29:17.223+03:00  INFO 16016 --- [youtube-monetization] [http-nio-8080-exec-2] org.example.service.AuthService          : Пользователь blps_moderator вошёл в систему
2026-04-25T16:29:19.967+03:00 DEBUG 16016 --- [youtube-monetization] [http-nio-8080-exec-3] o.s.t.jta.JtaTransactionManager          : Creating new transaction with name [org.example.service.AuthService.register]: PROPAGATION_REQUIRED,ISOLATION_DEFAULT
2026-04-25T16:29:19.972+03:00  INFO 16016 --- [youtube-monetization] [http-nio-8080-exec-3] com.arjuna.ats.jdbc                      : ARJUNA017008: No modifier information found for db. Connection will be closed immediately Pooled connection wrapping physical connection org.postgresql.jdbc.PgConnection@2ddc7342
2026-04-25T16:29:19.972+03:00  INFO 16016 --- [youtube-monetization] [http-nio-8080-exec-3] com.arjuna.ats.jdbc                      : ARJUNA017008: No modifier information found for db. Connection will be closed immediately Pooled connection wrapping physical connection org.postgresql.jdbc.PgConnection@2ddc7342
2026-04-25T16:29:20.043+03:00 DEBUG 16016 --- [youtube-monetization] [http-nio-8080-exec-3] o.s.t.jta.JtaTransactionManager          : Participating in existing transaction
2026-04-25T16:29:20.046+03:00  INFO 16016 --- [youtube-monetization] [http-nio-8080-exec-3] com.arjuna.ats.jdbc                      : ARJUNA017008: No modifier information found for db. Connection will be closed immediately Pooled connection wrapping physical connection org.postgresql.jdbc.PgConnection@2ddc7342
2026-04-25T16:29:20.049+03:00  INFO 16016 --- [youtube-monetization] [http-nio-8080-exec-3] org.example.service.AuthService          : Зарегистрирован пользователь id=2, username=blps_user
2026-04-25T16:29:20.050+03:00 DEBUG 16016 --- [youtube-monetization] [http-nio-8080-exec-3] o.s.t.jta.JtaTransactionManager          : Initiating transaction commit
2026-04-25T16:29:24.603+03:00 DEBUG 16016 --- [youtube-monetization] [http-nio-8080-exec-4] o.s.t.jta.JtaTransactionManager          : Creating new transaction with name [org.example.security.CustomUserDetailsService.loadUserByUsername]: PROPAGATION_REQUIRED,ISOLATION_DEFAULT,readOnly
2026-04-25T16:29:24.604+03:00  INFO 16016 --- [youtube-monetization] [http-nio-8080-exec-4] com.arjuna.ats.jdbc                      : ARJUNA017008: No modifier information found for db. Connection will be closed immediately Pooled connection wrapping physical connection org.postgresql.jdbc.PgConnection@2ddc7342
2026-04-25T16:29:24.607+03:00 DEBUG 16016 --- [youtube-monetization] [http-nio-8080-exec-4] o.s.t.jta.JtaTransactionManager          : Initiating transaction commit
2026-04-25T16:29:24.676+03:00  INFO 16016 --- [youtube-monetization] [http-nio-8080-exec-4] org.example.service.AuthService          : Пользователь blps_user вошёл в систему
2026-04-25T16:29:31.642+03:00 DEBUG 16016 --- [youtube-monetization] [http-nio-8080-exec-5] o.s.t.jta.JtaTransactionManager          : Creating new transaction with name [org.example.security.CustomUserDetailsService.loadUserByUsername]: PROPAGATION_REQUIRED,ISOLATION_DEFAULT,readOnly
2026-04-25T16:29:31.650+03:00  INFO 16016 --- [youtube-monetization] [http-nio-8080-exec-5] com.arjuna.ats.jdbc                      : ARJUNA017008: No modifier information found for db. Connection will be closed immediately Pooled connection wrapping physical connection org.postgresql.jdbc.PgConnection@2ddc7342
2026-04-25T16:29:31.652+03:00 DEBUG 16016 --- [youtube-monetization] [http-nio-8080-exec-5] o.s.t.jta.JtaTransactionManager          : Initiating transaction commit
2026-04-25T16:29:31.698+03:00 DEBUG 16016 --- [youtube-monetization] [http-nio-8080-exec-5] o.s.t.jta.JtaTransactionManager          : Creating new transaction with name [org.example.service.VideoService.uploadVideoFile]: PROPAGATION_REQUIRED,ISOLATION_DEFAULT
2026-04-25T16:29:31.699+03:00 DEBUG 16016 --- [youtube-monetization] [http-nio-8080-exec-5] o.s.t.jta.JtaTransactionManager          : Participating in existing transaction
2026-04-25T16:29:31.705+03:00  INFO 16016 --- [youtube-monetization] [http-nio-8080-exec-5] org.example.service.ValidationService    : Валидация файла пройдена: sample-5s.mp4, размер: 2848208 байт
2026-04-25T16:29:31.842+03:00  INFO 16016 --- [youtube-monetization] [http-nio-8080-exec-5] org.example.service.MinioService         : Создан бакет MinIO: uploaded-videos
2026-04-25T16:29:31.909+03:00  INFO 16016 --- [youtube-monetization] [http-nio-8080-exec-5] org.example.service.MinioService         : Файл 'video_1c6f498d-ea74-415d-a255-452a3c593fe3.mp4' загружен в бакет 'uploaded-videos'
2026-04-25T16:29:31.909+03:00 DEBUG 16016 --- [youtube-monetization] [http-nio-8080-exec-5] o.s.t.jta.JtaTransactionManager          : Participating in existing transaction
2026-04-25T16:29:31.916+03:00  INFO 16016 --- [youtube-monetization] [http-nio-8080-exec-5] com.arjuna.ats.jdbc                      : ARJUNA017008: No modifier information found for db. Connection will be closed immediately Pooled connection wrapping physical connection org.postgresql.jdbc.PgConnection@2ddc7342
2026-04-25T16:29:31.916+03:00  INFO 16016 --- [youtube-monetization] [http-nio-8080-exec-5] org.example.service.VideoService         : Видео id=1 загружено в MinIO, userId=2
2026-04-25T16:29:31.916+03:00 DEBUG 16016 --- [youtube-monetization] [http-nio-8080-exec-5] o.s.t.jta.JtaTransactionManager          : Initiating transaction commit
2026-04-25T16:29:35.263+03:00 DEBUG 16016 --- [youtube-monetization] [http-nio-8080-exec-6] o.s.t.jta.JtaTransactionManager          : Creating new transaction with name [org.example.security.CustomUserDetailsService.loadUserByUsername]: PROPAGATION_REQUIRED,ISOLATION_DEFAULT,readOnly
2026-04-25T16:29:35.264+03:00  INFO 16016 --- [youtube-monetization] [http-nio-8080-exec-6] com.arjuna.ats.jdbc                      : ARJUNA017008: No modifier information found for db. Connection will be closed immediately Pooled connection wrapping physical connection org.postgresql.jdbc.PgConnection@2ddc7342
2026-04-25T16:29:35.264+03:00 DEBUG 16016 --- [youtube-monetization] [http-nio-8080-exec-6] o.s.t.jta.JtaTransactionManager          : Initiating transaction commit
2026-04-25T16:29:35.272+03:00 DEBUG 16016 --- [youtube-monetization] [http-nio-8080-exec-6] o.s.t.jta.JtaTransactionManager          : Creating new transaction with name [org.example.service.VideoService.updateVideoInfo]: PROPAGATION_REQUIRED,ISOLATION_DEFAULT
2026-04-25T16:29:35.273+03:00 DEBUG 16016 --- [youtube-monetization] [http-nio-8080-exec-6] o.s.t.jta.JtaTransactionManager          : Participating in existing transaction
2026-04-25T16:29:35.275+03:00  INFO 16016 --- [youtube-monetization] [http-nio-8080-exec-6] com.arjuna.ats.jdbc                      : ARJUNA017008: No modifier information found for db. Connection will be closed immediately Pooled connection wrapping physical connection org.postgresql.jdbc.PgConnection@2ddc7342
2026-04-25T16:29:35.278+03:00 DEBUG 16016 --- [youtube-monetization] [http-nio-8080-exec-6] o.s.t.jta.JtaTransactionManager          : Participating in existing transaction
2026-04-25T16:29:35.278+03:00  INFO 16016 --- [youtube-monetization] [http-nio-8080-exec-6] org.example.service.VideoService         : Информация о видео id=1 обновлена, статус ? DRAFT
2026-04-25T16:29:35.278+03:00 DEBUG 16016 --- [youtube-monetization] [http-nio-8080-exec-6] o.s.t.jta.JtaTransactionManager          : Initiating transaction commit
2026-04-25T16:29:35.285+03:00  INFO 16016 --- [youtube-monetization] [http-nio-8080-exec-6] com.arjuna.ats.jdbc                      : ARJUNA017008: No modifier information found for db. Connection will be closed immediately Pooled connection wrapping physical connection org.postgresql.jdbc.PgConnection@2ddc7342
2026-04-25T16:29:40.185+03:00 DEBUG 16016 --- [youtube-monetization] [http-nio-8080-exec-7] o.s.t.jta.JtaTransactionManager          : Creating new transaction with name [org.example.security.CustomUserDetailsService.loadUserByUsername]: PROPAGATION_REQUIRED,ISOLATION_DEFAULT,readOnly
2026-04-25T16:29:40.188+03:00  INFO 16016 --- [youtube-monetization] [http-nio-8080-exec-7] com.arjuna.ats.jdbc                      : ARJUNA017008: No modifier information found for db. Connection will be closed immediately Pooled connection wrapping physical connection org.postgresql.jdbc.PgConnection@2ddc7342
2026-04-25T16:29:40.189+03:00 DEBUG 16016 --- [youtube-monetization] [http-nio-8080-exec-7] o.s.t.jta.JtaTransactionManager          : Initiating transaction commit
2026-04-25T16:29:40.200+03:00 DEBUG 16016 --- [youtube-monetization] [http-nio-8080-exec-7] o.s.t.jta.JtaTransactionManager          : Creating new transaction with name [org.example.service.VideoService.submitForPublication]: PROPAGATION_REQUIRED,ISOLATION_DEFAULT
2026-04-25T16:29:40.201+03:00 DEBUG 16016 --- [youtube-monetization] [http-nio-8080-exec-7] o.s.t.jta.JtaTransactionManager          : Participating in existing transaction
2026-04-25T16:29:40.201+03:00  INFO 16016 --- [youtube-monetization] [http-nio-8080-exec-7] com.arjuna.ats.jdbc                      : ARJUNA017008: No modifier information found for db. Connection will be closed immediately Pooled connection wrapping physical connection org.postgresql.jdbc.PgConnection@2ddc7342
2026-04-25T16:29:40.204+03:00 DEBUG 16016 --- [youtube-monetization] [http-nio-8080-exec-7] o.s.t.jta.JtaTransactionManager          : Participating in existing transaction
2026-04-25T16:29:40.204+03:00  INFO 16016 --- [youtube-monetization] [http-nio-8080-exec-7] org.example.service.VideoService         : Видео id=1 отправлено на проверку модератором, статус ? PENDING_PUBLICATION
2026-04-25T16:29:40.204+03:00 DEBUG 16016 --- [youtube-monetization] [http-nio-8080-exec-7] o.s.t.jta.JtaTransactionManager          : Initiating transaction commit
2026-04-25T16:29:40.205+03:00  INFO 16016 --- [youtube-monetization] [http-nio-8080-exec-7] com.arjuna.ats.jdbc                      : ARJUNA017008: No modifier information found for db. Connection will be closed immediately Pooled connection wrapping physical connection org.postgresql.jdbc.PgConnection@2ddc7342
2026-04-25T16:30:09.272+03:00 DEBUG 16016 --- [youtube-monetization] [http-nio-8080-exec-1] o.s.t.jta.JtaTransactionManager          : Creating new transaction with name [org.example.security.CustomUserDetailsService.loadUserByUsername]: PROPAGATION_REQUIRED,ISOLATION_DEFAULT,readOnly
2026-04-25T16:30:09.276+03:00  INFO 16016 --- [youtube-monetization] [http-nio-8080-exec-1] com.arjuna.ats.jdbc                      : ARJUNA017008: No modifier information found for db. Connection will be closed immediately Pooled connection wrapping physical connection org.postgresql.jdbc.PgConnection@2ddc7342
2026-04-25T16:30:09.277+03:00 DEBUG 16016 --- [youtube-monetization] [http-nio-8080-exec-1] o.s.t.jta.JtaTransactionManager          : Initiating transaction commit
2026-04-25T16:30:09.301+03:00 DEBUG 16016 --- [youtube-monetization] [http-nio-8080-exec-1] o.s.t.jta.JtaTransactionManager          : Creating new transaction with name [org.example.service.VideoService.getPendingPublicationVideos]: PROPAGATION_REQUIRED,ISOLATION_DEFAULT,readOnly
2026-04-25T16:30:09.301+03:00  INFO 16016 --- [youtube-monetization] [http-nio-8080-exec-1] com.arjuna.ats.jdbc                      : ARJUNA017008: No modifier information found for db. Connection will be closed immediately Pooled connection wrapping physical connection org.postgresql.jdbc.PgConnection@2ddc7342
2026-04-25T16:30:09.305+03:00 DEBUG 16016 --- [youtube-monetization] [http-nio-8080-exec-1] o.s.t.jta.JtaTransactionManager          : Initiating transaction commit
2026-04-25T16:30:14.647+03:00 DEBUG 16016 --- [youtube-monetization] [http-nio-8080-exec-2] o.s.t.jta.JtaTransactionManager          : Creating new transaction with name [org.example.security.CustomUserDetailsService.loadUserByUsername]: PROPAGATION_REQUIRED,ISOLATION_DEFAULT,readOnly
2026-04-25T16:30:14.649+03:00  INFO 16016 --- [youtube-monetization] [http-nio-8080-exec-2] com.arjuna.ats.jdbc                      : ARJUNA017008: No modifier information found for db. Connection will be closed immediately Pooled connection wrapping physical connection org.postgresql.jdbc.PgConnection@2ddc7342
2026-04-25T16:30:14.649+03:00 DEBUG 16016 --- [youtube-monetization] [http-nio-8080-exec-2] o.s.t.jta.JtaTransactionManager          : Initiating transaction commit
2026-04-25T16:30:14.654+03:00 DEBUG 16016 --- [youtube-monetization] [http-nio-8080-exec-2] o.s.t.jta.JtaTransactionManager          : Creating new transaction with name [org.springframework.data.jpa.repository.support.SimpleJpaRepository.findById]: PROPAGATION_REQUIRED,ISOLATION_DEFAULT,readOnly
2026-04-25T16:30:14.654+03:00  INFO 16016 --- [youtube-monetization] [http-nio-8080-exec-2] com.arjuna.ats.jdbc                      : ARJUNA017008: No modifier information found for db. Connection will be closed immediately Pooled connection wrapping physical connection org.postgresql.jdbc.PgConnection@2ddc7342
2026-04-25T16:30:14.656+03:00 DEBUG 16016 --- [youtube-monetization] [http-nio-8080-exec-2] o.s.t.jta.JtaTransactionManager          : Initiating transaction commit
2026-04-25T16:30:14.669+03:00  INFO 16016 --- [youtube-monetization] [http-nio-8080-exec-2] org.example.service.MinioService         : Создан бакет MinIO: published-videos
2026-04-25T16:30:14.690+03:00  INFO 16016 --- [youtube-monetization] [http-nio-8080-exec-2] org.example.service.MinioService         : Файл 'video_1c6f498d-ea74-415d-a255-452a3c593fe3.mp4' скопирован из 'uploaded-videos' в 'published-videos'
2026-04-25T16:30:14.690+03:00 DEBUG 16016 --- [youtube-monetization] [http-nio-8080-exec-2] o.s.t.jta.JtaTransactionManager          : Creating new transaction with name [null]: PROPAGATION_REQUIRED,ISOLATION_DEFAULT
2026-04-25T16:30:14.690+03:00 DEBUG 16016 --- [youtube-monetization] [http-nio-8080-exec-2] o.s.t.jta.JtaTransactionManager          : Participating in existing transaction
2026-04-25T16:30:14.690+03:00 DEBUG 16016 --- [youtube-monetization] [http-nio-8080-exec-2] o.s.t.jta.JtaTransactionManager          : Participating in existing transaction
2026-04-25T16:30:14.690+03:00  INFO 16016 --- [youtube-monetization] [http-nio-8080-exec-2] org.example.service.VideoService         : Видео id=1 опубликовано модератором (JTA-транзакция)
2026-04-25T16:30:14.690+03:00 DEBUG 16016 --- [youtube-monetization] [http-nio-8080-exec-2] o.s.t.jta.JtaTransactionManager          : Initiating transaction commit
2026-04-25T16:30:14.690+03:00  INFO 16016 --- [youtube-monetization] [http-nio-8080-exec-2] com.arjuna.ats.jdbc                      : ARJUNA017008: No modifier information found for db. Connection will be closed immediately Pooled connection wrapping physical connection org.postgresql.jdbc.PgConnection@2ddc7342
2026-04-25T16:30:31.838+03:00  INFO 16016 --- [youtube-monetization] [SpringApplicationShutdownHook] j.LocalContainerEntityManagerFactoryBean : Closing JPA EntityManagerFactory for persistence unit 'default'
2026-04-25T16:30:31.838+03:00  INFO 16016 --- [youtube-monetization] [SpringApplicationShutdownHook] com.arjuna.ats.jbossatx                  : ARJUNA032014: Stopping transaction recovery manager
2026-04-25T18:23:23.853+03:00  INFO 9212 --- [youtube-monetization] [main] org.example.LabaApplication              : Starting LabaApplication using Java 17.0.11 with PID 9212 (C:\ITMO_University\blps\laba2\target\classes started by verdi in C:\ITMO_University\blps\laba2)
2026-04-25T18:23:23.856+03:00  INFO 9212 --- [youtube-monetization] [main] org.example.LabaApplication              : No active profile set, falling back to 1 default profile: "default"
2026-04-25T18:23:24.582+03:00  INFO 9212 --- [youtube-monetization] [main] .s.d.r.c.RepositoryConfigurationDelegate : Bootstrapping Spring Data JPA repositories in DEFAULT mode.
2026-04-25T18:23:24.669+03:00  INFO 9212 --- [youtube-monetization] [main] .s.d.r.c.RepositoryConfigurationDelegate : Finished Spring Data repository scanning in 79 ms. Found 4 JPA repository interfaces.
2026-04-25T18:23:25.334+03:00  INFO 9212 --- [youtube-monetization] [main] o.s.b.w.embedded.tomcat.TomcatWebServer  : Tomcat initialized with port 8080 (http)
2026-04-25T18:23:25.350+03:00  INFO 9212 --- [youtube-monetization] [main] o.apache.catalina.core.StandardService   : Starting service [Tomcat]
2026-04-25T18:23:25.350+03:00  INFO 9212 --- [youtube-monetization] [main] o.apache.catalina.core.StandardEngine    : Starting Servlet engine: [Apache Tomcat/10.1.20]
2026-04-25T18:23:25.431+03:00  INFO 9212 --- [youtube-monetization] [main] o.a.c.c.C.[Tomcat].[localhost].[/]       : Initializing Spring embedded WebApplicationContext
2026-04-25T18:23:25.431+03:00  INFO 9212 --- [youtube-monetization] [main] w.s.c.ServletWebServerApplicationContext : Root WebApplicationContext: initialization completed in 1533 ms
2026-04-25T18:23:25.702+03:00  INFO 9212 --- [youtube-monetization] [main] com.arjuna.ats.jbossatx                  : ARJUNA032010: JBossTS Recovery Service (tag: ab602708a6dddad5ef4e6ffa8fa1637c6ac926aa) - JBoss Inc.
2026-04-25T18:23:25.751+03:00  INFO 9212 --- [youtube-monetization] [main] com.arjuna.ats.jbossatx                  : ARJUNA032013: Starting transaction recovery manager
2026-04-25T18:23:25.820+03:00 DEBUG 9212 --- [youtube-monetization] [main] o.s.t.jta.JtaTransactionManager          : Using JTA UserTransaction: Transaction: unknown
2026-04-25T18:23:25.826+03:00 DEBUG 9212 --- [youtube-monetization] [main] o.s.t.jta.JtaTransactionManager          : Using JTA TransactionManager: Transaction: unknown
2026-04-25T18:23:25.826+03:00 DEBUG 9212 --- [youtube-monetization] [main] o.s.t.jta.JtaTransactionManager          : Using JTA TransactionSynchronizationRegistry: com.arjuna.ats.internal.jta.transaction.arjunacore.TransactionSynchronizationRegistryImple@72028a45
2026-04-25T18:23:25.899+03:00  INFO 9212 --- [youtube-monetization] [main] o.hibernate.jpa.internal.util.LogHelper  : HHH000204: Processing PersistenceUnitInfo [name: default]
2026-04-25T18:23:25.980+03:00  INFO 9212 --- [youtube-monetization] [main] org.hibernate.Version                    : HHH000412: Hibernate ORM core version 6.4.4.Final
2026-04-25T18:23:26.015+03:00  INFO 9212 --- [youtube-monetization] [main] o.h.c.internal.RegionFactoryInitiator    : HHH000026: Second-level cache disabled
2026-04-25T18:23:26.288+03:00  INFO 9212 --- [youtube-monetization] [main] o.s.o.j.p.SpringPersistenceUnitInfo      : No LoadTimeWeaver setup: ignoring JPA class transformer
2026-04-25T18:23:26.314+03:00  INFO 9212 --- [youtube-monetization] [main] o.h.e.t.j.p.i.JtaPlatformInitiator       : HHH000490: Using JTA platform [org.springframework.boot.orm.jpa.hibernate.SpringJtaPlatform]
2026-04-25T18:23:26.549+03:00  WARN 9212 --- [youtube-monetization] [main] org.hibernate.orm.deprecation            : HHH90000025: PostgreSQLDialect does not need to be specified explicitly using 'hibernate.dialect' (remove the property setting and it will be selected by default)
2026-04-25T18:23:27.638+03:00  INFO 9212 --- [youtube-monetization] [main] j.LocalContainerEntityManagerFactoryBean : Initialized JPA EntityManagerFactory for persistence unit 'default'
2026-04-25T18:23:28.384+03:00  WARN 9212 --- [youtube-monetization] [main] JpaBaseConfiguration$JpaWebConfiguration : spring.jpa.open-in-view is enabled by default. Therefore, database queries may be performed during view rendering. Explicitly configure spring.jpa.open-in-view to disable this warning
2026-04-25T18:23:28.693+03:00  INFO 9212 --- [youtube-monetization] [main] o.s.s.web.DefaultSecurityFilterChain     : Will secure any request with [org.springframework.security.web.session.DisableEncodeUrlFilter@752e50c6, org.springframework.security.web.context.request.async.WebAsyncManagerIntegrationFilter@2bef33e7, org.springframework.security.web.context.SecurityContextHolderFilter@374013e8, org.springframework.security.web.header.HeaderWriterFilter@3c6d3ba, org.springframework.web.filter.CorsFilter@5bd191c2, org.springframework.security.web.authentication.logout.LogoutFilter@7cddc50f, org.example.security.JwtAuthenticationFilter@5e085259, org.springframework.security.web.savedrequest.RequestCacheAwareFilter@6b3284, org.springframework.security.web.servletapi.SecurityContextHolderAwareRequestFilter@500beb9f, org.springframework.security.web.authentication.AnonymousAuthenticationFilter@51806858, org.springframework.security.web.session.SessionManagementFilter@2a5d9ede, org.springframework.security.web.access.ExceptionTranslationFilter@3ed2a30c, org.springframework.security.web.access.intercept.AuthorizationFilter@380cd266]
2026-04-25T18:23:28.903+03:00  INFO 9212 --- [youtube-monetization] [main] o.s.b.w.embedded.tomcat.TomcatWebServer  : Tomcat started on port 8080 (http) with context path ''
2026-04-25T18:23:28.908+03:00  INFO 9212 --- [youtube-monetization] [main] org.example.LabaApplication              : Started LabaApplication in 5.525 seconds (process running for 5.914)
2026-04-25T18:40:59.306+03:00  INFO 9212 --- [youtube-monetization] [SpringApplicationShutdownHook] j.LocalContainerEntityManagerFactoryBean : Closing JPA EntityManagerFactory for persistence unit 'default'
2026-04-25T18:40:59.312+03:00  INFO 9212 --- [youtube-monetization] [SpringApplicationShutdownHook] com.arjuna.ats.jbossatx                  : ARJUNA032014: Stopping transaction recovery manager
